=== Pipeline Start für 2004 @ 2025-04-12T13:38:12.656809 ===

▶️ 01_fetch_competitions.py
✅ Saved 304 competitions to outputs/2004/competitions_2004.csv
✅ Success

▶️ 02_parse_matches.py

2004:   0%|          | 0/304 [00:00<?, ?it/s]
2004:   0%|          | 1/304 [00:00<00:58,  5.17it/s]
2004:   1%|          | 2/304 [00:00<00:57,  5.25it/s]
2004:   1%|          | 3/304 [00:00<01:00,  4.97it/s]
2004:   1%|▏         | 4/304 [00:00<00:57,  5.19it/s]
2004:   2%|▏         | 5/304 [00:00<00:58,  5.11it/s]
2004:   2%|▏         | 6/304 [00:06<09:30,  1.92s/it]
2004:   2%|▏         | 7/304 [00:06<07:22,  1.49s/it]
2004:   3%|▎         | 8/304 [00:07<05:23,  1.09s/it]
2004:   3%|▎         | 9/304 [00:07<04:01,  1.22it/s]
2004:   3%|▎         | 10/304 [00:07<03:04,  1.59it/s]
2004:   4%|▎         | 11/304 [00:07<02:24,  2.02it/s]
2004:   4%|▍         | 12/304 [00:07<01:58,  2.47it/s]
2004:   4%|▍         | 13/304 [00:08<01:37,  2.98it/s]
2004:   5%|▍         | 14/304 [00:08<01:22,  3.53it/s]
2004:   5%|▍         | 15/304 [00:08<01:15,  3.81it/s]
2004:   5%|▌         | 16/304 [00:08<01:11,  4.04it/s]
2004:   6%|▌         | 17/304 [00:08<01:07,  4.25it/s]
2004:   6%|▌         | 18/304 [00:09<01:02,  4.56it/s]
2004:   6%|▋         | 19/304 [00:09<01:02,  4.55it/s]
2004:   7%|▋         | 20/304 [00:09<01:00,  4.69it/s]
2004:   7%|▋         | 21/304 [00:09<00:57,  4.91it/s]
2004:   7%|▋         | 22/304 [00:09<00:59,  4.72it/s]
2004:   8%|▊         | 23/304 [00:10<01:00,  4.65it/s]
2004:   8%|▊         | 24/304 [00:10<01:00,  4.64it/s]
2004:   8%|▊         | 25/304 [00:10<01:00,  4.64it/s]
2004:   9%|▊         | 26/304 [00:10<00:58,  4.76it/s]
2004:   9%|▉         | 27/304 [00:10<00:57,  4.81it/s]
2004:   9%|▉         | 28/304 [00:11<01:03,  4.32it/s]
2004:  10%|▉         | 29/304 [00:11<01:07,  4.09it/s]
2004:  10%|▉         | 30/304 [00:11<01:04,  4.23it/s]
2004:  10%|█         | 31/304 [00:11<01:02,  4.35it/s]
2004:  11%|█         | 32/304 [00:12<01:06,  4.08it/s]
2004:  11%|█         | 33/304 [00:12<01:03,  4.26it/s]
2004:  11%|█         | 34/304 [00:12<01:01,  4.41it/s]
2004:  12%|█▏        | 35/304 [00:12<00:58,  4.64it/s]
2004:  12%|█▏        | 36/304 [00:13<00:59,  4.52it/s]
2004:  12%|█▏        | 37/304 [00:18<08:02,  1.81s/it]
2004:  12%|█▎        | 38/304 [00:19<06:22,  1.44s/it]
2004:  13%|█▎        | 39/304 [00:19<04:43,  1.07s/it]
2004:  13%|█▎        | 40/304 [00:19<03:37,  1.21it/s]
2004:  13%|█▎        | 41/304 [00:19<02:47,  1.57it/s]
2004:  14%|█▍        | 42/304 [00:19<02:12,  1.98it/s]
2004:  14%|█▍        | 43/304 [00:20<01:50,  2.35it/s]
2004:  14%|█▍        | 44/304 [00:20<01:34,  2.74it/s]
2004:  15%|█▍        | 45/304 [00:20<01:21,  3.19it/s]
2004:  15%|█▌        | 46/304 [00:20<01:13,  3.51it/s]
2004:  15%|█▌        | 47/304 [00:21<01:09,  3.70it/s]
2004:  16%|█▌        | 48/304 [00:21<01:05,  3.91it/s]
2004:  16%|█▌        | 49/304 [00:21<01:04,  3.98it/s]
2004:  16%|█▋        | 50/304 [00:21<00:59,  4.24it/s]
2004:  17%|█▋        | 51/304 [00:21<00:59,  4.25it/s]
2004:  17%|█▋        | 52/304 [00:22<00:54,  4.58it/s]
2004:  17%|█▋        | 53/304 [00:22<00:52,  4.79it/s]
2004:  18%|█▊        | 54/304 [00:22<00:51,  4.84it/s]
2004:  18%|█▊        | 55/304 [00:22<00:52,  4.75it/s]
2004:  18%|█▊        | 56/304 [00:22<00:49,  4.99it/s]
2004:  19%|█▉        | 57/304 [00:23<00:49,  4.99it/s]
2004:  19%|█▉        | 58/304 [00:23<00:49,  5.02it/s]
2004:  19%|█▉        | 59/304 [00:23<00:47,  5.16it/s]
2004:  20%|█▉        | 60/304 [00:23<00:46,  5.27it/s]
2004:  20%|██        | 61/304 [00:23<00:47,  5.08it/s]
2004:  20%|██        | 62/304 [00:24<00:47,  5.05it/s]
2004:  21%|██        | 63/304 [00:24<00:50,  4.78it/s]
2004:  21%|██        | 64/304 [00:24<00:49,  4.88it/s]
2004:  21%|██▏       | 65/304 [00:24<00:47,  5.07it/s]
2004:  22%|██▏       | 66/304 [00:24<00:47,  4.99it/s]
2004:  22%|██▏       | 67/304 [00:25<00:47,  4.99it/s]
2004:  22%|██▏       | 68/304 [00:25<00:48,  4.89it/s]
2004:  23%|██▎       | 69/304 [00:25<00:46,  5.09it/s]
2004:  23%|██▎       | 70/304 [00:25<00:45,  5.19it/s]
2004:  23%|██▎       | 71/304 [00:25<00:45,  5.13it/s]
2004:  24%|██▎       | 72/304 [00:26<00:46,  4.98it/s]
2004:  24%|██▍       | 73/304 [00:26<00:45,  5.03it/s]
2004:  24%|██▍       | 74/304 [00:26<00:45,  5.04it/s]
2004:  25%|██▍       | 75/304 [00:26<00:43,  5.27it/s]
2004:  25%|██▌       | 76/304 [00:26<00:42,  5.31it/s]
2004:  25%|██▌       | 77/304 [00:27<00:41,  5.41it/s]
2004:  26%|██▌       | 78/304 [00:27<00:41,  5.46it/s]
2004:  26%|██▌       | 79/304 [00:27<00:39,  5.66it/s]
2004:  26%|██▋       | 80/304 [00:27<00:39,  5.61it/s]
2004:  27%|██▋       | 81/304 [00:27<00:40,  5.44it/s]
2004:  27%|██▋       | 82/304 [00:27<00:41,  5.38it/s]
2004:  27%|██▋       | 83/304 [00:28<00:42,  5.20it/s]
2004:  28%|██▊       | 84/304 [00:28<00:43,  5.02it/s]
2004:  28%|██▊       | 85/304 [00:28<00:44,  4.90it/s]
2004:  28%|██▊       | 86/304 [00:28<00:44,  4.87it/s]
2004:  29%|██▊       | 87/304 [00:29<00:44,  4.86it/s]
2004:  29%|██▉       | 88/304 [00:29<00:44,  4.90it/s]
2004:  29%|██▉       | 89/304 [00:29<00:43,  4.94it/s]
2004:  30%|██▉       | 90/304 [00:29<00:44,  4.82it/s]
2004:  30%|██▉       | 91/304 [00:29<00:46,  4.59it/s]
2004:  30%|███       | 92/304 [00:30<00:46,  4.52it/s]
2004:  31%|███       | 93/304 [00:30<00:46,  4.52it/s]
2004:  31%|███       | 94/304 [00:30<00:53,  3.96it/s]
2004:  31%|███▏      | 95/304 [00:30<00:51,  4.04it/s]
2004:  32%|███▏      | 96/304 [00:31<00:52,  3.98it/s]
2004:  32%|███▏      | 97/304 [00:31<00:47,  4.34it/s]
2004:  32%|███▏      | 98/304 [00:31<00:45,  4.50it/s]
2004:  33%|███▎      | 99/304 [00:31<00:43,  4.74it/s]
2004:  33%|███▎      | 100/304 [00:31<00:42,  4.83it/s]
2004:  33%|███▎      | 101/304 [00:32<00:42,  4.75it/s]
2004:  34%|███▎      | 102/304 [00:32<00:42,  4.76it/s]
2004:  34%|███▍      | 103/304 [00:32<00:42,  4.77it/s]
2004:  34%|███▍      | 104/304 [00:32<00:43,  4.65it/s]
2004:  35%|███▍      | 105/304 [00:32<00:42,  4.72it/s]
2004:  35%|███▍      | 106/304 [00:33<00:42,  4.61it/s]
2004:  35%|███▌      | 107/304 [00:33<00:44,  4.39it/s]
2004:  36%|███▌      | 108/304 [00:33<00:43,  4.49it/s]
2004:  36%|███▌      | 109/304 [00:33<00:42,  4.60it/s]
2004:  36%|███▌      | 110/304 [00:34<00:42,  4.58it/s]
2004:  37%|███▋      | 111/304 [00:34<00:44,  4.34it/s]
2004:  37%|███▋      | 112/304 [00:34<00:43,  4.44it/s]
2004:  37%|███▋      | 113/304 [00:34<00:43,  4.39it/s]
2004:  38%|███▊      | 114/304 [00:35<00:42,  4.44it/s]
2004:  38%|███▊      | 115/304 [00:35<00:40,  4.61it/s]
2004:  38%|███▊      | 116/304 [00:35<00:41,  4.48it/s]
2004:  38%|███▊      | 117/304 [00:35<00:43,  4.32it/s]
2004:  39%|███▉      | 118/304 [00:35<00:42,  4.33it/s]
2004:  39%|███▉      | 119/304 [00:36<00:39,  4.68it/s]
2004:  39%|███▉      | 120/304 [00:36<00:40,  4.58it/s]
2004:  40%|███▉      | 121/304 [00:36<00:39,  4.63it/s]
2004:  40%|████      | 122/304 [00:36<00:40,  4.55it/s]
2004:  40%|████      | 123/304 [00:37<00:39,  4.59it/s]
2004:  41%|████      | 124/304 [00:37<00:42,  4.27it/s]
2004:  41%|████      | 125/304 [00:37<00:45,  3.96it/s]
2004:  41%|████▏     | 126/304 [00:37<00:43,  4.14it/s]
2004:  42%|████▏     | 127/304 [00:38<00:42,  4.17it/s]
2004:  42%|████▏     | 128/304 [00:38<00:42,  4.12it/s]
2004:  42%|████▏     | 129/304 [00:38<00:41,  4.20it/s]
2004:  43%|████▎     | 130/304 [00:38<00:42,  4.11it/s]
2004:  43%|████▎     | 131/304 [00:39<00:42,  4.04it/s]
2004:  43%|████▎     | 132/304 [00:39<00:42,  4.07it/s]
2004:  44%|████▍     | 133/304 [00:39<00:41,  4.15it/s]
2004:  44%|████▍     | 134/304 [00:39<00:39,  4.27it/s]
2004:  44%|████▍     | 135/304 [00:39<00:38,  4.38it/s]
2004:  45%|████▍     | 136/304 [00:40<00:39,  4.29it/s]
2004:  45%|████▌     | 137/304 [00:40<00:38,  4.39it/s]
2004:  45%|████▌     | 138/304 [00:40<00:35,  4.64it/s]
2004:  46%|████▌     | 139/304 [00:40<00:35,  4.66it/s]
2004:  46%|████▌     | 140/304 [00:41<00:37,  4.39it/s]
2004:  46%|████▋     | 141/304 [00:41<00:38,  4.24it/s]
2004:  47%|████▋     | 142/304 [00:41<00:37,  4.37it/s]
2004:  47%|████▋     | 143/304 [00:41<00:34,  4.68it/s]
2004:  47%|████▋     | 144/304 [00:41<00:34,  4.69it/s]
2004:  48%|████▊     | 145/304 [00:42<00:33,  4.75it/s]
2004:  48%|████▊     | 146/304 [00:42<00:36,  4.34it/s]
2004:  48%|████▊     | 147/304 [00:42<00:35,  4.41it/s]
2004:  49%|████▊     | 148/304 [00:42<00:34,  4.59it/s]
2004:  49%|████▉     | 149/304 [00:42<00:32,  4.71it/s]
2004:  49%|████▉     | 150/304 [00:43<00:33,  4.59it/s]
2004:  50%|████▉     | 151/304 [00:43<00:33,  4.63it/s]
2004:  50%|█████     | 152/304 [00:43<00:31,  4.76it/s]
2004:  50%|█████     | 153/304 [00:43<00:31,  4.74it/s]
2004:  51%|█████     | 154/304 [00:44<00:32,  4.63it/s]
2004:  51%|█████     | 155/304 [00:44<00:30,  4.83it/s]
2004:  51%|█████▏    | 156/304 [00:44<00:30,  4.87it/s]
2004:  52%|█████▏    | 157/304 [00:44<00:29,  4.96it/s]
2004:  52%|█████▏    | 158/304 [00:44<00:30,  4.84it/s]
2004:  52%|█████▏    | 159/304 [00:45<00:31,  4.61it/s]
2004:  53%|█████▎    | 160/304 [00:45<00:30,  4.68it/s]
2004:  53%|█████▎    | 161/304 [00:45<00:29,  4.87it/s]
2004:  53%|█████▎    | 162/304 [00:45<00:29,  4.80it/s]
2004:  54%|█████▎    | 163/304 [00:45<00:29,  4.77it/s]
2004:  54%|█████▍    | 164/304 [00:46<00:29,  4.82it/s]
2004:  54%|█████▍    | 165/304 [00:46<00:29,  4.70it/s]
2004:  55%|█████▍    | 166/304 [00:46<00:28,  4.87it/s]
2004:  55%|█████▍    | 167/304 [00:46<00:26,  5.14it/s]
2004:  55%|█████▌    | 168/304 [00:46<00:26,  5.07it/s]
2004:  56%|█████▌    | 169/304 [00:47<00:27,  4.89it/s]
2004:  56%|█████▌    | 170/304 [00:57<07:04,  3.17s/it]
2004:  56%|█████▋    | 171/304 [01:02<08:26,  3.81s/it]
2004:  57%|█████▋    | 172/304 [01:02<06:07,  2.79s/it]
2004:  57%|█████▋    | 173/304 [01:03<04:23,  2.01s/it]
2004:  57%|█████▋    | 174/304 [01:03<03:11,  1.48s/it]
2004:  58%|█████▊    | 175/304 [01:03<02:21,  1.10s/it]
2004:  58%|█████▊    | 176/304 [01:03<01:46,  1.20it/s]
2004:  58%|█████▊    | 177/304 [01:08<04:32,  2.14s/it]
2004:  59%|█████▊    | 178/304 [01:09<03:28,  1.66s/it]
2004:  59%|█████▉    | 179/304 [01:09<02:32,  1.22s/it]
2004:  59%|█████▉    | 180/304 [01:09<01:54,  1.08it/s]
2004:  60%|█████▉    | 181/304 [01:10<01:26,  1.42it/s]
2004:  60%|█████▉    | 182/304 [01:10<01:08,  1.77it/s]
2004:  60%|██████    | 183/304 [01:10<00:58,  2.08it/s]
2004:  61%|██████    | 184/304 [01:10<00:48,  2.46it/s]
2004:  61%|██████    | 185/304 [01:11<00:42,  2.79it/s]
2004:  61%|██████    | 186/304 [01:16<03:45,  1.91s/it]
2004:  62%|██████▏   | 187/304 [01:16<02:43,  1.39s/it]
2004:  62%|██████▏   | 188/304 [01:17<02:00,  1.04s/it]
2004:  62%|██████▏   | 189/304 [01:17<01:31,  1.26it/s]
2004:  62%|██████▎   | 190/304 [01:17<01:10,  1.63it/s]
2004:  63%|██████▎   | 191/304 [01:17<00:54,  2.06it/s]
2004:  63%|██████▎   | 192/304 [01:17<00:46,  2.43it/s]
2004:  63%|██████▎   | 193/304 [01:18<00:38,  2.85it/s]
2004:  64%|██████▍   | 194/304 [01:18<00:34,  3.20it/s]
2004:  64%|██████▍   | 195/304 [01:18<00:31,  3.43it/s]
2004:  64%|██████▍   | 196/304 [01:18<00:29,  3.64it/s]
2004:  65%|██████▍   | 197/304 [01:19<00:28,  3.78it/s]
2004:  65%|██████▌   | 198/304 [01:19<00:26,  3.97it/s]
2004:  65%|██████▌   | 199/304 [01:19<00:25,  4.12it/s]
2004:  66%|██████▌   | 200/304 [01:19<00:25,  4.10it/s]
2004:  66%|██████▌   | 201/304 [01:19<00:24,  4.24it/s]
2004:  66%|██████▋   | 202/304 [01:20<00:23,  4.29it/s]
2004:  67%|██████▋   | 203/304 [01:20<00:22,  4.42it/s]
2004:  67%|██████▋   | 204/304 [01:20<00:22,  4.44it/s]
2004:  67%|██████▋   | 205/304 [01:20<00:22,  4.44it/s]
2004:  68%|██████▊   | 206/304 [01:21<00:21,  4.50it/s]
2004:  68%|██████▊   | 207/304 [01:21<00:20,  4.73it/s]
2004:  68%|██████▊   | 208/304 [01:21<00:19,  4.81it/s]
2004:  69%|██████▉   | 209/304 [01:21<00:19,  4.87it/s]
2004:  69%|██████▉   | 210/304 [01:21<00:19,  4.79it/s]
2004:  69%|██████▉   | 211/304 [01:22<00:19,  4.77it/s]
2004:  70%|██████▉   | 212/304 [01:22<00:19,  4.68it/s]
2004:  70%|███████   | 213/304 [01:22<00:19,  4.68it/s]
2004:  70%|███████   | 214/304 [01:22<00:18,  4.77it/s]
2004:  71%|███████   | 215/304 [01:22<00:18,  4.81it/s]
2004:  71%|███████   | 216/304 [01:23<00:18,  4.70it/s]
2004:  71%|███████▏  | 217/304 [01:23<00:18,  4.69it/s]
2004:  72%|███████▏  | 218/304 [01:23<00:17,  4.85it/s]
2004:  72%|███████▏  | 219/304 [01:23<00:17,  4.89it/s]
2004:  72%|███████▏  | 220/304 [01:23<00:17,  4.85it/s]
2004:  73%|███████▎  | 221/304 [01:24<00:17,  4.75it/s]
2004:  73%|███████▎  | 222/304 [01:24<00:17,  4.73it/s]
2004:  73%|███████▎  | 223/304 [01:24<00:16,  4.82it/s]
2004:  74%|███████▎  | 224/304 [01:24<00:16,  4.90it/s]
2004:  74%|███████▍  | 225/304 [01:25<00:16,  4.77it/s]
2004:  74%|███████▍  | 226/304 [01:25<00:16,  4.83it/s]
2004:  75%|███████▍  | 227/304 [01:25<00:16,  4.76it/s]
2004:  75%|███████▌  | 228/304 [01:25<00:15,  4.81it/s]
2004:  75%|███████▌  | 229/304 [01:25<00:15,  4.80it/s]
2004:  76%|███████▌  | 230/304 [01:26<00:15,  4.79it/s]
2004:  76%|███████▌  | 231/304 [01:26<00:15,  4.79it/s]
2004:  76%|███████▋  | 232/304 [01:26<00:15,  4.75it/s]
2004:  77%|███████▋  | 233/304 [01:26<00:14,  4.93it/s]
2004:  77%|███████▋  | 234/304 [01:26<00:14,  4.77it/s]
2004:  77%|███████▋  | 235/304 [01:27<00:14,  4.64it/s]
2004:  78%|███████▊  | 236/304 [01:27<00:15,  4.32it/s]
2004:  78%|███████▊  | 237/304 [01:27<00:15,  4.43it/s]
2004:  78%|███████▊  | 238/304 [01:27<00:14,  4.42it/s]
2004:  79%|███████▊  | 239/304 [01:28<00:15,  4.32it/s]
2004:  79%|███████▉  | 240/304 [01:28<00:14,  4.46it/s]
2004:  79%|███████▉  | 241/304 [01:28<00:14,  4.47it/s]
2004:  80%|███████▉  | 242/304 [01:28<00:13,  4.43it/s]
2004:  80%|███████▉  | 243/304 [01:29<00:14,  4.17it/s]
2004:  80%|████████  | 244/304 [01:29<00:14,  4.28it/s]
2004:  81%|████████  | 245/304 [01:29<00:13,  4.33it/s]
2004:  81%|████████  | 246/304 [01:29<00:13,  4.40it/s]
2004:  81%|████████▏ | 247/304 [01:29<00:13,  4.31it/s]
2004:  82%|████████▏ | 248/304 [01:30<00:12,  4.34it/s]
2004:  82%|████████▏ | 249/304 [01:30<00:12,  4.30it/s]
2004:  82%|████████▏ | 250/304 [01:30<00:12,  4.40it/s]
2004:  83%|████████▎ | 251/304 [01:30<00:11,  4.44it/s]
2004:  83%|████████▎ | 252/304 [01:31<00:11,  4.46it/s]
2004:  83%|████████▎ | 253/304 [01:31<00:11,  4.30it/s]
2004:  84%|████████▎ | 254/304 [01:31<00:11,  4.29it/s]
2004:  84%|████████▍ | 255/304 [01:31<00:11,  4.34it/s]
2004:  84%|████████▍ | 256/304 [01:31<00:11,  4.31it/s]
2004:  85%|████████▍ | 257/304 [01:32<00:10,  4.40it/s]
2004:  85%|████████▍ | 258/304 [01:32<00:11,  3.97it/s]
2004:  85%|████████▌ | 259/304 [01:32<00:11,  4.05it/s]
2004:  86%|████████▌ | 260/304 [01:32<00:10,  4.13it/s]
2004:  86%|████████▌ | 261/304 [01:33<00:10,  4.22it/s]
2004:  86%|████████▌ | 262/304 [01:33<00:09,  4.28it/s]
2004:  87%|████████▋ | 263/304 [01:33<00:09,  4.23it/s]
2004:  87%|████████▋ | 264/304 [01:33<00:09,  4.30it/s]
2004:  87%|████████▋ | 265/304 [01:34<00:09,  4.30it/s]
2004:  88%|████████▊ | 266/304 [01:34<00:08,  4.47it/s]
2004:  88%|████████▊ | 267/304 [01:34<00:08,  4.49it/s]
2004:  88%|████████▊ | 268/304 [01:34<00:08,  4.47it/s]
2004:  88%|████████▊ | 269/304 [01:35<00:08,  4.17it/s]
2004:  89%|████████▉ | 270/304 [01:35<00:08,  4.11it/s]
2004:  89%|████████▉ | 271/304 [01:35<00:07,  4.30it/s]
2004:  89%|████████▉ | 272/304 [01:35<00:07,  4.45it/s]
2004:  90%|████████▉ | 273/304 [01:35<00:06,  4.55it/s]
2004:  90%|█████████ | 274/304 [01:36<00:06,  4.37it/s]
2004:  90%|█████████ | 275/304 [01:36<00:06,  4.48it/s]
2004:  91%|█████████ | 276/304 [01:36<00:06,  4.35it/s]
2004:  91%|█████████ | 277/304 [01:36<00:06,  4.23it/s]
2004:  91%|█████████▏| 278/304 [01:37<00:06,  4.18it/s]
2004:  92%|█████████▏| 279/304 [01:37<00:05,  4.27it/s]
2004:  92%|█████████▏| 280/304 [01:37<00:05,  4.26it/s]
2004:  92%|█████████▏| 281/304 [01:37<00:05,  4.22it/s]
2004:  93%|█████████▎| 282/304 [01:38<00:05,  4.23it/s]
2004:  93%|█████████▎| 283/304 [01:38<00:04,  4.33it/s]
2004:  93%|█████████▎| 284/304 [01:38<00:04,  4.26it/s]
2004:  94%|█████████▍| 285/304 [01:38<00:04,  4.42it/s]
2004:  94%|█████████▍| 286/304 [01:38<00:04,  4.41it/s]
2004:  94%|█████████▍| 287/304 [01:39<00:03,  4.40it/s]
2004:  95%|█████████▍| 288/304 [01:39<00:03,  4.23it/s]
2004:  95%|█████████▌| 289/304 [01:39<00:03,  4.37it/s]
2004:  95%|█████████▌| 290/304 [01:39<00:03,  4.53it/s]
2004:  96%|█████████▌| 291/304 [01:40<00:02,  4.41it/s]
2004:  96%|█████████▌| 292/304 [01:40<00:02,  4.31it/s]
2004:  96%|█████████▋| 293/304 [01:40<00:02,  4.25it/s]
2004:  97%|█████████▋| 294/304 [01:40<00:02,  4.44it/s]
2004:  97%|█████████▋| 295/304 [01:41<00:02,  4.48it/s]
2004:  97%|█████████▋| 296/304 [01:41<00:01,  4.53it/s]
2004:  98%|█████████▊| 297/304 [01:41<00:01,  4.56it/s]
2004:  98%|█████████▊| 298/304 [01:41<00:01,  4.49it/s]
2004:  98%|█████████▊| 299/304 [01:41<00:01,  4.40it/s]
2004:  99%|█████████▊| 300/304 [01:42<00:00,  4.57it/s]
2004:  99%|█████████▉| 301/304 [01:42<00:00,  4.61it/s]
2004:  99%|█████████▉| 302/304 [01:42<00:00,  4.60it/s]
2004: 100%|█████████▉| 303/304 [01:42<00:00,  4.70it/s]
2004: 100%|██████████| 304/304 [01:42<00:00,  4.62it/s]
2004: 100%|██████████| 304/304 [01:42<00:00,  2.95it/s]

📉 Fertig: 0 Duelle gefunden
⏭️ 304 Wettbewerbe ohne Tableau übersprungen

✅ 0 Matches gespeichert nach: outputs/2004/match_data_2004_raw.csv
✅ Success

▶️ 03_parse_athletes.py
Traceback (most recent call last):
  File "/home/superuser/Dropbox/Webcrawler_TIM/scripts/03_parse_athletes.py", line 88, in <module>
    df = pd.read_csv(INPUT_FILE)
         ^^^^^^^^^^^^^^^^^^^^^^^
  File "/home/superuser/.pyenv/versions/3.11.0/envs/computerVision2/lib/python3.11/site-packages/pandas/io/parsers/readers.py", line 1026, in read_csv
    return _read(filepath_or_buffer, kwds)
           ^^^^^^^^^^^^^^^^^^^^^^^^^^^^^^^
  File "/home/superuser/.pyenv/versions/3.11.0/envs/computerVision2/lib/python3.11/site-packages/pandas/io/parsers/readers.py", line 620, in _read
    parser = TextFileReader(filepath_or_buffer, **kwds)
             ^^^^^^^^^^^^^^^^^^^^^^^^^^^^^^^^^^^^^^^^^^
  File "/home/superuser/.pyenv/versions/3.11.0/envs/computerVision2/lib/python3.11/site-packages/pandas/io/parsers/readers.py", line 1620, in __init__
    self._engine = self._make_engine(f, self.engine)
                   ^^^^^^^^^^^^^^^^^^^^^^^^^^^^^^^^^
  File "/home/superuser/.pyenv/versions/3.11.0/envs/computerVision2/lib/python3.11/site-packages/pandas/io/parsers/readers.py", line 1898, in _make_engine
    return mapping[engine](f, **self.options)
           ^^^^^^^^^^^^^^^^^^^^^^^^^^^^^^^^^^
  File "/home/superuser/.pyenv/versions/3.11.0/envs/computerVision2/lib/python3.11/site-packages/pandas/io/parsers/c_parser_wrapper.py", line 93, in __init__
    self._reader = parsers.TextReader(src, **kwds)
                   ^^^^^^^^^^^^^^^^^^^^^^^^^^^^^^^
  File "parsers.pyx", line 581, in pandas._libs.parsers.TextReader.__cinit__
pandas.errors.EmptyDataError: No columns to parse from file

--- Fehler ---

=== Pipeline fertig für 2004 @ 2025-04-12T13:39:57.699139 ===
