=== Pipeline Start für 2005 @ 2025-04-13T18:50:50.508861 ===

▶️ 01_fetch_competitions.py
✅ Saved 274 competitions to outputs/2005/competitions_2005.csv
✅ Success

▶️ 02_parse_matches.py

2005:   0%|          | 0/274 [00:00<?, ?it/s]
2005:   0%|          | 1/274 [00:00<01:00,  4.55it/s]
2005:   1%|          | 2/274 [00:00<01:00,  4.50it/s]
2005:   1%|          | 3/274 [00:00<01:04,  4.21it/s]
2005:   1%|▏         | 4/274 [00:00<01:07,  4.02it/s]
2005:   2%|▏         | 5/274 [00:01<01:06,  4.03it/s]
2005:   2%|▏         | 6/274 [00:01<01:07,  3.98it/s]
2005:   3%|▎         | 7/274 [00:01<01:03,  4.21it/s]
2005:   3%|▎         | 8/274 [00:01<01:00,  4.40it/s]
2005:   3%|▎         | 9/274 [00:02<00:59,  4.46it/s]
2005:   4%|▎         | 10/274 [00:02<00:58,  4.48it/s]
2005:   4%|▍         | 11/274 [00:02<00:58,  4.52it/s]
2005:   4%|▍         | 12/274 [00:02<00:56,  4.62it/s]
2005:   5%|▍         | 13/274 [00:02<00:56,  4.59it/s]
2005:   5%|▌         | 14/274 [00:03<00:56,  4.57it/s]
2005:   5%|▌         | 15/274 [00:03<00:56,  4.60it/s]
2005:   6%|▌         | 16/274 [00:03<00:55,  4.69it/s]
2005:   6%|▌         | 17/274 [00:03<00:54,  4.72it/s]
2005:   7%|▋         | 18/274 [00:04<00:55,  4.64it/s]
2005:   7%|▋         | 19/274 [00:04<00:55,  4.57it/s]
2005:   7%|▋         | 20/274 [00:04<00:55,  4.57it/s]
2005:   8%|▊         | 21/274 [00:04<00:55,  4.54it/s]
2005:   8%|▊         | 22/274 [00:04<00:54,  4.63it/s]
2005:   8%|▊         | 23/274 [00:05<00:53,  4.74it/s]
2005:   9%|▉         | 24/274 [00:05<00:53,  4.66it/s]
2005:   9%|▉         | 25/274 [00:05<00:54,  4.55it/s]
2005:   9%|▉         | 26/274 [00:05<00:54,  4.58it/s]
2005:  10%|▉         | 27/274 [00:05<00:53,  4.61it/s]
2005:  10%|█         | 28/274 [00:06<00:53,  4.64it/s]
2005:  11%|█         | 29/274 [00:06<00:53,  4.58it/s]
2005:  11%|█         | 30/274 [00:06<00:51,  4.70it/s]
2005:  11%|█▏        | 31/274 [00:06<00:52,  4.66it/s]
2005:  12%|█▏        | 32/274 [00:07<00:51,  4.67it/s]
2005:  12%|█▏        | 33/274 [00:07<00:50,  4.74it/s]
2005:  12%|█▏        | 34/274 [00:07<00:52,  4.59it/s]
2005:  13%|█▎        | 35/274 [00:07<00:51,  4.64it/s]
2005:  13%|█▎        | 36/274 [00:07<00:52,  4.55it/s]
2005:  14%|█▎        | 37/274 [00:08<00:52,  4.55it/s]
2005:  14%|█▍        | 38/274 [00:08<00:53,  4.43it/s]
2005:  14%|█▍        | 39/274 [00:08<00:55,  4.23it/s]
2005:  15%|█▍        | 40/274 [00:08<00:55,  4.18it/s]
2005:  15%|█▍        | 41/274 [00:09<00:54,  4.29it/s]
2005:  15%|█▌        | 42/274 [00:09<00:54,  4.24it/s]
2005:  16%|█▌        | 43/274 [00:09<00:52,  4.42it/s]
2005:  16%|█▌        | 44/274 [00:09<00:53,  4.26it/s]
2005:  16%|█▋        | 45/274 [00:10<00:56,  4.02it/s]
2005:  17%|█▋        | 46/274 [00:10<00:57,  3.96it/s]
2005:  17%|█▋        | 47/274 [00:10<00:56,  4.03it/s]
2005:  18%|█▊        | 48/274 [00:10<00:54,  4.16it/s]
2005:  18%|█▊        | 49/274 [00:11<00:52,  4.26it/s]
2005:  18%|█▊        | 50/274 [00:11<00:53,  4.17it/s]
2005:  19%|█▊        | 51/274 [00:11<00:52,  4.25it/s]
2005:  19%|█▉        | 52/274 [00:11<00:51,  4.31it/s]
2005:  19%|█▉        | 53/274 [00:12<00:52,  4.19it/s]
2005:  20%|█▉        | 54/274 [00:12<00:51,  4.27it/s]
2005:  20%|██        | 55/274 [00:12<00:51,  4.24it/s]
2005:  20%|██        | 56/274 [00:12<00:51,  4.20it/s]
2005:  21%|██        | 57/274 [00:12<00:49,  4.42it/s]
2005:  21%|██        | 58/274 [00:13<00:49,  4.37it/s]
2005:  22%|██▏       | 59/274 [00:13<00:48,  4.40it/s]
2005:  22%|██▏       | 60/274 [00:13<00:47,  4.47it/s]
2005:  22%|██▏       | 61/274 [00:13<00:49,  4.32it/s]
2005:  23%|██▎       | 62/274 [00:14<00:50,  4.17it/s]
2005:  23%|██▎       | 63/274 [00:14<00:47,  4.45it/s]
2005:  23%|██▎       | 64/274 [00:14<00:48,  4.29it/s]
2005:  24%|██▎       | 65/274 [00:14<00:48,  4.28it/s]
2005:  24%|██▍       | 66/274 [00:15<00:49,  4.17it/s]
2005:  24%|██▍       | 67/274 [00:15<01:06,  3.11it/s]
2005:  25%|██▍       | 68/274 [00:15<01:02,  3.32it/s]
2005:  25%|██▌       | 69/274 [00:16<00:58,  3.50it/s]
2005:  26%|██▌       | 70/274 [00:16<00:57,  3.57it/s]
2005:  26%|██▌       | 71/274 [00:16<00:56,  3.59it/s]
2005:  26%|██▋       | 72/274 [00:16<00:54,  3.72it/s]
2005:  27%|██▋       | 73/274 [00:17<00:52,  3.79it/s]
2005:  27%|██▋       | 74/274 [00:17<00:49,  4.03it/s]
2005:  27%|██▋       | 75/274 [00:17<00:47,  4.19it/s]
2005:  28%|██▊       | 76/274 [00:17<00:45,  4.36it/s]
2005:  28%|██▊       | 77/274 [00:17<00:47,  4.17it/s]
2005:  28%|██▊       | 78/274 [00:20<02:35,  1.26it/s]
2005:  29%|██▉       | 79/274 [00:20<02:02,  1.59it/s]
2005:  29%|██▉       | 80/274 [00:20<01:37,  1.98it/s]
2005:  30%|██▉       | 81/274 [00:20<01:21,  2.36it/s]
2005:  30%|██▉       | 82/274 [00:20<01:09,  2.76it/s]
2005:  30%|███       | 83/274 [00:21<00:59,  3.23it/s]
2005:  31%|███       | 84/274 [00:21<00:54,  3.50it/s]
2005:  31%|███       | 85/274 [00:21<00:49,  3.78it/s]
2005:  31%|███▏      | 86/274 [00:21<00:47,  3.94it/s]
2005:  32%|███▏      | 87/274 [00:22<00:47,  3.93it/s]
2005:  32%|███▏      | 88/274 [00:22<00:48,  3.81it/s]
2005:  32%|███▏      | 89/274 [00:22<00:47,  3.87it/s]
2005:  33%|███▎      | 90/274 [00:22<00:48,  3.80it/s]
2005:  33%|███▎      | 91/274 [00:23<00:45,  4.06it/s]
2005:  34%|███▎      | 92/274 [00:23<00:42,  4.33it/s]
2005:  34%|███▍      | 93/274 [00:23<00:40,  4.43it/s]
2005:  34%|███▍      | 94/274 [00:23<00:40,  4.43it/s]
2005:  35%|███▍      | 95/274 [00:23<00:41,  4.32it/s]
2005:  35%|███▌      | 96/274 [00:24<00:43,  4.05it/s]
2005:  35%|███▌      | 97/274 [00:24<00:41,  4.29it/s]
2005:  36%|███▌      | 98/274 [00:24<00:39,  4.41it/s]
2005:  36%|███▌      | 99/274 [00:24<00:38,  4.49it/s]
2005:  36%|███▋      | 100/274 [00:25<00:41,  4.18it/s]
2005:  37%|███▋      | 101/274 [00:25<00:42,  4.09it/s]
2005:  37%|███▋      | 102/274 [00:25<00:43,  3.95it/s]
2005:  38%|███▊      | 103/274 [00:25<00:43,  3.95it/s]
2005:  38%|███▊      | 104/274 [00:26<00:40,  4.24it/s]
2005:  38%|███▊      | 105/274 [00:26<00:40,  4.18it/s]
2005:  39%|███▊      | 106/274 [00:26<00:38,  4.33it/s]
2005:  39%|███▉      | 107/274 [00:26<00:39,  4.18it/s]
2005:  39%|███▉      | 108/274 [00:27<00:40,  4.14it/s]
2005:  40%|███▉      | 109/274 [00:27<00:39,  4.20it/s]
2005:  40%|████      | 110/274 [00:27<00:39,  4.12it/s]
2005:  41%|████      | 111/274 [00:27<00:40,  4.02it/s]
2005:  41%|████      | 112/274 [00:28<00:38,  4.17it/s]
2005:  41%|████      | 113/274 [00:28<00:38,  4.16it/s]
2005:  42%|████▏     | 114/274 [00:28<00:36,  4.34it/s]
2005:  42%|████▏     | 115/274 [00:28<00:37,  4.19it/s]
2005:  42%|████▏     | 116/274 [00:28<00:36,  4.38it/s]
2005:  43%|████▎     | 117/274 [00:29<00:36,  4.28it/s]
2005:  43%|████▎     | 118/274 [00:29<00:37,  4.18it/s]
2005:  43%|████▎     | 119/274 [00:29<00:37,  4.15it/s]
2005:  44%|████▍     | 120/274 [00:29<00:35,  4.32it/s]
2005:  44%|████▍     | 121/274 [00:30<00:35,  4.27it/s]
2005:  45%|████▍     | 122/274 [00:30<00:34,  4.36it/s]
2005:  45%|████▍     | 123/274 [00:30<00:33,  4.44it/s]
2005:  45%|████▌     | 124/274 [00:30<00:35,  4.25it/s]
2005:  46%|████▌     | 125/274 [00:31<00:36,  4.14it/s]
2005:  46%|████▌     | 126/274 [00:31<00:34,  4.32it/s]
2005:  46%|████▋     | 127/274 [00:31<00:33,  4.38it/s]
2005:  47%|████▋     | 128/274 [00:31<00:32,  4.44it/s]
2005:  47%|████▋     | 129/274 [00:31<00:31,  4.66it/s]
2005:  47%|████▋     | 130/274 [00:32<00:30,  4.67it/s]
2005:  48%|████▊     | 131/274 [00:32<00:30,  4.64it/s]
2005:  48%|████▊     | 132/274 [00:32<00:29,  4.74it/s]
2005:  49%|████▊     | 133/274 [00:32<00:29,  4.74it/s]
2005:  49%|████▉     | 134/274 [00:33<00:29,  4.74it/s]
2005:  49%|████▉     | 135/274 [00:33<00:29,  4.69it/s]
2005:  50%|████▉     | 136/274 [00:33<00:29,  4.62it/s]
2005:  50%|█████     | 137/274 [00:33<00:29,  4.64it/s]
2005:  50%|█████     | 138/274 [00:33<00:31,  4.37it/s]
2005:  51%|█████     | 139/274 [00:34<00:31,  4.31it/s]
2005:  51%|█████     | 140/274 [00:34<00:32,  4.06it/s]
2005:  51%|█████▏    | 141/274 [00:34<00:33,  3.99it/s]
2005:  52%|█████▏    | 142/274 [00:34<00:32,  4.03it/s]
2005:  52%|█████▏    | 143/274 [00:35<00:31,  4.19it/s]
2005:  53%|█████▎    | 144/274 [00:35<00:31,  4.19it/s]
2005:  53%|█████▎    | 145/274 [00:35<00:29,  4.34it/s]
2005:  53%|█████▎    | 146/274 [00:40<03:45,  1.76s/it]
2005:  54%|█████▎    | 147/274 [00:41<02:43,  1.29s/it]
2005:  54%|█████▍    | 148/274 [00:41<02:01,  1.03it/s]
2005:  54%|█████▍    | 149/274 [00:41<01:32,  1.35it/s]
2005:  55%|█████▍    | 150/274 [00:41<01:11,  1.73it/s]
2005:  55%|█████▌    | 151/274 [00:41<00:56,  2.16it/s]
2005:  55%|█████▌    | 152/274 [00:42<00:46,  2.63it/s]
2005:  56%|█████▌    | 153/274 [00:42<00:38,  3.13it/s]
2005:  56%|█████▌    | 154/274 [00:42<00:35,  3.41it/s]
2005:  57%|█████▋    | 155/274 [00:42<00:30,  3.87it/s]
2005:  57%|█████▋    | 156/274 [00:42<00:27,  4.24it/s]
2005:  57%|█████▋    | 157/274 [00:43<00:26,  4.37it/s]
2005:  58%|█████▊    | 158/274 [00:43<00:26,  4.43it/s]
2005:  58%|█████▊    | 159/274 [00:43<00:25,  4.47it/s]
2005:  58%|█████▊    | 160/274 [00:43<00:25,  4.48it/s]
2005:  59%|█████▉    | 161/274 [00:43<00:23,  4.75it/s]
2005:  59%|█████▉    | 162/274 [00:44<00:23,  4.86it/s]
2005:  59%|█████▉    | 163/274 [00:44<00:22,  4.88it/s]
2005:  60%|█████▉    | 164/274 [00:44<00:22,  4.88it/s]
2005:  60%|██████    | 165/274 [00:44<00:22,  4.83it/s]
2005:  61%|██████    | 166/274 [00:44<00:21,  5.00it/s]
2005:  61%|██████    | 167/274 [00:45<00:21,  5.02it/s]
2005:  61%|██████▏   | 168/274 [00:45<00:23,  4.42it/s]
2005:  62%|██████▏   | 169/274 [00:45<00:22,  4.60it/s]
2005:  62%|██████▏   | 170/274 [00:45<00:21,  4.78it/s]
2005:  62%|██████▏   | 171/274 [00:46<00:22,  4.59it/s]
2005:  63%|██████▎   | 172/274 [00:46<00:21,  4.67it/s]
2005:  63%|██████▎   | 173/274 [00:46<00:21,  4.73it/s]
2005:  64%|██████▎   | 174/274 [00:46<00:20,  5.00it/s]
2005:  64%|██████▍   | 175/274 [00:46<00:21,  4.67it/s]
2005:  64%|██████▍   | 176/274 [00:47<00:21,  4.55it/s]
2005:  65%|██████▍   | 177/274 [00:47<00:21,  4.51it/s]
2005:  65%|██████▍   | 178/274 [00:47<00:22,  4.31it/s]
2005:  65%|██████▌   | 179/274 [00:47<00:21,  4.36it/s]
2005:  66%|██████▌   | 180/274 [00:48<00:21,  4.34it/s]
2005:  66%|██████▌   | 181/274 [00:48<00:21,  4.24it/s]
2005:  66%|██████▋   | 182/274 [00:48<00:22,  4.12it/s]
2005:  67%|██████▋   | 183/274 [00:48<00:21,  4.17it/s]
2005:  67%|██████▋   | 184/274 [00:49<00:21,  4.19it/s]
2005:  68%|██████▊   | 185/274 [00:49<00:20,  4.31it/s]
2005:  68%|██████▊   | 186/274 [00:49<00:20,  4.38it/s]
2005:  68%|██████▊   | 187/274 [00:49<00:20,  4.34it/s]
2005:  69%|██████▊   | 188/274 [00:49<00:19,  4.40it/s]
2005:  69%|██████▉   | 189/274 [00:50<00:19,  4.39it/s]
2005:  69%|██████▉   | 190/274 [00:50<00:19,  4.27it/s]
2005:  70%|██████▉   | 191/274 [00:50<00:19,  4.29it/s]
2005:  70%|███████   | 192/274 [00:51<00:22,  3.68it/s]
2005:  70%|███████   | 193/274 [00:51<00:21,  3.78it/s]
2005:  71%|███████   | 194/274 [00:51<00:19,  4.08it/s]
2005:  71%|███████   | 195/274 [00:51<00:19,  4.04it/s]
2005:  72%|███████▏  | 196/274 [00:51<00:17,  4.36it/s]
2005:  72%|███████▏  | 197/274 [00:52<00:17,  4.39it/s]
2005:  72%|███████▏  | 198/274 [00:52<00:17,  4.35it/s]
2005:  73%|███████▎  | 199/274 [00:52<00:17,  4.35it/s]
2005:  73%|███████▎  | 200/274 [00:52<00:16,  4.52it/s]
2005:  73%|███████▎  | 201/274 [00:53<00:16,  4.38it/s]
2005:  74%|███████▎  | 202/274 [00:53<00:16,  4.29it/s]
2005:  74%|███████▍  | 203/274 [00:53<00:16,  4.24it/s]
2005:  74%|███████▍  | 204/274 [00:53<00:16,  4.28it/s]
2005:  75%|███████▍  | 205/274 [00:54<00:16,  4.21it/s]
2005:  75%|███████▌  | 206/274 [00:54<00:16,  4.25it/s]
2005:  76%|███████▌  | 207/274 [00:54<00:16,  4.04it/s]
2005:  76%|███████▌  | 208/274 [00:54<00:16,  4.11it/s]
2005:  76%|███████▋  | 209/274 [00:55<00:16,  4.02it/s]
2005:  77%|███████▋  | 210/274 [00:55<00:15,  4.16it/s]
2005:  77%|███████▋  | 211/274 [00:55<00:15,  4.13it/s]
2005:  77%|███████▋  | 212/274 [00:55<00:14,  4.23it/s]
2005:  78%|███████▊  | 213/274 [00:55<00:13,  4.41it/s]
2005:  78%|███████▊  | 214/274 [00:56<00:14,  4.18it/s]
2005:  78%|███████▊  | 215/274 [00:56<00:14,  4.00it/s]
2005:  79%|███████▉  | 216/274 [00:56<00:14,  4.03it/s]
2005:  79%|███████▉  | 217/274 [00:56<00:13,  4.13it/s]
2005:  80%|███████▉  | 218/274 [00:57<00:13,  4.19it/s]
2005:  80%|███████▉  | 219/274 [00:57<00:12,  4.32it/s]
2005:  80%|████████  | 220/274 [00:57<00:12,  4.19it/s]
2005:  81%|████████  | 221/274 [00:57<00:12,  4.14it/s]
2005:  81%|████████  | 222/274 [00:58<00:12,  4.21it/s]
2005:  81%|████████▏ | 223/274 [00:58<00:12,  4.16it/s]
2005:  82%|████████▏ | 224/274 [00:58<00:12,  4.05it/s]
2005:  82%|████████▏ | 225/274 [00:58<00:12,  4.00it/s]
2005:  82%|████████▏ | 226/274 [00:59<00:11,  4.07it/s]
2005:  83%|████████▎ | 227/274 [00:59<00:11,  4.09it/s]
2005:  83%|████████▎ | 228/274 [00:59<00:12,  3.72it/s]
2005:  84%|████████▎ | 229/274 [00:59<00:11,  4.01it/s]
2005:  84%|████████▍ | 230/274 [01:00<00:10,  4.23it/s]
2005:  84%|████████▍ | 231/274 [01:00<00:10,  4.30it/s]
2005:  85%|████████▍ | 232/274 [01:00<00:09,  4.32it/s]
2005:  85%|████████▌ | 233/274 [01:00<00:09,  4.26it/s]
2005:  85%|████████▌ | 234/274 [01:01<00:09,  4.25it/s]
2005:  86%|████████▌ | 235/274 [01:01<00:09,  4.29it/s]
2005:  86%|████████▌ | 236/274 [01:01<00:08,  4.33it/s]
2005:  86%|████████▋ | 237/274 [01:01<00:08,  4.32it/s]
2005:  87%|████████▋ | 238/274 [01:01<00:08,  4.25it/s]
2005:  87%|████████▋ | 239/274 [01:02<00:08,  4.24it/s]
2005:  88%|████████▊ | 240/274 [01:02<00:08,  4.18it/s]
2005:  88%|████████▊ | 241/274 [01:02<00:07,  4.31it/s]
2005:  88%|████████▊ | 242/274 [01:02<00:07,  4.47it/s]
2005:  89%|████████▊ | 243/274 [01:03<00:06,  4.51it/s]
2005:  89%|████████▉ | 244/274 [01:03<00:07,  3.95it/s]
2005:  89%|████████▉ | 245/274 [01:03<00:07,  3.99it/s]
2005:  90%|████████▉ | 246/274 [01:03<00:06,  4.30it/s]
2005:  90%|█████████ | 247/274 [01:04<00:06,  4.23it/s]
2005:  91%|█████████ | 248/274 [01:04<00:06,  4.24it/s]
2005:  91%|█████████ | 249/274 [01:04<00:05,  4.28it/s]
2005:  91%|█████████ | 250/274 [01:04<00:05,  4.54it/s]
2005:  92%|█████████▏| 251/274 [01:05<00:05,  4.19it/s]
2005:  92%|█████████▏| 252/274 [01:05<00:05,  4.10it/s]
2005:  92%|█████████▏| 253/274 [01:05<00:05,  4.02it/s]
2005:  93%|█████████▎| 254/274 [01:05<00:04,  4.02it/s]
2005:  93%|█████████▎| 255/274 [01:06<00:04,  3.95it/s]
2005:  93%|█████████▎| 256/274 [01:06<00:04,  3.94it/s]
2005:  94%|█████████▍| 257/274 [01:06<00:04,  3.90it/s]
2005:  94%|█████████▍| 258/274 [01:06<00:04,  3.95it/s]
2005:  95%|█████████▍| 259/274 [01:07<00:03,  4.18it/s]
2005:  95%|█████████▍| 260/274 [01:07<00:03,  4.35it/s]
2005:  95%|█████████▌| 261/274 [01:07<00:03,  4.31it/s]
2005:  96%|█████████▌| 262/274 [01:07<00:02,  4.35it/s]
2005:  96%|█████████▌| 263/274 [01:07<00:02,  4.43it/s]
2005:  96%|█████████▋| 264/274 [01:08<00:02,  4.46it/s]
2005:  97%|█████████▋| 265/274 [01:08<00:02,  4.49it/s]
2005:  97%|█████████▋| 266/274 [01:08<00:01,  4.68it/s]
2005:  97%|█████████▋| 267/274 [01:08<00:01,  4.50it/s]
2005:  98%|█████████▊| 268/274 [01:08<00:01,  4.62it/s]
2005:  98%|█████████▊| 269/274 [01:09<00:01,  4.67it/s]
2005:  99%|█████████▊| 270/274 [01:09<00:00,  4.69it/s]
2005:  99%|█████████▉| 271/274 [01:09<00:00,  4.72it/s]
2005:  99%|█████████▉| 272/274 [01:09<00:00,  4.69it/s]
2005: 100%|█████████▉| 273/274 [01:10<00:00,  4.56it/s]
2005: 100%|██████████| 274/274 [01:10<00:00,  4.46it/s]
2005: 100%|██████████| 274/274 [01:10<00:00,  3.90it/s]

📉 Fertig: 0 Duelle gefunden
⏭️ 274 Wettbewerbe ohne Tableau übersprungen

✅ 0 Matches gespeichert nach: outputs/2005/match_data_2005_raw.csv
✅ Success

▶️ 03_parse_athletes.py
Traceback (most recent call last):
  File "/home/superuser/Dropbox/Webcrawler_TIM/scripts/03_parse_athletes.py", line 92, in <module>
    df = pd.read_csv(INPUT_FILE)
         ^^^^^^^^^^^^^^^^^^^^^^^
  File "/home/superuser/.pyenv/versions/3.11.0/envs/computerVision2/lib/python3.11/site-packages/pandas/io/parsers/readers.py", line 1026, in read_csv
    return _read(filepath_or_buffer, kwds)
           ^^^^^^^^^^^^^^^^^^^^^^^^^^^^^^^
  File "/home/superuser/.pyenv/versions/3.11.0/envs/computerVision2/lib/python3.11/site-packages/pandas/io/parsers/readers.py", line 620, in _read
    parser = TextFileReader(filepath_or_buffer, **kwds)
             ^^^^^^^^^^^^^^^^^^^^^^^^^^^^^^^^^^^^^^^^^^
  File "/home/superuser/.pyenv/versions/3.11.0/envs/computerVision2/lib/python3.11/site-packages/pandas/io/parsers/readers.py", line 1620, in __init__
    self._engine = self._make_engine(f, self.engine)
                   ^^^^^^^^^^^^^^^^^^^^^^^^^^^^^^^^^
  File "/home/superuser/.pyenv/versions/3.11.0/envs/computerVision2/lib/python3.11/site-packages/pandas/io/parsers/readers.py", line 1898, in _make_engine
    return mapping[engine](f, **self.options)
           ^^^^^^^^^^^^^^^^^^^^^^^^^^^^^^^^^^
  File "/home/superuser/.pyenv/versions/3.11.0/envs/computerVision2/lib/python3.11/site-packages/pandas/io/parsers/c_parser_wrapper.py", line 93, in __init__
    self._reader = parsers.TextReader(src, **kwds)
                   ^^^^^^^^^^^^^^^^^^^^^^^^^^^^^^^
  File "parsers.pyx", line 581, in pandas._libs.parsers.TextReader.__cinit__
pandas.errors.EmptyDataError: No columns to parse from file

--- Fehler ---

=== Pipeline fertig für 2005 @ 2025-04-13T18:52:02.852776 ===
