=== Pipeline Start für 2006 @ 2025-04-13T18:49:34.294959 ===

▶️ 01_fetch_competitions.py
✅ Saved 296 competitions to outputs/2006/competitions_2006.csv
✅ Success

▶️ 02_parse_matches.py

2006:   0%|          | 0/296 [00:00<?, ?it/s]
2006:   0%|          | 1/296 [00:00<01:16,  3.86it/s]
2006:   1%|          | 2/296 [00:00<01:14,  3.96it/s]
2006:   1%|          | 3/296 [00:00<01:16,  3.82it/s]
2006:   1%|▏         | 4/296 [00:01<01:15,  3.87it/s]
2006:   2%|▏         | 5/296 [00:01<01:14,  3.91it/s]
2006:   2%|▏         | 6/296 [00:01<01:16,  3.81it/s]
2006:   2%|▏         | 7/296 [00:01<01:06,  4.31it/s]
2006:   3%|▎         | 8/296 [00:01<01:02,  4.62it/s]
2006:   3%|▎         | 9/296 [00:02<01:02,  4.61it/s]
2006:   3%|▎         | 10/296 [00:02<01:02,  4.61it/s]
2006:   4%|▎         | 11/296 [00:02<01:00,  4.68it/s]
2006:   4%|▍         | 12/296 [00:02<00:59,  4.75it/s]
2006:   4%|▍         | 13/296 [00:02<01:00,  4.69it/s]
2006:   5%|▍         | 14/296 [00:03<01:00,  4.67it/s]
2006:   5%|▌         | 15/296 [00:03<01:03,  4.42it/s]
2006:   5%|▌         | 16/296 [00:03<01:01,  4.58it/s]
2006:   6%|▌         | 17/296 [00:03<00:58,  4.78it/s]
2006:   6%|▌         | 18/296 [00:04<00:58,  4.77it/s]
2006:   6%|▋         | 19/296 [00:04<00:57,  4.85it/s]
2006:   7%|▋         | 20/296 [00:04<00:58,  4.71it/s]
2006:   7%|▋         | 21/296 [00:04<00:57,  4.79it/s]
2006:   7%|▋         | 22/296 [00:04<00:55,  4.94it/s]
2006:   8%|▊         | 23/296 [00:05<00:55,  4.88it/s]
2006:   8%|▊         | 24/296 [00:05<00:56,  4.84it/s]
2006:   8%|▊         | 25/296 [00:05<00:58,  4.67it/s]
2006:   9%|▉         | 26/296 [00:05<00:59,  4.57it/s]
2006:   9%|▉         | 27/296 [00:05<00:57,  4.64it/s]
2006:   9%|▉         | 28/296 [00:06<00:54,  4.89it/s]
2006:  10%|▉         | 29/296 [00:06<00:52,  5.10it/s]
2006:  10%|█         | 30/296 [00:06<00:55,  4.77it/s]
2006:  10%|█         | 31/296 [00:06<00:56,  4.66it/s]
2006:  11%|█         | 32/296 [00:06<00:54,  4.89it/s]
2006:  11%|█         | 33/296 [00:07<00:55,  4.74it/s]
2006:  11%|█▏        | 34/296 [00:07<00:55,  4.70it/s]
2006:  12%|█▏        | 35/296 [00:07<00:58,  4.43it/s]
2006:  12%|█▏        | 36/296 [00:07<00:59,  4.35it/s]
2006:  12%|█▎        | 37/296 [00:08<01:00,  4.31it/s]
2006:  13%|█▎        | 38/296 [00:08<00:59,  4.34it/s]
2006:  13%|█▎        | 39/296 [00:08<01:00,  4.22it/s]
2006:  14%|█▎        | 40/296 [00:08<01:00,  4.24it/s]
2006:  14%|█▍        | 41/296 [00:09<00:59,  4.26it/s]
2006:  14%|█▍        | 42/296 [00:09<00:59,  4.29it/s]
2006:  15%|█▍        | 43/296 [00:09<00:58,  4.35it/s]
2006:  15%|█▍        | 44/296 [00:09<00:57,  4.40it/s]
2006:  15%|█▌        | 45/296 [00:10<01:04,  3.91it/s]
2006:  16%|█▌        | 46/296 [00:10<00:59,  4.20it/s]
2006:  16%|█▌        | 47/296 [00:10<00:54,  4.56it/s]
2006:  16%|█▌        | 48/296 [00:10<00:52,  4.73it/s]
2006:  17%|█▋        | 49/296 [00:10<00:52,  4.68it/s]
2006:  17%|█▋        | 50/296 [00:11<00:53,  4.60it/s]
2006:  17%|█▋        | 51/296 [00:11<00:53,  4.54it/s]
2006:  18%|█▊        | 52/296 [00:11<00:55,  4.38it/s]
2006:  18%|█▊        | 53/296 [00:11<00:54,  4.45it/s]
2006:  18%|█▊        | 54/296 [00:11<00:54,  4.44it/s]
2006:  19%|█▊        | 55/296 [00:12<00:57,  4.16it/s]
2006:  19%|█▉        | 56/296 [00:12<00:59,  4.01it/s]
2006:  19%|█▉        | 57/296 [00:12<00:57,  4.16it/s]
2006:  20%|█▉        | 58/296 [00:12<00:55,  4.29it/s]
2006:  20%|█▉        | 59/296 [00:13<00:56,  4.20it/s]
2006:  20%|██        | 60/296 [00:13<00:54,  4.29it/s]
2006:  21%|██        | 61/296 [00:13<00:52,  4.48it/s]
2006:  21%|██        | 62/296 [00:13<00:50,  4.66it/s]
2006:  21%|██▏       | 63/296 [00:14<00:51,  4.56it/s]
2006:  22%|██▏       | 64/296 [00:14<00:50,  4.58it/s]
2006:  22%|██▏       | 65/296 [00:14<00:50,  4.57it/s]
2006:  22%|██▏       | 66/296 [00:14<00:51,  4.50it/s]
2006:  23%|██▎       | 67/296 [00:14<00:50,  4.51it/s]
2006:  23%|██▎       | 68/296 [00:15<00:52,  4.36it/s]
2006:  23%|██▎       | 69/296 [00:15<00:52,  4.33it/s]
2006:  24%|██▎       | 70/296 [00:15<00:54,  4.13it/s]
2006:  24%|██▍       | 71/296 [00:15<00:56,  3.96it/s]
2006:  24%|██▍       | 72/296 [00:16<00:54,  4.13it/s]
2006:  25%|██▍       | 73/296 [00:16<00:53,  4.18it/s]
2006:  25%|██▌       | 74/296 [00:16<00:51,  4.29it/s]
2006:  25%|██▌       | 75/296 [00:16<00:53,  4.12it/s]
2006:  26%|██▌       | 76/296 [00:17<00:53,  4.10it/s]
2006:  26%|██▌       | 77/296 [00:17<00:53,  4.09it/s]
2006:  26%|██▋       | 78/296 [00:17<00:51,  4.21it/s]
2006:  27%|██▋       | 79/296 [00:17<00:52,  4.15it/s]
2006:  27%|██▋       | 80/296 [00:18<00:53,  4.07it/s]
2006:  27%|██▋       | 81/296 [00:18<00:52,  4.08it/s]
2006:  28%|██▊       | 82/296 [00:18<00:53,  3.97it/s]
2006:  28%|██▊       | 83/296 [00:18<00:51,  4.13it/s]
2006:  28%|██▊       | 84/296 [00:19<00:48,  4.35it/s]
2006:  29%|██▊       | 85/296 [00:19<00:49,  4.25it/s]
2006:  29%|██▉       | 86/296 [00:19<00:50,  4.16it/s]
2006:  29%|██▉       | 87/296 [00:19<00:51,  4.07it/s]
2006:  30%|██▉       | 88/296 [00:20<00:50,  4.09it/s]
2006:  30%|███       | 89/296 [00:20<00:49,  4.22it/s]
2006:  30%|███       | 90/296 [00:20<00:49,  4.19it/s]
2006:  31%|███       | 91/296 [00:20<00:48,  4.24it/s]
2006:  31%|███       | 92/296 [00:21<00:49,  4.10it/s]
2006:  31%|███▏      | 93/296 [00:21<00:49,  4.12it/s]
2006:  32%|███▏      | 94/296 [00:21<00:48,  4.20it/s]
2006:  32%|███▏      | 95/296 [00:21<00:46,  4.30it/s]
2006:  32%|███▏      | 96/296 [00:21<00:45,  4.40it/s]
2006:  33%|███▎      | 97/296 [00:22<00:45,  4.42it/s]
2006:  33%|███▎      | 98/296 [00:22<00:43,  4.55it/s]
2006:  33%|███▎      | 99/296 [00:22<00:53,  3.68it/s]
2006:  34%|███▍      | 100/296 [00:22<00:47,  4.14it/s]
2006:  34%|███▍      | 101/296 [00:23<00:43,  4.48it/s]
2006:  34%|███▍      | 102/296 [00:23<00:47,  4.05it/s]
2006:  35%|███▍      | 103/296 [00:23<00:47,  4.08it/s]
2006:  35%|███▌      | 104/296 [00:23<00:43,  4.38it/s]
2006:  35%|███▌      | 105/296 [00:24<00:46,  4.15it/s]
2006:  36%|███▌      | 106/296 [00:24<00:43,  4.38it/s]
2006:  36%|███▌      | 107/296 [00:24<00:41,  4.51it/s]
2006:  36%|███▋      | 108/296 [00:24<00:40,  4.63it/s]
2006:  37%|███▋      | 109/296 [00:24<00:39,  4.79it/s]
2006:  37%|███▋      | 110/296 [00:25<00:37,  4.91it/s]
2006:  38%|███▊      | 111/296 [00:25<00:40,  4.61it/s]
2006:  38%|███▊      | 112/296 [00:25<00:42,  4.28it/s]
2006:  38%|███▊      | 113/296 [00:25<00:43,  4.20it/s]
2006:  39%|███▊      | 114/296 [00:26<00:44,  4.06it/s]
2006:  39%|███▉      | 115/296 [00:26<00:42,  4.25it/s]
2006:  39%|███▉      | 116/296 [00:26<00:42,  4.28it/s]
2006:  40%|███▉      | 117/296 [00:26<00:41,  4.32it/s]
2006:  40%|███▉      | 118/296 [00:27<00:40,  4.34it/s]
2006:  40%|████      | 119/296 [00:27<00:42,  4.17it/s]
2006:  41%|████      | 120/296 [00:27<00:41,  4.29it/s]
2006:  41%|████      | 121/296 [00:27<00:40,  4.36it/s]
2006:  41%|████      | 122/296 [00:27<00:41,  4.18it/s]
2006:  42%|████▏     | 123/296 [00:28<00:41,  4.13it/s]
2006:  42%|████▏     | 124/296 [00:28<00:41,  4.14it/s]
2006:  42%|████▏     | 125/296 [00:28<00:41,  4.12it/s]
2006:  43%|████▎     | 126/296 [00:28<00:41,  4.07it/s]
2006:  43%|████▎     | 127/296 [00:29<00:41,  4.06it/s]
2006:  43%|████▎     | 128/296 [00:29<00:41,  4.10it/s]
2006:  44%|████▎     | 129/296 [00:29<00:40,  4.15it/s]
2006:  44%|████▍     | 130/296 [00:29<00:39,  4.25it/s]
2006:  44%|████▍     | 131/296 [00:30<00:39,  4.20it/s]
2006:  45%|████▍     | 132/296 [00:30<00:38,  4.27it/s]
2006:  45%|████▍     | 133/296 [00:30<00:37,  4.40it/s]
2006:  45%|████▌     | 134/296 [00:30<00:35,  4.61it/s]
2006:  46%|████▌     | 135/296 [00:30<00:34,  4.66it/s]
2006:  46%|████▌     | 136/296 [00:31<00:33,  4.71it/s]
2006:  46%|████▋     | 137/296 [00:36<04:45,  1.79s/it]
2006:  47%|████▋     | 138/296 [00:36<03:28,  1.32s/it]
2006:  47%|████▋     | 139/296 [00:37<02:35,  1.01it/s]
2006:  47%|████▋     | 140/296 [00:37<01:57,  1.33it/s]
2006:  48%|████▊     | 141/296 [00:37<01:31,  1.69it/s]
2006:  48%|████▊     | 142/296 [00:37<01:14,  2.06it/s]
2006:  48%|████▊     | 143/296 [00:37<01:02,  2.45it/s]
2006:  49%|████▊     | 144/296 [00:38<00:54,  2.77it/s]
2006:  49%|████▉     | 145/296 [00:38<00:48,  3.12it/s]
2006:  49%|████▉     | 146/296 [00:38<00:43,  3.43it/s]
2006:  50%|████▉     | 147/296 [00:38<00:40,  3.72it/s]
2006:  50%|█████     | 148/296 [00:39<00:37,  4.00it/s]
2006:  50%|█████     | 149/296 [00:39<00:36,  4.03it/s]
2006:  51%|█████     | 150/296 [00:39<00:36,  4.05it/s]
2006:  51%|█████     | 151/296 [00:39<00:36,  3.97it/s]
2006:  51%|█████▏    | 152/296 [00:40<00:35,  4.07it/s]
2006:  52%|█████▏    | 153/296 [00:40<00:35,  4.08it/s]
2006:  52%|█████▏    | 154/296 [00:40<00:35,  4.05it/s]
2006:  52%|█████▏    | 155/296 [00:40<00:33,  4.23it/s]
2006:  53%|█████▎    | 156/296 [00:41<00:32,  4.34it/s]
2006:  53%|█████▎    | 157/296 [00:41<00:31,  4.47it/s]
2006:  53%|█████▎    | 158/296 [00:41<00:32,  4.30it/s]
2006:  54%|█████▎    | 159/296 [00:41<00:30,  4.51it/s]
2006:  54%|█████▍    | 160/296 [00:41<00:29,  4.67it/s]
2006:  54%|█████▍    | 161/296 [00:42<00:28,  4.70it/s]
2006:  55%|█████▍    | 162/296 [00:42<00:28,  4.72it/s]
2006:  55%|█████▌    | 163/296 [00:42<00:29,  4.55it/s]
2006:  55%|█████▌    | 164/296 [00:42<00:28,  4.59it/s]
2006:  56%|█████▌    | 165/296 [00:42<00:28,  4.52it/s]
2006:  56%|█████▌    | 166/296 [00:43<00:28,  4.51it/s]
2006:  56%|█████▋    | 167/296 [00:43<00:28,  4.59it/s]
2006:  57%|█████▋    | 168/296 [00:43<00:27,  4.63it/s]
2006:  57%|█████▋    | 169/296 [00:43<00:27,  4.68it/s]
2006:  57%|█████▋    | 170/296 [00:44<00:27,  4.62it/s]
2006:  58%|█████▊    | 171/296 [00:44<00:26,  4.74it/s]
2006:  58%|█████▊    | 172/296 [00:44<00:26,  4.71it/s]
2006:  58%|█████▊    | 173/296 [00:44<00:26,  4.63it/s]
2006:  59%|█████▉    | 174/296 [00:44<00:28,  4.31it/s]
2006:  59%|█████▉    | 175/296 [00:45<00:27,  4.43it/s]
2006:  59%|█████▉    | 176/296 [00:45<00:26,  4.47it/s]
2006:  60%|█████▉    | 177/296 [00:45<00:24,  4.80it/s]
2006:  60%|██████    | 178/296 [00:45<00:24,  4.78it/s]
2006:  60%|██████    | 179/296 [00:46<00:24,  4.70it/s]
2006:  61%|██████    | 180/296 [00:46<00:24,  4.72it/s]
2006:  61%|██████    | 181/296 [00:46<00:24,  4.61it/s]
2006:  61%|██████▏   | 182/296 [00:46<00:24,  4.58it/s]
2006:  62%|██████▏   | 183/296 [00:46<00:24,  4.59it/s]
2006:  62%|██████▏   | 184/296 [00:47<00:26,  4.16it/s]
2006:  62%|██████▎   | 185/296 [00:47<00:25,  4.32it/s]
2006:  63%|██████▎   | 186/296 [00:47<00:25,  4.28it/s]
2006:  63%|██████▎   | 187/296 [00:47<00:25,  4.22it/s]
2006:  64%|██████▎   | 188/296 [00:48<00:25,  4.21it/s]
2006:  64%|██████▍   | 189/296 [00:48<00:25,  4.22it/s]
2006:  64%|██████▍   | 190/296 [00:48<00:25,  4.14it/s]
2006:  65%|██████▍   | 191/296 [00:48<00:25,  4.10it/s]
2006:  65%|██████▍   | 192/296 [00:49<00:24,  4.21it/s]
2006:  65%|██████▌   | 193/296 [00:49<00:23,  4.34it/s]
2006:  66%|██████▌   | 194/296 [00:49<00:23,  4.42it/s]
2006:  66%|██████▌   | 195/296 [00:49<00:22,  4.42it/s]
2006:  66%|██████▌   | 196/296 [00:49<00:22,  4.51it/s]
2006:  67%|██████▋   | 197/296 [00:50<00:22,  4.38it/s]
2006:  67%|██████▋   | 198/296 [00:50<00:24,  3.96it/s]
2006:  67%|██████▋   | 199/296 [00:50<00:23,  4.11it/s]
2006:  68%|██████▊   | 200/296 [00:50<00:22,  4.18it/s]
2006:  68%|██████▊   | 201/296 [00:51<00:22,  4.17it/s]
2006:  68%|██████▊   | 202/296 [00:51<00:22,  4.17it/s]
2006:  69%|██████▊   | 203/296 [00:51<00:23,  4.01it/s]
2006:  69%|██████▉   | 204/296 [00:51<00:22,  4.05it/s]
2006:  69%|██████▉   | 205/296 [00:52<00:22,  4.02it/s]
2006:  70%|██████▉   | 206/296 [00:52<00:21,  4.13it/s]
2006:  70%|██████▉   | 207/296 [00:52<00:23,  3.83it/s]
2006:  70%|███████   | 208/296 [00:52<00:21,  4.11it/s]
2006:  71%|███████   | 209/296 [00:53<00:20,  4.22it/s]
2006:  71%|███████   | 210/296 [00:53<00:19,  4.30it/s]
2006:  71%|███████▏  | 211/296 [00:53<00:19,  4.29it/s]
2006:  72%|███████▏  | 212/296 [00:53<00:19,  4.28it/s]
2006:  72%|███████▏  | 213/296 [00:54<00:20,  4.14it/s]
2006:  72%|███████▏  | 214/296 [00:54<00:19,  4.15it/s]
2006:  73%|███████▎  | 215/296 [00:54<00:19,  4.17it/s]
2006:  73%|███████▎  | 216/296 [00:54<00:19,  4.19it/s]
2006:  73%|███████▎  | 217/296 [00:55<00:19,  4.06it/s]
2006:  74%|███████▎  | 218/296 [00:55<00:19,  4.01it/s]
2006:  74%|███████▍  | 219/296 [00:55<00:19,  3.98it/s]
2006:  74%|███████▍  | 220/296 [00:55<00:17,  4.24it/s]
2006:  75%|███████▍  | 221/296 [00:56<00:17,  4.18it/s]
2006:  75%|███████▌  | 222/296 [00:56<00:17,  4.21it/s]
2006:  75%|███████▌  | 223/296 [00:56<00:19,  3.78it/s]
2006:  76%|███████▌  | 224/296 [00:56<00:19,  3.76it/s]
2006:  76%|███████▌  | 225/296 [00:57<00:19,  3.72it/s]
2006:  76%|███████▋  | 226/296 [00:57<00:17,  4.08it/s]
2006:  77%|███████▋  | 227/296 [00:57<00:16,  4.20it/s]
2006:  77%|███████▋  | 228/296 [00:57<00:17,  3.99it/s]
2006:  77%|███████▋  | 229/296 [00:58<00:18,  3.56it/s]
2006:  78%|███████▊  | 230/296 [00:58<00:18,  3.59it/s]
2006:  78%|███████▊  | 231/296 [00:58<00:17,  3.65it/s]
2006:  78%|███████▊  | 232/296 [00:58<00:16,  3.85it/s]
2006:  79%|███████▊  | 233/296 [00:59<00:16,  3.82it/s]
2006:  79%|███████▉  | 234/296 [00:59<00:17,  3.63it/s]
2006:  79%|███████▉  | 235/296 [00:59<00:16,  3.76it/s]
2006:  80%|███████▉  | 236/296 [01:00<00:15,  3.83it/s]
2006:  80%|████████  | 237/296 [01:00<00:14,  3.98it/s]
2006:  80%|████████  | 238/296 [01:00<00:14,  4.08it/s]
2006:  81%|████████  | 239/296 [01:00<00:13,  4.10it/s]
2006:  81%|████████  | 240/296 [01:00<00:13,  4.07it/s]
2006:  81%|████████▏ | 241/296 [01:01<00:13,  4.07it/s]
2006:  82%|████████▏ | 242/296 [01:01<00:13,  3.90it/s]
2006:  82%|████████▏ | 243/296 [01:01<00:12,  4.09it/s]
2006:  82%|████████▏ | 244/296 [01:01<00:12,  4.22it/s]
2006:  83%|████████▎ | 245/296 [01:02<00:11,  4.33it/s]
2006:  83%|████████▎ | 246/296 [01:02<00:11,  4.45it/s]
2006:  83%|████████▎ | 247/296 [01:02<00:11,  4.34it/s]
2006:  84%|████████▍ | 248/296 [01:02<00:10,  4.41it/s]
2006:  84%|████████▍ | 249/296 [01:03<00:10,  4.52it/s]
2006:  84%|████████▍ | 250/296 [01:03<00:10,  4.27it/s]
2006:  85%|████████▍ | 251/296 [01:03<00:10,  4.20it/s]
2006:  85%|████████▌ | 252/296 [01:03<00:10,  4.16it/s]
2006:  85%|████████▌ | 253/296 [01:04<00:10,  3.98it/s]
2006:  86%|████████▌ | 254/296 [01:04<00:10,  4.02it/s]
2006:  86%|████████▌ | 255/296 [01:04<00:09,  4.23it/s]
2006:  86%|████████▋ | 256/296 [01:04<00:08,  4.46it/s]
2006:  87%|████████▋ | 257/296 [01:04<00:08,  4.48it/s]
2006:  87%|████████▋ | 258/296 [01:05<00:08,  4.56it/s]
2006:  88%|████████▊ | 259/296 [01:05<00:08,  4.29it/s]
2006:  88%|████████▊ | 260/296 [01:05<00:08,  4.08it/s]
2006:  88%|████████▊ | 261/296 [01:05<00:08,  4.08it/s]
2006:  89%|████████▊ | 262/296 [01:06<00:08,  3.98it/s]
2006:  89%|████████▉ | 263/296 [01:06<00:07,  4.19it/s]
2006:  89%|████████▉ | 264/296 [01:06<00:07,  4.18it/s]
2006:  90%|████████▉ | 265/296 [01:06<00:07,  4.16it/s]
2006:  90%|████████▉ | 266/296 [01:07<00:06,  4.32it/s]
2006:  90%|█████████ | 267/296 [01:07<00:06,  4.26it/s]
2006:  91%|█████████ | 268/296 [01:07<00:06,  4.25it/s]
2006:  91%|█████████ | 269/296 [01:07<00:06,  4.12it/s]
2006:  91%|█████████ | 270/296 [01:08<00:06,  4.12it/s]
2006:  92%|█████████▏| 271/296 [01:08<00:06,  4.04it/s]
2006:  92%|█████████▏| 272/296 [01:08<00:06,  3.77it/s]
2006:  92%|█████████▏| 273/296 [01:08<00:05,  3.88it/s]
2006:  93%|█████████▎| 274/296 [01:09<00:05,  3.90it/s]
2006:  93%|█████████▎| 275/296 [01:09<00:05,  3.86it/s]
2006:  93%|█████████▎| 276/296 [01:09<00:05,  3.85it/s]
2006:  94%|█████████▎| 277/296 [01:09<00:04,  3.84it/s]
2006:  94%|█████████▍| 278/296 [01:10<00:04,  3.94it/s]
2006:  94%|█████████▍| 279/296 [01:10<00:04,  3.83it/s]
2006:  95%|█████████▍| 280/296 [01:10<00:04,  3.99it/s]
2006:  95%|█████████▍| 281/296 [01:10<00:03,  4.04it/s]
2006:  95%|█████████▌| 282/296 [01:11<00:03,  4.16it/s]
2006:  96%|█████████▌| 283/296 [01:11<00:03,  4.22it/s]
2006:  96%|█████████▌| 284/296 [01:11<00:02,  4.24it/s]
2006:  96%|█████████▋| 285/296 [01:11<00:02,  4.46it/s]
2006:  97%|█████████▋| 286/296 [01:12<00:02,  4.45it/s]
2006:  97%|█████████▋| 287/296 [01:12<00:01,  4.55it/s]
2006:  97%|█████████▋| 288/296 [01:12<00:01,  4.51it/s]
2006:  98%|█████████▊| 289/296 [01:12<00:01,  4.59it/s]
2006:  98%|█████████▊| 290/296 [01:12<00:01,  4.63it/s]
2006:  98%|█████████▊| 291/296 [01:13<00:01,  4.56it/s]
2006:  99%|█████████▊| 292/296 [01:13<00:00,  4.55it/s]
2006:  99%|█████████▉| 293/296 [01:13<00:00,  4.59it/s]
2006:  99%|█████████▉| 294/296 [01:13<00:00,  4.65it/s]
2006: 100%|█████████▉| 295/296 [01:13<00:00,  4.62it/s]
2006: 100%|██████████| 296/296 [01:14<00:00,  4.63it/s]
2006: 100%|██████████| 296/296 [01:14<00:00,  3.99it/s]

📉 Fertig: 0 Duelle gefunden
⏭️ 296 Wettbewerbe ohne Tableau übersprungen

✅ 0 Matches gespeichert nach: outputs/2006/match_data_2006_raw.csv
✅ Success

▶️ 03_parse_athletes.py
Traceback (most recent call last):
  File "/home/superuser/Dropbox/Webcrawler_TIM/scripts/03_parse_athletes.py", line 92, in <module>
    df = pd.read_csv(INPUT_FILE)
         ^^^^^^^^^^^^^^^^^^^^^^^
  File "/home/superuser/.pyenv/versions/3.11.0/envs/computerVision2/lib/python3.11/site-packages/pandas/io/parsers/readers.py", line 1026, in read_csv
    return _read(filepath_or_buffer, kwds)
           ^^^^^^^^^^^^^^^^^^^^^^^^^^^^^^^
  File "/home/superuser/.pyenv/versions/3.11.0/envs/computerVision2/lib/python3.11/site-packages/pandas/io/parsers/readers.py", line 620, in _read
    parser = TextFileReader(filepath_or_buffer, **kwds)
             ^^^^^^^^^^^^^^^^^^^^^^^^^^^^^^^^^^^^^^^^^^
  File "/home/superuser/.pyenv/versions/3.11.0/envs/computerVision2/lib/python3.11/site-packages/pandas/io/parsers/readers.py", line 1620, in __init__
    self._engine = self._make_engine(f, self.engine)
                   ^^^^^^^^^^^^^^^^^^^^^^^^^^^^^^^^^
  File "/home/superuser/.pyenv/versions/3.11.0/envs/computerVision2/lib/python3.11/site-packages/pandas/io/parsers/readers.py", line 1898, in _make_engine
    return mapping[engine](f, **self.options)
           ^^^^^^^^^^^^^^^^^^^^^^^^^^^^^^^^^^
  File "/home/superuser/.pyenv/versions/3.11.0/envs/computerVision2/lib/python3.11/site-packages/pandas/io/parsers/c_parser_wrapper.py", line 93, in __init__
    self._reader = parsers.TextReader(src, **kwds)
                   ^^^^^^^^^^^^^^^^^^^^^^^^^^^^^^^
  File "parsers.pyx", line 581, in pandas._libs.parsers.TextReader.__cinit__
pandas.errors.EmptyDataError: No columns to parse from file

--- Fehler ---

=== Pipeline fertig für 2006 @ 2025-04-13T18:50:50.508519 ===
