=== Pipeline Start für 2007 @ 2025-04-12T13:33:31.153417 ===

▶️ 01_fetch_competitions.py
✅ Saved 360 competitions to outputs/2007/competitions_2007.csv
✅ Success

▶️ 02_parse_matches.py

2007:   0%|          | 0/360 [00:00<?, ?it/s]
2007:   0%|          | 1/360 [00:00<01:36,  3.72it/s]
2007:   1%|          | 2/360 [00:00<01:29,  4.01it/s]
2007:   1%|          | 3/360 [00:00<01:29,  3.97it/s]
2007:   1%|          | 4/360 [00:01<01:29,  3.98it/s]
2007:   1%|▏         | 5/360 [00:01<01:29,  3.95it/s]
2007:   2%|▏         | 6/360 [00:01<01:27,  4.06it/s]
2007:   2%|▏         | 7/360 [00:01<01:23,  4.22it/s]
2007:   2%|▏         | 8/360 [00:01<01:20,  4.36it/s]
2007:   2%|▎         | 9/360 [00:02<01:18,  4.45it/s]
2007:   3%|▎         | 10/360 [00:02<01:18,  4.46it/s]
2007:   3%|▎         | 11/360 [00:02<01:18,  4.46it/s]
2007:   3%|▎         | 12/360 [00:02<01:16,  4.56it/s]
2007:   4%|▎         | 13/360 [00:03<01:16,  4.53it/s]
2007:   4%|▍         | 14/360 [00:03<01:16,  4.52it/s]
2007:   4%|▍         | 15/360 [00:03<01:17,  4.46it/s]
2007:   4%|▍         | 16/360 [00:03<01:19,  4.33it/s]
2007:   5%|▍         | 17/360 [00:03<01:18,  4.38it/s]
2007:   5%|▌         | 18/360 [00:04<01:19,  4.28it/s]
2007:   5%|▌         | 19/360 [00:04<01:20,  4.24it/s]
2007:   6%|▌         | 20/360 [00:04<01:16,  4.46it/s]
2007:   6%|▌         | 21/360 [00:04<01:10,  4.82it/s]
2007:   6%|▌         | 22/360 [00:04<01:08,  4.94it/s]
2007:   6%|▋         | 23/360 [00:05<01:08,  4.93it/s]
2007:   7%|▋         | 24/360 [00:05<01:08,  4.89it/s]
2007:   7%|▋         | 25/360 [00:05<01:06,  5.01it/s]
2007:   7%|▋         | 26/360 [00:05<01:09,  4.83it/s]
2007:   8%|▊         | 27/360 [00:06<01:09,  4.81it/s]
2007:   8%|▊         | 28/360 [00:06<01:11,  4.62it/s]
2007:   8%|▊         | 29/360 [00:06<01:11,  4.62it/s]
2007:   8%|▊         | 30/360 [00:06<01:08,  4.79it/s]
2007:   9%|▊         | 31/360 [00:06<01:08,  4.80it/s]
2007:   9%|▉         | 32/360 [00:07<01:09,  4.69it/s]
2007:   9%|▉         | 33/360 [00:07<01:12,  4.52it/s]
2007:   9%|▉         | 34/360 [00:07<01:11,  4.58it/s]
2007:  10%|▉         | 35/360 [00:07<01:09,  4.69it/s]
2007:  10%|█         | 36/360 [00:07<01:09,  4.69it/s]
2007:  10%|█         | 37/360 [00:08<01:09,  4.65it/s]
2007:  11%|█         | 38/360 [00:08<01:09,  4.66it/s]
2007:  11%|█         | 39/360 [00:08<01:13,  4.35it/s]
2007:  11%|█         | 40/360 [00:08<01:15,  4.26it/s]
2007:  11%|█▏        | 41/360 [00:09<01:14,  4.29it/s]
2007:  12%|█▏        | 42/360 [00:09<01:17,  4.09it/s]
2007:  12%|█▏        | 43/360 [00:09<01:15,  4.20it/s]
2007:  12%|█▏        | 44/360 [00:09<01:12,  4.35it/s]
2007:  12%|█▎        | 45/360 [00:10<01:13,  4.29it/s]
2007:  13%|█▎        | 46/360 [00:10<01:14,  4.23it/s]
2007:  13%|█▎        | 47/360 [00:10<01:16,  4.08it/s]
2007:  13%|█▎        | 48/360 [00:10<01:16,  4.05it/s]
2007:  14%|█▎        | 49/360 [00:11<01:20,  3.88it/s]
2007:  14%|█▍        | 50/360 [00:11<01:16,  4.05it/s]
2007:  14%|█▍        | 51/360 [00:11<01:13,  4.18it/s]
2007:  14%|█▍        | 52/360 [00:11<01:10,  4.34it/s]
2007:  15%|█▍        | 53/360 [00:12<01:14,  4.10it/s]
2007:  15%|█▌        | 54/360 [00:12<01:18,  3.91it/s]
2007:  15%|█▌        | 55/360 [00:12<01:17,  3.93it/s]
2007:  16%|█▌        | 56/360 [00:12<01:16,  3.95it/s]
2007:  16%|█▌        | 57/360 [00:13<01:14,  4.09it/s]
2007:  16%|█▌        | 58/360 [00:13<01:12,  4.15it/s]
2007:  16%|█▋        | 59/360 [00:13<01:13,  4.11it/s]
2007:  17%|█▋        | 60/360 [00:13<01:15,  3.95it/s]
2007:  17%|█▋        | 61/360 [00:14<01:11,  4.16it/s]
2007:  17%|█▋        | 62/360 [00:14<01:08,  4.32it/s]
2007:  18%|█▊        | 63/360 [00:14<01:08,  4.34it/s]
2007:  18%|█▊        | 64/360 [00:14<01:11,  4.14it/s]
2007:  18%|█▊        | 65/360 [00:14<01:12,  4.07it/s]
2007:  18%|█▊        | 66/360 [00:15<01:13,  3.97it/s]
2007:  19%|█▊        | 67/360 [00:15<01:15,  3.87it/s]
2007:  19%|█▉        | 68/360 [00:15<01:13,  3.96it/s]
2007:  19%|█▉        | 69/360 [00:16<01:14,  3.93it/s]
2007:  19%|█▉        | 70/360 [00:16<01:11,  4.05it/s]
2007:  20%|█▉        | 71/360 [00:16<01:06,  4.32it/s]
2007:  20%|██        | 72/360 [00:16<01:08,  4.23it/s]
2007:  20%|██        | 73/360 [00:16<01:06,  4.30it/s]
2007:  21%|██        | 74/360 [00:17<01:08,  4.16it/s]
2007:  21%|██        | 75/360 [00:17<01:06,  4.27it/s]
2007:  21%|██        | 76/360 [00:17<01:07,  4.22it/s]
2007:  21%|██▏       | 77/360 [00:17<01:07,  4.17it/s]
2007:  22%|██▏       | 78/360 [00:18<01:08,  4.11it/s]
2007:  22%|██▏       | 79/360 [00:18<01:08,  4.11it/s]
2007:  22%|██▏       | 80/360 [00:18<01:11,  3.94it/s]
2007:  22%|██▎       | 81/360 [00:18<01:09,  4.00it/s]
2007:  23%|██▎       | 82/360 [00:19<01:09,  4.01it/s]
2007:  23%|██▎       | 83/360 [00:19<01:09,  3.99it/s]
2007:  23%|██▎       | 84/360 [00:19<01:09,  3.98it/s]
2007:  24%|██▎       | 85/360 [00:19<01:09,  3.98it/s]
2007:  24%|██▍       | 86/360 [00:20<01:07,  4.06it/s]
2007:  24%|██▍       | 87/360 [00:20<01:13,  3.71it/s]
2007:  24%|██▍       | 88/360 [00:20<01:12,  3.73it/s]
2007:  25%|██▍       | 89/360 [00:20<01:11,  3.81it/s]
2007:  25%|██▌       | 90/360 [00:21<01:06,  4.05it/s]
2007:  25%|██▌       | 91/360 [00:21<01:03,  4.20it/s]
2007:  26%|██▌       | 92/360 [00:21<01:03,  4.20it/s]
2007:  26%|██▌       | 93/360 [00:21<01:00,  4.38it/s]
2007:  26%|██▌       | 94/360 [00:22<00:59,  4.44it/s]
2007:  26%|██▋       | 95/360 [00:22<01:04,  4.12it/s]
2007:  27%|██▋       | 96/360 [00:22<01:05,  4.00it/s]
2007:  27%|██▋       | 97/360 [00:22<01:06,  3.97it/s]
2007:  27%|██▋       | 98/360 [00:23<01:05,  4.01it/s]
2007:  28%|██▊       | 99/360 [00:23<01:05,  3.97it/s]
2007:  28%|██▊       | 100/360 [00:23<01:04,  4.03it/s]
2007:  28%|██▊       | 101/360 [00:23<01:01,  4.24it/s]
2007:  28%|██▊       | 102/360 [00:24<01:04,  4.03it/s]
2007:  29%|██▊       | 103/360 [00:24<01:02,  4.12it/s]
2007:  29%|██▉       | 104/360 [00:24<01:00,  4.24it/s]
2007:  29%|██▉       | 105/360 [00:24<01:00,  4.24it/s]
2007:  29%|██▉       | 106/360 [00:25<00:58,  4.32it/s]
2007:  30%|██▉       | 107/360 [00:25<00:57,  4.42it/s]
2007:  30%|███       | 108/360 [00:25<00:57,  4.41it/s]
2007:  30%|███       | 109/360 [00:25<00:58,  4.26it/s]
2007:  31%|███       | 110/360 [00:25<00:59,  4.18it/s]
2007:  31%|███       | 111/360 [00:26<01:00,  4.13it/s]
2007:  31%|███       | 112/360 [00:26<01:01,  4.03it/s]
2007:  31%|███▏      | 113/360 [00:26<01:04,  3.80it/s]
2007:  32%|███▏      | 114/360 [00:27<01:02,  3.95it/s]
2007:  32%|███▏      | 115/360 [00:27<01:00,  4.03it/s]
2007:  32%|███▏      | 116/360 [00:27<00:59,  4.09it/s]
2007:  32%|███▎      | 117/360 [00:27<00:57,  4.23it/s]
2007:  33%|███▎      | 118/360 [00:27<00:57,  4.21it/s]
2007:  33%|███▎      | 119/360 [00:28<00:57,  4.18it/s]
2007:  33%|███▎      | 120/360 [00:28<00:55,  4.31it/s]
2007:  34%|███▎      | 121/360 [00:28<00:57,  4.15it/s]
2007:  34%|███▍      | 122/360 [00:28<00:56,  4.23it/s]
2007:  34%|███▍      | 123/360 [00:29<00:55,  4.26it/s]
2007:  34%|███▍      | 124/360 [00:29<00:54,  4.30it/s]
2007:  35%|███▍      | 125/360 [00:29<00:54,  4.27it/s]
2007:  35%|███▌      | 126/360 [00:39<12:25,  3.19s/it]
2007:  35%|███▌      | 127/360 [00:40<09:18,  2.40s/it]
2007:  36%|███▌      | 128/360 [00:40<06:44,  1.74s/it]
2007:  36%|███▌      | 129/360 [00:45<11:04,  2.87s/it]
2007:  36%|███▌      | 130/360 [00:46<07:58,  2.08s/it]
2007:  36%|███▋      | 131/360 [00:46<05:49,  1.53s/it]
2007:  37%|███▋      | 132/360 [00:46<04:24,  1.16s/it]
2007:  37%|███▋      | 133/360 [00:46<03:18,  1.14it/s]
2007:  37%|███▋      | 134/360 [00:47<02:31,  1.49it/s]
2007:  38%|███▊      | 135/360 [00:47<02:02,  1.84it/s]
2007:  38%|███▊      | 136/360 [00:47<01:41,  2.20it/s]
2007:  38%|███▊      | 137/360 [00:47<01:27,  2.54it/s]
2007:  38%|███▊      | 138/360 [00:48<01:16,  2.89it/s]
2007:  39%|███▊      | 139/360 [00:48<01:10,  3.14it/s]
2007:  39%|███▉      | 140/360 [00:48<01:06,  3.32it/s]
2007:  39%|███▉      | 141/360 [00:48<01:04,  3.40it/s]
2007:  39%|███▉      | 142/360 [00:49<01:01,  3.54it/s]
2007:  40%|███▉      | 143/360 [00:49<00:59,  3.68it/s]
2007:  40%|████      | 144/360 [00:49<00:54,  3.97it/s]
2007:  40%|████      | 145/360 [00:49<00:52,  4.11it/s]
2007:  41%|████      | 146/360 [00:50<00:50,  4.22it/s]
2007:  41%|████      | 147/360 [00:50<00:50,  4.24it/s]
2007:  41%|████      | 148/360 [00:50<00:49,  4.25it/s]
2007:  41%|████▏     | 149/360 [00:50<00:48,  4.39it/s]
2007:  42%|████▏     | 150/360 [00:50<00:46,  4.56it/s]
2007:  42%|████▏     | 151/360 [00:51<00:43,  4.86it/s]
2007:  42%|████▏     | 152/360 [00:51<00:41,  4.98it/s]
2007:  42%|████▎     | 153/360 [00:51<00:43,  4.81it/s]
2007:  43%|████▎     | 154/360 [00:51<00:43,  4.68it/s]
2007:  43%|████▎     | 155/360 [00:51<00:44,  4.60it/s]
2007:  43%|████▎     | 156/360 [00:52<00:45,  4.51it/s]
2007:  44%|████▎     | 157/360 [00:52<00:45,  4.47it/s]
2007:  44%|████▍     | 158/360 [00:52<00:48,  4.14it/s]
2007:  44%|████▍     | 159/360 [00:52<00:46,  4.36it/s]
2007:  44%|████▍     | 160/360 [00:53<00:44,  4.51it/s]
2007:  45%|████▍     | 161/360 [00:53<00:42,  4.67it/s]
2007:  45%|████▌     | 162/360 [00:53<00:41,  4.74it/s]
2007:  45%|████▌     | 163/360 [00:53<00:40,  4.81it/s]
2007:  46%|████▌     | 164/360 [00:53<00:40,  4.79it/s]
2007:  46%|████▌     | 165/360 [00:54<00:40,  4.81it/s]
2007:  46%|████▌     | 166/360 [00:54<00:42,  4.59it/s]
2007:  46%|████▋     | 167/360 [00:54<00:42,  4.53it/s]
2007:  47%|████▋     | 168/360 [00:54<00:45,  4.25it/s]
2007:  47%|████▋     | 169/360 [00:55<00:42,  4.53it/s]
2007:  47%|████▋     | 170/360 [00:55<00:41,  4.63it/s]
2007:  48%|████▊     | 171/360 [00:55<00:41,  4.56it/s]
2007:  48%|████▊     | 172/360 [00:55<00:41,  4.52it/s]
2007:  48%|████▊     | 173/360 [00:55<00:41,  4.50it/s]
2007:  48%|████▊     | 174/360 [00:56<00:41,  4.48it/s]
2007:  49%|████▊     | 175/360 [00:56<00:40,  4.59it/s]
2007:  49%|████▉     | 176/360 [00:56<00:41,  4.42it/s]
2007:  49%|████▉     | 177/360 [00:56<00:40,  4.49it/s]
2007:  49%|████▉     | 178/360 [00:57<00:42,  4.33it/s]
2007:  50%|████▉     | 179/360 [00:57<00:41,  4.36it/s]
2007:  50%|█████     | 180/360 [00:57<00:39,  4.51it/s]
2007:  50%|█████     | 181/360 [00:57<00:43,  4.16it/s]
2007:  51%|█████     | 182/360 [00:58<00:42,  4.18it/s]
2007:  51%|█████     | 183/360 [00:58<00:43,  4.09it/s]
2007:  51%|█████     | 184/360 [00:58<00:45,  3.86it/s]
2007:  51%|█████▏    | 185/360 [00:58<00:44,  3.89it/s]
2007:  52%|█████▏    | 186/360 [00:59<00:45,  3.85it/s]
2007:  52%|█████▏    | 187/360 [00:59<00:42,  4.05it/s]
2007:  52%|█████▏    | 188/360 [00:59<00:41,  4.17it/s]
2007:  52%|█████▎    | 189/360 [00:59<00:40,  4.23it/s]
2007:  53%|█████▎    | 190/360 [00:59<00:39,  4.34it/s]
2007:  53%|█████▎    | 191/360 [01:00<00:37,  4.47it/s]
2007:  53%|█████▎    | 192/360 [01:00<00:37,  4.43it/s]
2007:  54%|█████▎    | 193/360 [01:00<00:36,  4.53it/s]
2007:  54%|█████▍    | 194/360 [01:00<00:36,  4.56it/s]
2007:  54%|█████▍    | 195/360 [01:01<00:34,  4.78it/s]
2007:  54%|█████▍    | 196/360 [01:01<00:36,  4.55it/s]
2007:  55%|█████▍    | 197/360 [01:01<00:35,  4.63it/s]
2007:  55%|█████▌    | 198/360 [01:01<00:35,  4.55it/s]
2007:  55%|█████▌    | 199/360 [01:01<00:36,  4.36it/s]
2007:  56%|█████▌    | 200/360 [01:02<00:36,  4.36it/s]
2007:  56%|█████▌    | 201/360 [01:02<00:36,  4.34it/s]
2007:  56%|█████▌    | 202/360 [01:02<00:34,  4.59it/s]
2007:  56%|█████▋    | 203/360 [01:02<00:33,  4.69it/s]
2007:  57%|█████▋    | 204/360 [01:03<00:32,  4.73it/s]
2007:  57%|█████▋    | 205/360 [01:03<00:32,  4.74it/s]
2007:  57%|█████▋    | 206/360 [01:03<00:31,  4.96it/s]
2007:  57%|█████▊    | 207/360 [01:03<00:32,  4.75it/s]
2007:  58%|█████▊    | 208/360 [01:03<00:31,  4.78it/s]
2007:  58%|█████▊    | 209/360 [01:04<00:31,  4.83it/s]
2007:  58%|█████▊    | 210/360 [01:04<00:32,  4.66it/s]
2007:  59%|█████▊    | 211/360 [01:04<00:32,  4.60it/s]
2007:  59%|█████▉    | 212/360 [01:04<00:32,  4.56it/s]
2007:  59%|█████▉    | 213/360 [01:04<00:31,  4.70it/s]
2007:  59%|█████▉    | 214/360 [01:05<00:29,  4.96it/s]
2007:  60%|█████▉    | 215/360 [01:05<00:28,  5.05it/s]
2007:  60%|██████    | 216/360 [01:05<00:29,  4.93it/s]
2007:  60%|██████    | 217/360 [01:05<00:28,  4.99it/s]
2007:  61%|██████    | 218/360 [01:05<00:28,  4.96it/s]
2007:  61%|██████    | 219/360 [01:06<00:29,  4.76it/s]
2007:  61%|██████    | 220/360 [01:06<00:30,  4.60it/s]
2007:  61%|██████▏   | 221/360 [01:06<00:30,  4.57it/s]
2007:  62%|██████▏   | 222/360 [01:06<00:29,  4.61it/s]
2007:  62%|██████▏   | 223/360 [01:06<00:28,  4.75it/s]
2007:  62%|██████▏   | 224/360 [01:07<00:29,  4.63it/s]
2007:  62%|██████▎   | 225/360 [01:07<00:29,  4.63it/s]
2007:  63%|██████▎   | 226/360 [01:07<00:29,  4.51it/s]
2007:  63%|██████▎   | 227/360 [01:07<00:30,  4.35it/s]
2007:  63%|██████▎   | 228/360 [01:08<00:30,  4.36it/s]
2007:  64%|██████▎   | 229/360 [01:08<00:30,  4.32it/s]
2007:  64%|██████▍   | 230/360 [01:08<00:29,  4.36it/s]
2007:  64%|██████▍   | 231/360 [01:08<00:27,  4.62it/s]
2007:  64%|██████▍   | 232/360 [01:09<00:27,  4.61it/s]
2007:  65%|██████▍   | 233/360 [01:09<00:28,  4.49it/s]
2007:  65%|██████▌   | 234/360 [01:09<00:28,  4.46it/s]
2007:  65%|██████▌   | 235/360 [01:09<00:27,  4.56it/s]
2007:  66%|██████▌   | 236/360 [01:09<00:28,  4.36it/s]
2007:  66%|██████▌   | 237/360 [01:10<00:28,  4.26it/s]
2007:  66%|██████▌   | 238/360 [01:10<00:29,  4.18it/s]
2007:  66%|██████▋   | 239/360 [01:10<00:29,  4.12it/s]
2007:  67%|██████▋   | 240/360 [01:10<00:29,  4.03it/s]
2007:  67%|██████▋   | 241/360 [01:11<00:27,  4.32it/s]
2007:  67%|██████▋   | 242/360 [01:11<00:26,  4.40it/s]
2007:  68%|██████▊   | 243/360 [01:11<00:25,  4.64it/s]
2007:  68%|██████▊   | 244/360 [01:11<00:26,  4.38it/s]
2007:  68%|██████▊   | 245/360 [01:12<00:27,  4.20it/s]
2007:  68%|██████▊   | 246/360 [01:12<00:25,  4.39it/s]
2007:  69%|██████▊   | 247/360 [01:12<00:26,  4.19it/s]
2007:  69%|██████▉   | 248/360 [01:12<00:29,  3.84it/s]
2007:  69%|██████▉   | 249/360 [01:13<00:29,  3.82it/s]
2007:  69%|██████▉   | 250/360 [01:13<00:28,  3.91it/s]
2007:  70%|██████▉   | 251/360 [01:13<00:26,  4.15it/s]
2007:  70%|███████   | 252/360 [01:13<00:25,  4.27it/s]
2007:  70%|███████   | 253/360 [01:14<00:27,  3.96it/s]
2007:  71%|███████   | 254/360 [01:14<00:27,  3.92it/s]
2007:  71%|███████   | 255/360 [01:14<00:26,  3.94it/s]
2007:  71%|███████   | 256/360 [01:14<00:24,  4.23it/s]
2007:  71%|███████▏  | 257/360 [01:14<00:23,  4.33it/s]
2007:  72%|███████▏  | 258/360 [01:15<00:23,  4.25it/s]
2007:  72%|███████▏  | 259/360 [01:15<00:24,  4.20it/s]
2007:  72%|███████▏  | 260/360 [01:15<00:23,  4.23it/s]
2007:  72%|███████▎  | 261/360 [01:15<00:23,  4.16it/s]
2007:  73%|███████▎  | 262/360 [01:16<00:23,  4.18it/s]
2007:  73%|███████▎  | 263/360 [01:16<00:25,  3.87it/s]
2007:  73%|███████▎  | 264/360 [01:16<00:23,  4.05it/s]
2007:  74%|███████▎  | 265/360 [01:16<00:22,  4.13it/s]
2007:  74%|███████▍  | 266/360 [01:17<00:22,  4.16it/s]
2007:  74%|███████▍  | 267/360 [01:17<00:22,  4.12it/s]
2007:  74%|███████▍  | 268/360 [01:17<00:22,  4.05it/s]
2007:  75%|███████▍  | 269/360 [01:17<00:22,  4.11it/s]
2007:  75%|███████▌  | 270/360 [01:18<00:20,  4.39it/s]
2007:  75%|███████▌  | 271/360 [01:18<00:20,  4.38it/s]
2007:  76%|███████▌  | 272/360 [01:18<00:20,  4.35it/s]
2007:  76%|███████▌  | 273/360 [01:18<00:19,  4.47it/s]
2007:  76%|███████▌  | 274/360 [01:18<00:18,  4.69it/s]
2007:  76%|███████▋  | 275/360 [01:19<00:19,  4.40it/s]
2007:  77%|███████▋  | 276/360 [01:19<00:20,  4.13it/s]
2007:  77%|███████▋  | 277/360 [01:19<00:20,  4.14it/s]
2007:  77%|███████▋  | 278/360 [01:19<00:19,  4.26it/s]
2007:  78%|███████▊  | 279/360 [01:20<00:19,  4.21it/s]
2007:  78%|███████▊  | 280/360 [01:20<00:19,  4.19it/s]
2007:  78%|███████▊  | 281/360 [01:20<00:18,  4.28it/s]
2007:  78%|███████▊  | 282/360 [01:20<00:18,  4.16it/s]
2007:  79%|███████▊  | 283/360 [01:21<00:18,  4.20it/s]
2007:  79%|███████▉  | 284/360 [01:21<00:17,  4.34it/s]
2007:  79%|███████▉  | 285/360 [01:21<00:16,  4.42it/s]
2007:  79%|███████▉  | 286/360 [01:21<00:16,  4.40it/s]
2007:  80%|███████▉  | 287/360 [01:22<00:16,  4.50it/s]
2007:  80%|████████  | 288/360 [01:22<00:16,  4.38it/s]
2007:  80%|████████  | 289/360 [01:22<00:15,  4.48it/s]
2007:  81%|████████  | 290/360 [01:22<00:16,  4.31it/s]
2007:  81%|████████  | 291/360 [01:23<00:17,  3.99it/s]
2007:  81%|████████  | 292/360 [01:23<00:17,  3.91it/s]
2007:  81%|████████▏ | 293/360 [01:23<00:17,  3.75it/s]
2007:  82%|████████▏ | 294/360 [01:23<00:16,  3.92it/s]
2007:  82%|████████▏ | 295/360 [01:24<00:17,  3.70it/s]
2007:  82%|████████▏ | 296/360 [01:24<00:17,  3.70it/s]
2007:  82%|████████▎ | 297/360 [01:24<00:16,  3.84it/s]
2007:  83%|████████▎ | 298/360 [01:24<00:16,  3.76it/s]
2007:  83%|████████▎ | 299/360 [01:25<00:17,  3.40it/s]
2007:  83%|████████▎ | 300/360 [01:25<00:16,  3.68it/s]
2007:  84%|████████▎ | 301/360 [01:25<00:17,  3.46it/s]
2007:  84%|████████▍ | 302/360 [01:26<00:15,  3.72it/s]
2007:  84%|████████▍ | 303/360 [01:26<00:15,  3.79it/s]
2007:  84%|████████▍ | 304/360 [01:26<00:14,  3.94it/s]
2007:  85%|████████▍ | 305/360 [01:26<00:13,  4.02it/s]
2007:  85%|████████▌ | 306/360 [01:27<00:13,  3.87it/s]
2007:  85%|████████▌ | 307/360 [01:27<00:12,  4.22it/s]
2007:  86%|████████▌ | 308/360 [01:27<00:12,  4.23it/s]
2007:  86%|████████▌ | 309/360 [01:27<00:12,  4.23it/s]
2007:  86%|████████▌ | 310/360 [01:27<00:12,  4.15it/s]
2007:  86%|████████▋ | 311/360 [01:28<00:11,  4.21it/s]
2007:  87%|████████▋ | 312/360 [01:33<01:24,  1.76s/it]
2007:  87%|████████▋ | 313/360 [01:33<01:00,  1.30s/it]
2007:  87%|████████▋ | 314/360 [01:33<00:44,  1.03it/s]
2007:  88%|████████▊ | 315/360 [01:34<00:34,  1.31it/s]
2007:  88%|████████▊ | 316/360 [01:34<00:27,  1.61it/s]
2007:  88%|████████▊ | 317/360 [01:34<00:21,  1.97it/s]
2007:  88%|████████▊ | 318/360 [01:34<00:17,  2.34it/s]
2007:  89%|████████▊ | 319/360 [01:35<00:15,  2.66it/s]
2007:  89%|████████▉ | 320/360 [01:35<00:13,  2.99it/s]
2007:  89%|████████▉ | 321/360 [01:40<01:10,  1.80s/it]
2007:  89%|████████▉ | 322/360 [01:45<01:47,  2.83s/it]
2007:  90%|████████▉ | 323/360 [01:46<01:15,  2.05s/it]
2007:  90%|█████████ | 324/360 [01:46<00:54,  1.50s/it]
2007:  90%|█████████ | 325/360 [01:46<00:39,  1.12s/it]
2007:  91%|█████████ | 326/360 [01:46<00:29,  1.16it/s]
2007:  91%|█████████ | 327/360 [01:47<00:22,  1.47it/s]
2007:  91%|█████████ | 328/360 [01:47<00:17,  1.78it/s]
2007:  91%|█████████▏| 329/360 [01:47<00:14,  2.21it/s]
2007:  92%|█████████▏| 330/360 [01:47<00:11,  2.67it/s]
2007:  92%|█████████▏| 331/360 [01:48<00:09,  3.11it/s]
2007:  92%|█████████▏| 332/360 [01:48<00:07,  3.51it/s]
2007:  92%|█████████▎| 333/360 [01:48<00:07,  3.82it/s]
2007:  93%|█████████▎| 334/360 [01:48<00:06,  4.04it/s]
2007:  93%|█████████▎| 335/360 [01:48<00:06,  4.14it/s]
2007:  93%|█████████▎| 336/360 [01:49<00:05,  4.31it/s]
2007:  94%|█████████▎| 337/360 [01:49<00:05,  4.43it/s]
2007:  94%|█████████▍| 338/360 [01:49<00:04,  4.56it/s]
2007:  94%|█████████▍| 339/360 [01:49<00:04,  4.68it/s]
2007:  94%|█████████▍| 340/360 [01:49<00:04,  4.59it/s]
2007:  95%|█████████▍| 341/360 [01:50<00:04,  4.68it/s]
2007:  95%|█████████▌| 342/360 [01:50<00:03,  4.80it/s]
2007:  95%|█████████▌| 343/360 [01:50<00:03,  4.79it/s]
2007:  96%|█████████▌| 344/360 [01:50<00:03,  5.05it/s]
2007:  96%|█████████▌| 345/360 [01:50<00:03,  4.69it/s]
2007:  96%|█████████▌| 346/360 [01:51<00:03,  4.66it/s]
2007:  96%|█████████▋| 347/360 [01:51<00:02,  4.68it/s]
2007:  97%|█████████▋| 348/360 [01:51<00:02,  4.70it/s]
2007:  97%|█████████▋| 349/360 [01:51<00:02,  4.59it/s]
2007:  97%|█████████▋| 350/360 [01:52<00:02,  4.61it/s]
2007:  98%|█████████▊| 351/360 [01:52<00:01,  4.66it/s]
2007:  98%|█████████▊| 352/360 [01:52<00:01,  4.51it/s]
2007:  98%|█████████▊| 353/360 [01:52<00:01,  4.71it/s]
2007:  98%|█████████▊| 354/360 [01:52<00:01,  4.65it/s]
2007:  99%|█████████▊| 355/360 [01:53<00:01,  4.73it/s]
2007:  99%|█████████▉| 356/360 [01:53<00:00,  4.52it/s]
2007:  99%|█████████▉| 357/360 [01:53<00:00,  4.49it/s]
2007:  99%|█████████▉| 358/360 [01:53<00:00,  4.34it/s]
2007: 100%|█████████▉| 359/360 [01:54<00:00,  4.43it/s]
2007: 100%|██████████| 360/360 [01:54<00:00,  4.55it/s]
2007: 100%|██████████| 360/360 [01:54<00:00,  3.15it/s]

📉 Fertig: 0 Duelle gefunden
⏭️ 360 Wettbewerbe ohne Tableau übersprungen

✅ 0 Matches gespeichert nach: outputs/2007/match_data_2007_raw.csv
✅ Success

▶️ 03_parse_athletes.py
Traceback (most recent call last):
  File "/home/superuser/Dropbox/Webcrawler_TIM/scripts/03_parse_athletes.py", line 88, in <module>
    df = pd.read_csv(INPUT_FILE)
         ^^^^^^^^^^^^^^^^^^^^^^^
  File "/home/superuser/.pyenv/versions/3.11.0/envs/computerVision2/lib/python3.11/site-packages/pandas/io/parsers/readers.py", line 1026, in read_csv
    return _read(filepath_or_buffer, kwds)
           ^^^^^^^^^^^^^^^^^^^^^^^^^^^^^^^
  File "/home/superuser/.pyenv/versions/3.11.0/envs/computerVision2/lib/python3.11/site-packages/pandas/io/parsers/readers.py", line 620, in _read
    parser = TextFileReader(filepath_or_buffer, **kwds)
             ^^^^^^^^^^^^^^^^^^^^^^^^^^^^^^^^^^^^^^^^^^
  File "/home/superuser/.pyenv/versions/3.11.0/envs/computerVision2/lib/python3.11/site-packages/pandas/io/parsers/readers.py", line 1620, in __init__
    self._engine = self._make_engine(f, self.engine)
                   ^^^^^^^^^^^^^^^^^^^^^^^^^^^^^^^^^
  File "/home/superuser/.pyenv/versions/3.11.0/envs/computerVision2/lib/python3.11/site-packages/pandas/io/parsers/readers.py", line 1898, in _make_engine
    return mapping[engine](f, **self.options)
           ^^^^^^^^^^^^^^^^^^^^^^^^^^^^^^^^^^
  File "/home/superuser/.pyenv/versions/3.11.0/envs/computerVision2/lib/python3.11/site-packages/pandas/io/parsers/c_parser_wrapper.py", line 93, in __init__
    self._reader = parsers.TextReader(src, **kwds)
                   ^^^^^^^^^^^^^^^^^^^^^^^^^^^^^^^
  File "parsers.pyx", line 581, in pandas._libs.parsers.TextReader.__cinit__
pandas.errors.EmptyDataError: No columns to parse from file

--- Fehler ---

=== Pipeline fertig für 2007 @ 2025-04-12T13:35:27.689314 ===
