=== Pipeline Start für 2008 @ 2025-04-13T18:46:28.138751 ===

▶️ 01_fetch_competitions.py
✅ Saved 356 competitions to outputs/2008/competitions_2008.csv
✅ Success

▶️ 02_parse_matches.py

2008:   0%|          | 0/356 [00:00<?, ?it/s]
2008:   0%|          | 1/356 [00:00<01:18,  4.53it/s]
2008:   1%|          | 2/356 [00:00<01:19,  4.44it/s]
2008:   1%|          | 3/356 [00:00<01:17,  4.55it/s]
2008:   1%|          | 4/356 [00:00<01:19,  4.43it/s]
2008:   1%|▏         | 5/356 [00:01<01:20,  4.38it/s]
2008:   2%|▏         | 6/356 [00:01<01:20,  4.34it/s]
2008:   2%|▏         | 7/356 [00:01<01:18,  4.42it/s]
2008:   2%|▏         | 8/356 [00:01<01:16,  4.53it/s]
2008:   3%|▎         | 9/356 [00:02<01:16,  4.55it/s]
2008:   3%|▎         | 10/356 [00:02<01:15,  4.57it/s]
2008:   3%|▎         | 11/356 [00:02<01:17,  4.45it/s]
2008:   3%|▎         | 12/356 [00:02<01:18,  4.39it/s]
2008:   4%|▎         | 13/356 [00:02<01:15,  4.53it/s]
2008:   4%|▍         | 14/356 [00:03<01:15,  4.50it/s]
2008:   4%|▍         | 15/356 [00:03<01:14,  4.59it/s]
2008:   4%|▍         | 16/356 [00:03<01:10,  4.84it/s]
2008:   5%|▍         | 17/356 [00:03<01:10,  4.82it/s]
2008:   5%|▌         | 18/356 [00:03<01:11,  4.73it/s]
2008:   5%|▌         | 19/356 [00:04<01:09,  4.84it/s]
2008:   6%|▌         | 20/356 [00:04<01:15,  4.48it/s]
2008:   6%|▌         | 21/356 [00:04<01:13,  4.55it/s]
2008:   6%|▌         | 22/356 [00:04<01:12,  4.59it/s]
2008:   6%|▋         | 23/356 [00:05<01:11,  4.63it/s]
2008:   7%|▋         | 24/356 [00:05<01:12,  4.61it/s]
2008:   7%|▋         | 25/356 [00:05<01:12,  4.57it/s]
2008:   7%|▋         | 26/356 [00:05<01:16,  4.33it/s]
2008:   8%|▊         | 27/356 [00:05<01:15,  4.35it/s]
2008:   8%|▊         | 28/356 [00:06<01:15,  4.36it/s]
2008:   8%|▊         | 29/356 [00:06<01:15,  4.31it/s]
2008:   8%|▊         | 30/356 [00:06<01:17,  4.21it/s]
2008:   9%|▊         | 31/356 [00:06<01:17,  4.18it/s]
2008:   9%|▉         | 32/356 [00:07<01:15,  4.27it/s]
2008:   9%|▉         | 33/356 [00:07<01:17,  4.19it/s]
2008:  10%|▉         | 34/356 [00:07<01:23,  3.86it/s]
2008:  10%|▉         | 35/356 [00:07<01:19,  4.03it/s]
2008:  10%|█         | 36/356 [00:08<01:16,  4.20it/s]
2008:  10%|█         | 37/356 [00:08<01:12,  4.38it/s]
2008:  11%|█         | 38/356 [00:08<01:14,  4.27it/s]
2008:  11%|█         | 39/356 [00:08<01:13,  4.34it/s]
2008:  11%|█         | 40/356 [00:09<01:12,  4.35it/s]
2008:  12%|█▏        | 41/356 [00:09<01:13,  4.30it/s]
2008:  12%|█▏        | 42/356 [00:09<01:13,  4.28it/s]
2008:  12%|█▏        | 43/356 [00:09<01:11,  4.38it/s]
2008:  12%|█▏        | 44/356 [00:09<01:11,  4.34it/s]
2008:  13%|█▎        | 45/356 [00:10<01:10,  4.39it/s]
2008:  13%|█▎        | 46/356 [00:10<01:14,  4.18it/s]
2008:  13%|█▎        | 47/356 [00:10<01:11,  4.35it/s]
2008:  13%|█▎        | 48/356 [00:10<01:09,  4.40it/s]
2008:  14%|█▍        | 49/356 [00:11<01:08,  4.45it/s]
2008:  14%|█▍        | 50/356 [00:11<01:11,  4.29it/s]
2008:  14%|█▍        | 51/356 [00:11<01:11,  4.28it/s]
2008:  15%|█▍        | 52/356 [00:11<01:15,  4.01it/s]
2008:  15%|█▍        | 53/356 [00:12<01:13,  4.10it/s]
2008:  15%|█▌        | 54/356 [00:12<01:14,  4.04it/s]
2008:  15%|█▌        | 55/356 [00:12<01:12,  4.16it/s]
2008:  16%|█▌        | 56/356 [00:12<01:10,  4.28it/s]
2008:  16%|█▌        | 57/356 [00:13<01:08,  4.39it/s]
2008:  16%|█▋        | 58/356 [00:13<01:08,  4.34it/s]
2008:  17%|█▋        | 59/356 [00:13<01:05,  4.51it/s]
2008:  17%|█▋        | 60/356 [00:13<01:05,  4.52it/s]
2008:  17%|█▋        | 61/356 [00:13<01:06,  4.44it/s]
2008:  17%|█▋        | 62/356 [00:14<01:08,  4.26it/s]
2008:  18%|█▊        | 63/356 [00:14<01:10,  4.15it/s]
2008:  18%|█▊        | 64/356 [00:14<01:09,  4.20it/s]
2008:  18%|█▊        | 65/356 [00:14<01:05,  4.46it/s]
2008:  19%|█▊        | 66/356 [00:15<01:00,  4.76it/s]
2008:  19%|█▉        | 67/356 [00:15<01:03,  4.53it/s]
2008:  19%|█▉        | 68/356 [00:15<01:06,  4.36it/s]
2008:  19%|█▉        | 69/356 [00:15<01:07,  4.24it/s]
2008:  20%|█▉        | 70/356 [00:15<01:04,  4.41it/s]
2008:  20%|█▉        | 71/356 [00:16<01:07,  4.21it/s]
2008:  20%|██        | 72/356 [00:16<01:05,  4.31it/s]
2008:  21%|██        | 73/356 [00:16<01:03,  4.46it/s]
2008:  21%|██        | 74/356 [00:16<01:04,  4.39it/s]
2008:  21%|██        | 75/356 [00:17<01:04,  4.36it/s]
2008:  21%|██▏       | 76/356 [00:17<01:04,  4.34it/s]
2008:  22%|██▏       | 77/356 [00:17<01:06,  4.19it/s]
2008:  22%|██▏       | 78/356 [00:17<01:05,  4.24it/s]
2008:  22%|██▏       | 79/356 [00:18<01:04,  4.31it/s]
2008:  22%|██▏       | 80/356 [00:18<01:02,  4.40it/s]
2008:  23%|██▎       | 81/356 [00:18<01:00,  4.54it/s]
2008:  23%|██▎       | 82/356 [00:18<00:58,  4.65it/s]
2008:  23%|██▎       | 83/356 [00:18<00:57,  4.74it/s]
2008:  24%|██▎       | 84/356 [00:19<00:57,  4.74it/s]
2008:  24%|██▍       | 85/356 [00:19<00:57,  4.70it/s]
2008:  24%|██▍       | 86/356 [00:19<00:57,  4.73it/s]
2008:  24%|██▍       | 87/356 [00:19<00:57,  4.64it/s]
2008:  25%|██▍       | 88/356 [00:19<00:57,  4.66it/s]
2008:  25%|██▌       | 89/356 [00:20<00:57,  4.66it/s]
2008:  25%|██▌       | 90/356 [00:20<00:57,  4.59it/s]
2008:  26%|██▌       | 91/356 [00:20<00:58,  4.55it/s]
2008:  26%|██▌       | 92/356 [00:20<00:57,  4.58it/s]
2008:  26%|██▌       | 93/356 [00:21<00:57,  4.61it/s]
2008:  26%|██▋       | 94/356 [00:21<00:56,  4.68it/s]
2008:  27%|██▋       | 95/356 [00:21<00:57,  4.53it/s]
2008:  27%|██▋       | 96/356 [00:21<00:57,  4.54it/s]
2008:  27%|██▋       | 97/356 [00:21<00:56,  4.59it/s]
2008:  28%|██▊       | 98/356 [00:22<00:55,  4.68it/s]
2008:  28%|██▊       | 99/356 [00:22<00:54,  4.69it/s]
2008:  28%|██▊       | 100/356 [00:22<00:55,  4.61it/s]
2008:  28%|██▊       | 101/356 [00:22<00:56,  4.51it/s]
2008:  29%|██▊       | 102/356 [00:23<00:55,  4.61it/s]
2008:  29%|██▉       | 103/356 [00:23<00:54,  4.65it/s]
2008:  29%|██▉       | 104/356 [00:23<00:55,  4.52it/s]
2008:  29%|██▉       | 105/356 [00:23<00:56,  4.46it/s]
2008:  30%|██▉       | 106/356 [00:23<00:55,  4.52it/s]
2008:  30%|███       | 107/356 [00:24<00:54,  4.58it/s]
2008:  30%|███       | 108/356 [00:24<00:53,  4.65it/s]
2008:  31%|███       | 109/356 [00:24<00:51,  4.81it/s]
2008:  31%|███       | 110/356 [00:24<00:51,  4.79it/s]
2008:  31%|███       | 111/356 [00:24<00:49,  4.91it/s]
2008:  31%|███▏      | 112/356 [00:25<00:50,  4.80it/s]
2008:  32%|███▏      | 113/356 [00:25<00:55,  4.40it/s]
2008:  32%|███▏      | 114/356 [00:25<00:55,  4.34it/s]
2008:  32%|███▏      | 115/356 [00:25<01:00,  4.01it/s]
2008:  33%|███▎      | 116/356 [00:26<00:59,  4.03it/s]
2008:  33%|███▎      | 117/356 [00:26<00:59,  4.03it/s]
2008:  33%|███▎      | 118/356 [00:26<00:59,  4.03it/s]
2008:  33%|███▎      | 119/356 [00:26<00:59,  3.97it/s]
2008:  34%|███▎      | 120/356 [00:27<00:59,  3.98it/s]
2008:  34%|███▍      | 121/356 [00:27<00:58,  4.00it/s]
2008:  34%|███▍      | 122/356 [00:27<00:59,  3.95it/s]
2008:  35%|███▍      | 123/356 [00:27<00:56,  4.09it/s]
2008:  35%|███▍      | 124/356 [00:28<00:54,  4.27it/s]
2008:  35%|███▌      | 125/356 [00:28<00:55,  4.19it/s]
2008:  35%|███▌      | 126/356 [00:28<00:56,  4.08it/s]
2008:  36%|███▌      | 127/356 [00:28<00:58,  3.95it/s]
2008:  36%|███▌      | 128/356 [00:29<00:56,  4.07it/s]
2008:  36%|███▌      | 129/356 [00:29<00:55,  4.06it/s]
2008:  37%|███▋      | 130/356 [00:29<00:56,  3.98it/s]
2008:  37%|███▋      | 131/356 [00:29<00:55,  4.06it/s]
2008:  37%|███▋      | 132/356 [00:30<00:55,  4.03it/s]
2008:  37%|███▋      | 133/356 [00:30<00:53,  4.15it/s]
2008:  38%|███▊      | 134/356 [00:30<00:51,  4.29it/s]
2008:  38%|███▊      | 135/356 [00:30<00:52,  4.21it/s]
2008:  38%|███▊      | 136/356 [00:31<00:52,  4.22it/s]
2008:  38%|███▊      | 137/356 [00:31<00:52,  4.16it/s]
2008:  39%|███▉      | 138/356 [00:31<00:54,  4.00it/s]
2008:  39%|███▉      | 139/356 [00:31<00:54,  4.00it/s]
2008:  39%|███▉      | 140/356 [00:32<00:54,  3.96it/s]
2008:  40%|███▉      | 141/356 [00:32<00:53,  3.99it/s]
2008:  40%|███▉      | 142/356 [00:32<00:52,  4.10it/s]
2008:  40%|████      | 143/356 [00:32<00:53,  4.02it/s]
2008:  40%|████      | 144/356 [00:33<00:52,  4.02it/s]
2008:  41%|████      | 145/356 [00:33<00:53,  3.98it/s]
2008:  41%|████      | 146/356 [00:33<00:53,  3.93it/s]
2008:  41%|████▏     | 147/356 [00:38<06:03,  1.74s/it]
2008:  42%|████▏     | 148/356 [00:39<04:47,  1.38s/it]
2008:  42%|████▏     | 149/356 [00:39<03:35,  1.04s/it]
2008:  42%|████▏     | 150/356 [00:39<02:45,  1.24it/s]
2008:  42%|████▏     | 151/356 [00:40<02:11,  1.56it/s]
2008:  43%|████▎     | 152/356 [00:40<01:47,  1.90it/s]
2008:  43%|████▎     | 153/356 [00:40<01:28,  2.30it/s]
2008:  43%|████▎     | 154/356 [00:40<01:17,  2.62it/s]
2008:  44%|████▎     | 155/356 [00:41<01:08,  2.94it/s]
2008:  44%|████▍     | 156/356 [00:41<01:03,  3.15it/s]
2008:  44%|████▍     | 157/356 [00:41<00:58,  3.42it/s]
2008:  44%|████▍     | 158/356 [00:41<00:56,  3.53it/s]
2008:  45%|████▍     | 159/356 [00:42<00:55,  3.55it/s]
2008:  45%|████▍     | 160/356 [00:42<00:50,  3.90it/s]
2008:  45%|████▌     | 161/356 [00:42<00:47,  4.07it/s]
2008:  46%|████▌     | 162/356 [00:42<00:47,  4.08it/s]
2008:  46%|████▌     | 163/356 [00:42<00:44,  4.36it/s]
2008:  46%|████▌     | 164/356 [00:43<00:44,  4.33it/s]
2008:  46%|████▋     | 165/356 [00:43<00:43,  4.43it/s]
2008:  47%|████▋     | 166/356 [00:43<00:43,  4.39it/s]
2008:  47%|████▋     | 167/356 [00:43<00:44,  4.25it/s]
2008:  47%|████▋     | 168/356 [00:44<00:44,  4.27it/s]
2008:  47%|████▋     | 169/356 [00:44<00:43,  4.32it/s]
2008:  48%|████▊     | 170/356 [00:44<00:43,  4.30it/s]
2008:  48%|████▊     | 171/356 [00:44<00:42,  4.32it/s]
2008:  48%|████▊     | 172/356 [00:45<00:43,  4.28it/s]
2008:  49%|████▊     | 173/356 [00:45<00:43,  4.25it/s]
2008:  49%|████▉     | 174/356 [00:45<00:40,  4.45it/s]
2008:  49%|████▉     | 175/356 [00:45<00:39,  4.63it/s]
2008:  49%|████▉     | 176/356 [00:45<00:40,  4.49it/s]
2008:  50%|████▉     | 177/356 [00:46<00:39,  4.54it/s]
2008:  50%|█████     | 178/356 [00:46<00:38,  4.60it/s]
2008:  50%|█████     | 179/356 [00:46<00:36,  4.81it/s]
2008:  51%|█████     | 180/356 [00:46<00:36,  4.80it/s]
2008:  51%|█████     | 181/356 [00:46<00:36,  4.79it/s]
2008:  51%|█████     | 182/356 [00:47<00:36,  4.79it/s]
2008:  51%|█████▏    | 183/356 [00:47<00:35,  4.84it/s]
2008:  52%|█████▏    | 184/356 [00:47<00:35,  4.80it/s]
2008:  52%|█████▏    | 185/356 [00:47<00:37,  4.60it/s]
2008:  52%|█████▏    | 186/356 [00:48<00:38,  4.45it/s]
2008:  53%|█████▎    | 187/356 [00:48<00:36,  4.60it/s]
2008:  53%|█████▎    | 188/356 [00:48<00:35,  4.78it/s]
2008:  53%|█████▎    | 189/356 [00:48<00:35,  4.71it/s]
2008:  53%|█████▎    | 190/356 [00:48<00:36,  4.57it/s]
2008:  54%|█████▎    | 191/356 [00:49<00:35,  4.66it/s]
2008:  54%|█████▍    | 192/356 [00:49<00:35,  4.65it/s]
2008:  54%|█████▍    | 193/356 [00:49<00:35,  4.64it/s]
2008:  54%|█████▍    | 194/356 [00:49<00:34,  4.69it/s]
2008:  55%|█████▍    | 195/356 [00:49<00:34,  4.72it/s]
2008:  55%|█████▌    | 196/356 [00:50<00:32,  4.94it/s]
2008:  55%|█████▌    | 197/356 [00:50<00:32,  4.96it/s]
2008:  56%|█████▌    | 198/356 [00:50<00:32,  4.83it/s]
2008:  56%|█████▌    | 199/356 [00:50<00:34,  4.60it/s]
2008:  56%|█████▌    | 200/356 [00:51<00:34,  4.49it/s]
2008:  56%|█████▋    | 201/356 [00:51<00:34,  4.52it/s]
2008:  57%|█████▋    | 202/356 [00:51<00:32,  4.67it/s]
2008:  57%|█████▋    | 203/356 [00:51<00:33,  4.57it/s]
2008:  57%|█████▋    | 204/356 [00:51<00:35,  4.30it/s]
2008:  58%|█████▊    | 205/356 [00:52<00:33,  4.55it/s]
2008:  58%|█████▊    | 206/356 [00:52<00:33,  4.47it/s]
2008:  58%|█████▊    | 207/356 [00:52<00:33,  4.42it/s]
2008:  58%|█████▊    | 208/356 [00:52<00:34,  4.31it/s]
2008:  59%|█████▊    | 209/356 [00:53<00:38,  3.84it/s]
2008:  59%|█████▉    | 210/356 [00:53<00:36,  3.97it/s]
2008:  59%|█████▉    | 211/356 [00:53<00:35,  4.06it/s]
2008:  60%|█████▉    | 212/356 [00:53<00:36,  3.98it/s]
2008:  60%|█████▉    | 213/356 [00:54<00:33,  4.27it/s]
2008:  60%|██████    | 214/356 [00:54<00:32,  4.36it/s]
2008:  60%|██████    | 215/356 [00:54<00:31,  4.47it/s]
2008:  61%|██████    | 216/356 [00:54<00:31,  4.38it/s]
2008:  61%|██████    | 217/356 [00:55<00:32,  4.33it/s]
2008:  61%|██████    | 218/356 [00:55<00:30,  4.52it/s]
2008:  62%|██████▏   | 219/356 [00:55<00:30,  4.55it/s]
2008:  62%|██████▏   | 220/356 [00:55<00:30,  4.42it/s]
2008:  62%|██████▏   | 221/356 [00:55<00:30,  4.46it/s]
2008:  62%|██████▏   | 222/356 [00:56<00:29,  4.52it/s]
2008:  63%|██████▎   | 223/356 [00:56<00:28,  4.63it/s]
2008:  63%|██████▎   | 224/356 [00:56<00:29,  4.41it/s]
2008:  63%|██████▎   | 225/356 [00:56<00:29,  4.44it/s]
2008:  63%|██████▎   | 226/356 [00:57<00:29,  4.44it/s]
2008:  64%|██████▍   | 227/356 [00:57<00:27,  4.61it/s]
2008:  64%|██████▍   | 228/356 [00:57<00:30,  4.21it/s]
2008:  64%|██████▍   | 229/356 [00:57<00:30,  4.16it/s]
2008:  65%|██████▍   | 230/356 [00:58<00:30,  4.08it/s]
2008:  65%|██████▍   | 231/356 [00:58<00:31,  3.98it/s]
2008:  65%|██████▌   | 232/356 [00:58<00:29,  4.14it/s]
2008:  65%|██████▌   | 233/356 [00:58<00:29,  4.17it/s]
2008:  66%|██████▌   | 234/356 [00:58<00:29,  4.13it/s]
2008:  66%|██████▌   | 235/356 [00:59<00:27,  4.37it/s]
2008:  66%|██████▋   | 236/356 [00:59<00:28,  4.26it/s]
2008:  67%|██████▋   | 237/356 [00:59<00:27,  4.36it/s]
2008:  67%|██████▋   | 238/356 [00:59<00:27,  4.37it/s]
2008:  67%|██████▋   | 239/356 [01:00<00:26,  4.47it/s]
2008:  67%|██████▋   | 240/356 [01:00<00:26,  4.39it/s]
2008:  68%|██████▊   | 241/356 [01:00<00:25,  4.44it/s]
2008:  68%|██████▊   | 242/356 [01:00<00:24,  4.65it/s]
2008:  68%|██████▊   | 243/356 [01:00<00:24,  4.54it/s]
2008:  69%|██████▊   | 244/356 [01:01<00:24,  4.61it/s]
2008:  69%|██████▉   | 245/356 [01:01<00:25,  4.39it/s]
2008:  69%|██████▉   | 246/356 [01:01<00:25,  4.35it/s]
2008:  69%|██████▉   | 247/356 [01:01<00:25,  4.33it/s]
2008:  70%|██████▉   | 248/356 [01:02<00:24,  4.34it/s]
2008:  70%|██████▉   | 249/356 [01:02<00:27,  3.85it/s]
2008:  70%|███████   | 250/356 [01:02<00:26,  3.94it/s]
2008:  71%|███████   | 251/356 [01:02<00:26,  3.97it/s]
2008:  71%|███████   | 252/356 [01:03<00:26,  3.92it/s]
2008:  71%|███████   | 253/356 [01:03<00:26,  3.94it/s]
2008:  71%|███████▏  | 254/356 [01:03<00:24,  4.10it/s]
2008:  72%|███████▏  | 255/356 [01:03<00:23,  4.24it/s]
2008:  72%|███████▏  | 256/356 [01:04<00:23,  4.34it/s]
2008:  72%|███████▏  | 257/356 [01:04<00:23,  4.27it/s]
2008:  72%|███████▏  | 258/356 [01:04<00:22,  4.35it/s]
2008:  73%|███████▎  | 259/356 [01:04<00:22,  4.38it/s]
2008:  73%|███████▎  | 260/356 [01:04<00:20,  4.61it/s]
2008:  73%|███████▎  | 261/356 [01:05<00:19,  4.84it/s]
2008:  74%|███████▎  | 262/356 [01:05<00:19,  4.93it/s]
2008:  74%|███████▍  | 263/356 [01:05<00:18,  5.00it/s]
2008:  74%|███████▍  | 264/356 [01:05<00:18,  4.90it/s]
2008:  74%|███████▍  | 265/356 [01:06<00:20,  4.54it/s]
2008:  75%|███████▍  | 266/356 [01:06<00:19,  4.61it/s]
2008:  75%|███████▌  | 267/356 [01:06<00:18,  4.69it/s]
2008:  75%|███████▌  | 268/356 [01:06<00:18,  4.78it/s]
2008:  76%|███████▌  | 269/356 [01:06<00:18,  4.63it/s]
2008:  76%|███████▌  | 270/356 [01:07<00:18,  4.62it/s]
2008:  76%|███████▌  | 271/356 [01:07<00:18,  4.57it/s]
2008:  76%|███████▋  | 272/356 [01:07<00:17,  4.73it/s]
2008:  77%|███████▋  | 273/356 [01:07<00:16,  5.02it/s]
2008:  77%|███████▋  | 274/356 [01:07<00:16,  4.90it/s]
2008:  77%|███████▋  | 275/356 [01:08<00:16,  4.87it/s]
2008:  78%|███████▊  | 276/356 [01:08<00:16,  4.78it/s]
2008:  78%|███████▊  | 277/356 [01:08<00:16,  4.67it/s]
2008:  78%|███████▊  | 278/356 [01:08<00:16,  4.84it/s]
2008:  78%|███████▊  | 279/356 [01:08<00:15,  4.82it/s]
2008:  79%|███████▊  | 280/356 [01:09<00:15,  4.79it/s]
2008:  79%|███████▉  | 281/356 [01:09<00:15,  4.74it/s]
2008:  79%|███████▉  | 282/356 [01:09<00:15,  4.79it/s]
2008:  79%|███████▉  | 283/356 [01:09<00:15,  4.71it/s]
2008:  80%|███████▉  | 284/356 [01:10<00:15,  4.68it/s]
2008:  80%|████████  | 285/356 [01:10<00:15,  4.56it/s]
2008:  80%|████████  | 286/356 [01:10<00:15,  4.59it/s]
2008:  81%|████████  | 287/356 [01:10<00:14,  4.63it/s]
2008:  81%|████████  | 288/356 [01:10<00:14,  4.67it/s]
2008:  81%|████████  | 289/356 [01:11<00:14,  4.52it/s]
2008:  81%|████████▏ | 290/356 [01:11<00:14,  4.41it/s]
2008:  82%|████████▏ | 291/356 [01:11<00:15,  4.16it/s]
2008:  82%|████████▏ | 292/356 [01:11<00:15,  4.01it/s]
2008:  82%|████████▏ | 293/356 [01:12<00:15,  4.06it/s]
2008:  83%|████████▎ | 294/356 [01:12<00:15,  3.98it/s]
2008:  83%|████████▎ | 295/356 [01:12<00:15,  4.01it/s]
2008:  83%|████████▎ | 296/356 [01:12<00:16,  3.66it/s]
2008:  83%|████████▎ | 297/356 [01:13<00:15,  3.71it/s]
2008:  84%|████████▎ | 298/356 [01:13<00:15,  3.75it/s]
2008:  84%|████████▍ | 299/356 [01:13<00:14,  3.92it/s]
2008:  84%|████████▍ | 300/356 [01:13<00:14,  3.95it/s]
2008:  85%|████████▍ | 301/356 [01:14<00:13,  3.95it/s]
2008:  85%|████████▍ | 302/356 [01:14<00:13,  3.97it/s]
2008:  85%|████████▌ | 303/356 [01:14<00:13,  3.89it/s]
2008:  85%|████████▌ | 304/356 [01:15<00:13,  3.83it/s]
2008:  86%|████████▌ | 305/356 [01:15<00:13,  3.74it/s]
2008:  86%|████████▌ | 306/356 [01:15<00:13,  3.83it/s]
2008:  86%|████████▌ | 307/356 [01:15<00:12,  3.91it/s]
2008:  87%|████████▋ | 308/356 [01:16<00:11,  4.04it/s]
2008:  87%|████████▋ | 309/356 [01:16<00:11,  4.12it/s]
2008:  87%|████████▋ | 310/356 [01:16<00:11,  4.04it/s]
2008:  87%|████████▋ | 311/356 [01:16<00:10,  4.14it/s]
2008:  88%|████████▊ | 312/356 [01:17<00:11,  3.94it/s]
2008:  88%|████████▊ | 313/356 [01:17<00:11,  3.87it/s]
2008:  88%|████████▊ | 314/356 [01:17<00:10,  3.91it/s]
2008:  88%|████████▊ | 315/356 [01:17<00:10,  3.99it/s]
2008:  89%|████████▉ | 316/356 [01:17<00:09,  4.14it/s]
2008:  89%|████████▉ | 317/356 [01:18<00:09,  4.07it/s]
2008:  89%|████████▉ | 318/356 [01:18<00:09,  3.94it/s]
2008:  90%|████████▉ | 319/356 [01:18<00:09,  3.84it/s]
2008:  90%|████████▉ | 320/356 [01:19<00:09,  3.98it/s]
2008:  90%|█████████ | 321/356 [01:19<00:08,  3.99it/s]
2008:  90%|█████████ | 322/356 [01:19<00:08,  4.09it/s]
2008:  91%|█████████ | 323/356 [01:19<00:08,  4.02it/s]
2008:  91%|█████████ | 324/356 [01:20<00:08,  3.69it/s]
2008:  91%|█████████▏| 325/356 [01:20<00:07,  3.88it/s]
2008:  92%|█████████▏| 326/356 [01:20<00:07,  4.05it/s]
2008:  92%|█████████▏| 327/356 [01:20<00:07,  4.07it/s]
2008:  92%|█████████▏| 328/356 [01:21<00:06,  4.05it/s]
2008:  92%|█████████▏| 329/356 [01:21<00:06,  3.90it/s]
2008:  93%|█████████▎| 330/356 [01:21<00:06,  3.92it/s]
2008:  93%|█████████▎| 331/356 [01:21<00:06,  3.97it/s]
2008:  93%|█████████▎| 332/356 [01:22<00:06,  3.93it/s]
2008:  94%|█████████▎| 333/356 [01:22<00:06,  3.77it/s]
2008:  94%|█████████▍| 334/356 [01:22<00:05,  3.84it/s]
2008:  94%|█████████▍| 335/356 [01:22<00:05,  3.83it/s]
2008:  94%|█████████▍| 336/356 [01:23<00:05,  3.86it/s]
2008:  95%|█████████▍| 337/356 [01:23<00:04,  3.85it/s]
2008:  95%|█████████▍| 338/356 [01:23<00:04,  3.95it/s]
2008:  95%|█████████▌| 339/356 [01:23<00:04,  4.09it/s]
2008:  96%|█████████▌| 340/356 [01:24<00:03,  4.05it/s]
2008:  96%|█████████▌| 341/356 [01:24<00:03,  4.03it/s]
2008:  96%|█████████▌| 342/356 [01:24<00:03,  4.15it/s]
2008:  96%|█████████▋| 343/356 [01:24<00:03,  4.27it/s]
2008:  97%|█████████▋| 344/356 [01:25<00:02,  4.38it/s]
2008:  97%|█████████▋| 345/356 [01:25<00:02,  4.33it/s]
2008:  97%|█████████▋| 346/356 [01:25<00:02,  4.27it/s]
2008:  97%|█████████▋| 347/356 [01:25<00:02,  4.42it/s]
2008:  98%|█████████▊| 348/356 [01:25<00:01,  4.48it/s]
2008:  98%|█████████▊| 349/356 [01:26<00:01,  4.41it/s]
2008:  98%|█████████▊| 350/356 [01:26<00:01,  4.45it/s]
2008:  99%|█████████▊| 351/356 [01:26<00:01,  4.47it/s]
2008:  99%|█████████▉| 352/356 [01:26<00:00,  4.43it/s]
2008:  99%|█████████▉| 353/356 [01:27<00:00,  4.15it/s]
2008:  99%|█████████▉| 354/356 [01:27<00:00,  4.17it/s]
2008: 100%|█████████▉| 355/356 [01:27<00:00,  4.28it/s]
2008: 100%|██████████| 356/356 [01:27<00:00,  4.18it/s]
2008: 100%|██████████| 356/356 [01:27<00:00,  4.05it/s]

📉 Fertig: 0 Duelle gefunden
⏭️ 356 Wettbewerbe ohne Tableau übersprungen

✅ 0 Matches gespeichert nach: outputs/2008/match_data_2008_raw.csv
✅ Success

▶️ 03_parse_athletes.py
Traceback (most recent call last):
  File "/home/superuser/Dropbox/Webcrawler_TIM/scripts/03_parse_athletes.py", line 92, in <module>
    df = pd.read_csv(INPUT_FILE)
         ^^^^^^^^^^^^^^^^^^^^^^^
  File "/home/superuser/.pyenv/versions/3.11.0/envs/computerVision2/lib/python3.11/site-packages/pandas/io/parsers/readers.py", line 1026, in read_csv
    return _read(filepath_or_buffer, kwds)
           ^^^^^^^^^^^^^^^^^^^^^^^^^^^^^^^
  File "/home/superuser/.pyenv/versions/3.11.0/envs/computerVision2/lib/python3.11/site-packages/pandas/io/parsers/readers.py", line 620, in _read
    parser = TextFileReader(filepath_or_buffer, **kwds)
             ^^^^^^^^^^^^^^^^^^^^^^^^^^^^^^^^^^^^^^^^^^
  File "/home/superuser/.pyenv/versions/3.11.0/envs/computerVision2/lib/python3.11/site-packages/pandas/io/parsers/readers.py", line 1620, in __init__
    self._engine = self._make_engine(f, self.engine)
                   ^^^^^^^^^^^^^^^^^^^^^^^^^^^^^^^^^
  File "/home/superuser/.pyenv/versions/3.11.0/envs/computerVision2/lib/python3.11/site-packages/pandas/io/parsers/readers.py", line 1898, in _make_engine
    return mapping[engine](f, **self.options)
           ^^^^^^^^^^^^^^^^^^^^^^^^^^^^^^^^^^
  File "/home/superuser/.pyenv/versions/3.11.0/envs/computerVision2/lib/python3.11/site-packages/pandas/io/parsers/c_parser_wrapper.py", line 93, in __init__
    self._reader = parsers.TextReader(src, **kwds)
                   ^^^^^^^^^^^^^^^^^^^^^^^^^^^^^^^
  File "parsers.pyx", line 581, in pandas._libs.parsers.TextReader.__cinit__
pandas.errors.EmptyDataError: No columns to parse from file

--- Fehler ---

=== Pipeline fertig für 2008 @ 2025-04-13T18:47:58.092440 ===
