=== Pipeline Start für 2009 @ 2025-04-12T13:30:13.716612 ===

▶️ 01_fetch_competitions.py
✅ Saved 292 competitions to outputs/2009/competitions_2009.csv
✅ Success

▶️ 02_parse_matches.py

2009:   0%|          | 0/292 [00:00<?, ?it/s]
2009:   0%|          | 1/292 [00:00<01:14,  3.90it/s]
2009:   1%|          | 2/292 [00:00<01:15,  3.83it/s]
2009:   1%|          | 3/292 [00:00<01:09,  4.16it/s]
2009:   1%|▏         | 4/292 [00:00<01:09,  4.13it/s]
2009:   2%|▏         | 5/292 [00:01<01:07,  4.24it/s]
2009:   2%|▏         | 6/292 [00:01<01:08,  4.19it/s]
2009:   2%|▏         | 7/292 [00:01<01:05,  4.34it/s]
2009:   3%|▎         | 8/292 [00:01<01:03,  4.48it/s]
2009:   3%|▎         | 9/292 [00:02<00:59,  4.73it/s]
2009:   3%|▎         | 10/292 [00:02<00:59,  4.75it/s]
2009:   4%|▍         | 11/292 [00:02<00:57,  4.86it/s]
2009:   4%|▍         | 12/292 [00:02<00:58,  4.78it/s]
2009:   4%|▍         | 13/292 [00:02<00:59,  4.69it/s]
2009:   5%|▍         | 14/292 [00:03<00:59,  4.66it/s]
2009:   5%|▌         | 15/292 [00:03<00:59,  4.66it/s]
2009:   5%|▌         | 16/292 [00:03<01:00,  4.60it/s]
2009:   6%|▌         | 17/292 [00:03<00:58,  4.66it/s]
2009:   6%|▌         | 18/292 [00:03<00:59,  4.59it/s]
2009:   7%|▋         | 19/292 [00:04<00:58,  4.67it/s]
2009:   7%|▋         | 20/292 [00:04<00:59,  4.59it/s]
2009:   7%|▋         | 21/292 [00:04<00:59,  4.57it/s]
2009:   8%|▊         | 22/292 [00:04<00:59,  4.54it/s]
2009:   8%|▊         | 23/292 [00:05<00:59,  4.54it/s]
2009:   8%|▊         | 24/292 [00:05<00:58,  4.59it/s]
2009:   9%|▊         | 25/292 [00:05<00:57,  4.66it/s]
2009:   9%|▉         | 26/292 [00:05<00:56,  4.73it/s]
2009:   9%|▉         | 27/292 [00:05<00:54,  4.88it/s]
2009:  10%|▉         | 28/292 [00:06<00:54,  4.88it/s]
2009:  10%|▉         | 29/292 [00:06<00:53,  4.95it/s]
2009:  10%|█         | 30/292 [00:06<00:52,  5.04it/s]
2009:  11%|█         | 31/292 [00:06<00:54,  4.79it/s]
2009:  11%|█         | 32/292 [00:06<00:53,  4.85it/s]
2009:  11%|█▏        | 33/292 [00:07<00:54,  4.75it/s]
2009:  12%|█▏        | 34/292 [00:07<00:56,  4.60it/s]
2009:  12%|█▏        | 35/292 [00:07<00:55,  4.62it/s]
2009:  12%|█▏        | 36/292 [00:07<00:56,  4.53it/s]
2009:  13%|█▎        | 37/292 [00:08<00:56,  4.54it/s]
2009:  13%|█▎        | 38/292 [00:08<00:57,  4.45it/s]
2009:  13%|█▎        | 39/292 [00:08<00:57,  4.40it/s]
2009:  14%|█▎        | 40/292 [00:08<00:59,  4.26it/s]
2009:  14%|█▍        | 41/292 [00:09<00:59,  4.21it/s]
2009:  14%|█▍        | 42/292 [00:09<00:57,  4.36it/s]
2009:  15%|█▍        | 43/292 [00:09<00:56,  4.42it/s]
2009:  15%|█▌        | 44/292 [00:09<00:55,  4.44it/s]
2009:  15%|█▌        | 45/292 [00:09<00:55,  4.42it/s]
2009:  16%|█▌        | 46/292 [00:10<00:56,  4.33it/s]
2009:  16%|█▌        | 47/292 [00:10<00:55,  4.45it/s]
2009:  16%|█▋        | 48/292 [00:10<00:54,  4.46it/s]
2009:  17%|█▋        | 49/292 [00:10<00:54,  4.44it/s]
2009:  17%|█▋        | 50/292 [00:11<00:56,  4.32it/s]
2009:  17%|█▋        | 51/292 [00:11<00:55,  4.35it/s]
2009:  18%|█▊        | 52/292 [00:11<00:54,  4.39it/s]
2009:  18%|█▊        | 53/292 [00:11<00:55,  4.27it/s]
2009:  18%|█▊        | 54/292 [00:11<00:55,  4.28it/s]
2009:  19%|█▉        | 55/292 [00:12<00:54,  4.35it/s]
2009:  19%|█▉        | 56/292 [00:12<00:54,  4.37it/s]
2009:  20%|█▉        | 57/292 [00:12<00:56,  4.18it/s]
2009:  20%|█▉        | 58/292 [00:12<00:55,  4.25it/s]
2009:  20%|██        | 59/292 [00:13<00:51,  4.54it/s]
2009:  21%|██        | 60/292 [00:13<00:51,  4.50it/s]
2009:  21%|██        | 61/292 [00:13<00:51,  4.52it/s]
2009:  21%|██        | 62/292 [00:13<00:51,  4.45it/s]
2009:  22%|██▏       | 63/292 [00:14<00:52,  4.33it/s]
2009:  22%|██▏       | 64/292 [00:14<00:51,  4.39it/s]
2009:  22%|██▏       | 65/292 [00:14<00:52,  4.30it/s]
2009:  23%|██▎       | 66/292 [00:14<00:51,  4.41it/s]
2009:  23%|██▎       | 67/292 [00:14<00:53,  4.24it/s]
2009:  23%|██▎       | 68/292 [00:15<00:52,  4.28it/s]
2009:  24%|██▎       | 69/292 [00:15<00:54,  4.13it/s]
2009:  24%|██▍       | 70/292 [00:15<00:53,  4.18it/s]
2009:  24%|██▍       | 71/292 [00:15<00:53,  4.15it/s]
2009:  25%|██▍       | 72/292 [00:16<01:06,  3.29it/s]
2009:  25%|██▌       | 73/292 [00:16<01:00,  3.62it/s]
2009:  25%|██▌       | 74/292 [00:16<00:55,  3.92it/s]
2009:  26%|██▌       | 75/292 [00:17<00:55,  3.89it/s]
2009:  26%|██▌       | 76/292 [00:17<00:55,  3.89it/s]
2009:  26%|██▋       | 77/292 [00:17<00:53,  4.04it/s]
2009:  27%|██▋       | 78/292 [00:17<00:57,  3.72it/s]
2009:  27%|██▋       | 79/292 [00:18<00:55,  3.85it/s]
2009:  27%|██▋       | 80/292 [00:18<00:50,  4.23it/s]
2009:  28%|██▊       | 81/292 [00:18<00:50,  4.21it/s]
2009:  28%|██▊       | 82/292 [00:18<00:51,  4.07it/s]
2009:  28%|██▊       | 83/292 [00:19<00:51,  4.06it/s]
2009:  29%|██▉       | 84/292 [00:19<00:51,  4.07it/s]
2009:  29%|██▉       | 85/292 [00:19<00:50,  4.12it/s]
2009:  29%|██▉       | 86/292 [00:19<00:51,  4.01it/s]
2009:  30%|██▉       | 87/292 [00:19<00:49,  4.16it/s]
2009:  30%|███       | 88/292 [00:20<00:48,  4.20it/s]
2009:  30%|███       | 89/292 [00:20<00:46,  4.35it/s]
2009:  31%|███       | 90/292 [00:20<00:46,  4.31it/s]
2009:  31%|███       | 91/292 [00:20<00:46,  4.29it/s]
2009:  32%|███▏      | 92/292 [00:21<00:46,  4.32it/s]
2009:  32%|███▏      | 93/292 [00:21<00:47,  4.15it/s]
2009:  32%|███▏      | 94/292 [00:21<00:49,  3.99it/s]
2009:  33%|███▎      | 95/292 [00:21<00:49,  3.98it/s]
2009:  33%|███▎      | 96/292 [00:22<00:49,  3.99it/s]
2009:  33%|███▎      | 97/292 [00:22<00:48,  4.04it/s]
2009:  34%|███▎      | 98/292 [00:22<00:48,  4.03it/s]
2009:  34%|███▍      | 99/292 [00:22<00:47,  4.05it/s]
2009:  34%|███▍      | 100/292 [00:23<00:46,  4.13it/s]
2009:  35%|███▍      | 101/292 [00:23<00:47,  4.05it/s]
2009:  35%|███▍      | 102/292 [00:23<00:48,  3.89it/s]
2009:  35%|███▌      | 103/292 [00:23<00:47,  3.99it/s]
2009:  36%|███▌      | 104/292 [00:24<00:47,  4.00it/s]
2009:  36%|███▌      | 105/292 [00:24<00:44,  4.17it/s]
2009:  36%|███▋      | 106/292 [00:24<00:46,  4.01it/s]
2009:  37%|███▋      | 107/292 [00:24<00:45,  4.02it/s]
2009:  37%|███▋      | 108/292 [00:25<00:43,  4.19it/s]
2009:  37%|███▋      | 109/292 [00:25<00:41,  4.37it/s]
2009:  38%|███▊      | 110/292 [00:25<00:41,  4.35it/s]
2009:  38%|███▊      | 111/292 [00:25<00:41,  4.32it/s]
2009:  38%|███▊      | 112/292 [00:25<00:40,  4.45it/s]
2009:  39%|███▊      | 113/292 [00:26<00:40,  4.41it/s]
2009:  39%|███▉      | 114/292 [00:26<00:38,  4.67it/s]
2009:  39%|███▉      | 115/292 [00:26<00:38,  4.63it/s]
2009:  40%|███▉      | 116/292 [00:26<00:38,  4.56it/s]
2009:  40%|████      | 117/292 [00:27<00:39,  4.39it/s]
2009:  40%|████      | 118/292 [00:27<00:40,  4.34it/s]
2009:  41%|████      | 119/292 [00:27<00:39,  4.41it/s]
2009:  41%|████      | 120/292 [00:27<00:38,  4.43it/s]
2009:  41%|████▏     | 121/292 [00:28<00:39,  4.37it/s]
2009:  42%|████▏     | 122/292 [00:28<00:40,  4.18it/s]
2009:  42%|████▏     | 123/292 [00:28<00:41,  4.05it/s]
2009:  42%|████▏     | 124/292 [00:28<00:40,  4.14it/s]
2009:  43%|████▎     | 125/292 [00:28<00:39,  4.22it/s]
2009:  43%|████▎     | 126/292 [00:29<00:39,  4.24it/s]
2009:  43%|████▎     | 127/292 [00:29<00:43,  3.82it/s]
2009:  44%|████▍     | 128/292 [00:29<00:39,  4.12it/s]
2009:  44%|████▍     | 129/292 [00:29<00:37,  4.34it/s]
2009:  45%|████▍     | 130/292 [00:30<00:36,  4.39it/s]
2009:  45%|████▍     | 131/292 [00:30<00:36,  4.35it/s]
2009:  45%|████▌     | 132/292 [00:30<00:36,  4.42it/s]
2009:  46%|████▌     | 133/292 [00:30<00:33,  4.74it/s]
2009:  46%|████▌     | 134/292 [00:31<00:32,  4.79it/s]
2009:  46%|████▌     | 135/292 [00:31<00:33,  4.69it/s]
2009:  47%|████▋     | 136/292 [00:31<00:35,  4.45it/s]
2009:  47%|████▋     | 137/292 [00:31<00:34,  4.45it/s]
2009:  47%|████▋     | 138/292 [00:31<00:34,  4.43it/s]
2009:  48%|████▊     | 139/292 [00:32<00:33,  4.50it/s]
2009:  48%|████▊     | 140/292 [00:32<00:32,  4.68it/s]
2009:  48%|████▊     | 141/292 [00:32<00:32,  4.62it/s]
2009:  49%|████▊     | 142/292 [00:32<00:35,  4.20it/s]
2009:  49%|████▉     | 143/292 [00:33<00:33,  4.43it/s]
2009:  49%|████▉     | 144/292 [00:33<00:33,  4.48it/s]
2009:  50%|████▉     | 145/292 [00:33<00:32,  4.54it/s]
2009:  50%|█████     | 146/292 [00:33<00:32,  4.51it/s]
2009:  50%|█████     | 147/292 [00:33<00:33,  4.28it/s]
2009:  51%|█████     | 148/292 [00:34<00:34,  4.16it/s]
2009:  51%|█████     | 149/292 [00:34<00:35,  4.09it/s]
2009:  51%|█████▏    | 150/292 [00:34<00:34,  4.10it/s]
2009:  52%|█████▏    | 151/292 [00:34<00:33,  4.24it/s]
2009:  52%|█████▏    | 152/292 [00:35<00:33,  4.21it/s]
2009:  52%|█████▏    | 153/292 [00:35<00:32,  4.30it/s]
2009:  53%|█████▎    | 154/292 [00:35<00:30,  4.46it/s]
2009:  53%|█████▎    | 155/292 [00:35<00:30,  4.46it/s]
2009:  53%|█████▎    | 156/292 [00:36<00:30,  4.46it/s]
2009:  54%|█████▍    | 157/292 [00:36<00:30,  4.49it/s]
2009:  54%|█████▍    | 158/292 [00:36<00:29,  4.58it/s]
2009:  54%|█████▍    | 159/292 [00:36<00:29,  4.51it/s]
2009:  55%|█████▍    | 160/292 [00:36<00:29,  4.50it/s]
2009:  55%|█████▌    | 161/292 [00:37<00:28,  4.54it/s]
2009:  55%|█████▌    | 162/292 [00:37<00:29,  4.46it/s]
2009:  56%|█████▌    | 163/292 [00:37<00:28,  4.53it/s]
2009:  56%|█████▌    | 164/292 [00:37<00:27,  4.60it/s]
2009:  57%|█████▋    | 165/292 [00:38<00:29,  4.34it/s]
2009:  57%|█████▋    | 166/292 [00:38<00:28,  4.50it/s]
2009:  57%|█████▋    | 167/292 [00:38<00:28,  4.42it/s]
2009:  58%|█████▊    | 168/292 [00:38<00:27,  4.46it/s]
2009:  58%|█████▊    | 169/292 [00:38<00:27,  4.44it/s]
2009:  58%|█████▊    | 170/292 [00:39<00:26,  4.62it/s]
2009:  59%|█████▊    | 171/292 [00:39<00:26,  4.61it/s]
2009:  59%|█████▉    | 172/292 [00:39<00:25,  4.71it/s]
2009:  59%|█████▉    | 173/292 [00:39<00:24,  4.90it/s]
2009:  60%|█████▉    | 174/292 [00:39<00:23,  5.07it/s]
2009:  60%|█████▉    | 175/292 [00:40<00:23,  5.05it/s]
2009:  60%|██████    | 176/292 [00:40<00:23,  4.86it/s]
2009:  61%|██████    | 177/292 [00:40<00:25,  4.50it/s]
2009:  61%|██████    | 178/292 [00:40<00:25,  4.54it/s]
2009:  61%|██████▏   | 179/292 [00:41<00:25,  4.49it/s]
2009:  62%|██████▏   | 180/292 [00:41<00:24,  4.51it/s]
2009:  62%|██████▏   | 181/292 [00:41<00:24,  4.47it/s]
2009:  62%|██████▏   | 182/292 [00:41<00:24,  4.43it/s]
2009:  63%|██████▎   | 183/292 [00:41<00:24,  4.37it/s]
2009:  63%|██████▎   | 184/292 [00:42<00:24,  4.46it/s]
2009:  63%|██████▎   | 185/292 [00:42<00:24,  4.29it/s]
2009:  64%|██████▎   | 186/292 [00:42<00:24,  4.34it/s]
2009:  64%|██████▍   | 187/292 [00:42<00:24,  4.25it/s]
2009:  64%|██████▍   | 188/292 [00:43<00:23,  4.46it/s]
2009:  65%|██████▍   | 189/292 [00:43<00:23,  4.44it/s]
2009:  65%|██████▌   | 190/292 [00:43<00:22,  4.58it/s]
2009:  65%|██████▌   | 191/292 [00:43<00:22,  4.51it/s]
2009:  66%|██████▌   | 192/292 [00:43<00:21,  4.59it/s]
2009:  66%|██████▌   | 193/292 [00:44<00:21,  4.58it/s]
2009:  66%|██████▋   | 194/292 [00:44<00:20,  4.67it/s]
2009:  67%|██████▋   | 195/292 [00:44<00:21,  4.49it/s]
2009:  67%|██████▋   | 196/292 [00:44<00:21,  4.53it/s]
2009:  67%|██████▋   | 197/292 [00:45<00:21,  4.45it/s]
2009:  68%|██████▊   | 198/292 [00:45<00:21,  4.29it/s]
2009:  68%|██████▊   | 199/292 [00:45<00:21,  4.27it/s]
2009:  68%|██████▊   | 200/292 [00:45<00:21,  4.19it/s]
2009:  69%|██████▉   | 201/292 [00:46<00:21,  4.29it/s]
2009:  69%|██████▉   | 202/292 [00:46<00:21,  4.17it/s]
2009:  70%|██████▉   | 203/292 [00:46<00:20,  4.29it/s]
2009:  70%|██████▉   | 204/292 [00:46<00:21,  4.18it/s]
2009:  70%|███████   | 205/292 [00:47<00:20,  4.23it/s]
2009:  71%|███████   | 206/292 [00:47<00:19,  4.51it/s]
2009:  71%|███████   | 207/292 [00:47<00:20,  4.22it/s]
2009:  71%|███████   | 208/292 [00:47<00:19,  4.25it/s]
2009:  72%|███████▏  | 209/292 [00:47<00:18,  4.38it/s]
2009:  72%|███████▏  | 210/292 [00:48<00:18,  4.33it/s]
2009:  72%|███████▏  | 211/292 [00:48<00:18,  4.29it/s]
2009:  73%|███████▎  | 212/292 [00:48<00:18,  4.32it/s]
2009:  73%|███████▎  | 213/292 [00:48<00:18,  4.29it/s]
2009:  73%|███████▎  | 214/292 [00:49<00:18,  4.22it/s]
2009:  74%|███████▎  | 215/292 [00:49<00:18,  4.10it/s]
2009:  74%|███████▍  | 216/292 [00:49<00:17,  4.26it/s]
2009:  74%|███████▍  | 217/292 [00:59<03:59,  3.19s/it]
2009:  75%|███████▍  | 218/292 [01:00<02:58,  2.42s/it]
2009:  75%|███████▌  | 219/292 [01:00<02:11,  1.80s/it]
2009:  75%|███████▌  | 220/292 [01:00<01:34,  1.32s/it]
2009:  76%|███████▌  | 221/292 [01:01<01:10,  1.00it/s]
2009:  76%|███████▌  | 222/292 [01:01<00:53,  1.31it/s]
2009:  76%|███████▋  | 223/292 [01:01<00:41,  1.67it/s]
2009:  77%|███████▋  | 224/292 [01:01<00:32,  2.07it/s]
2009:  77%|███████▋  | 225/292 [01:01<00:27,  2.43it/s]
2009:  77%|███████▋  | 226/292 [01:02<00:22,  2.88it/s]
2009:  78%|███████▊  | 227/292 [01:02<00:19,  3.27it/s]
2009:  78%|███████▊  | 228/292 [01:02<00:18,  3.46it/s]
2009:  78%|███████▊  | 229/292 [01:02<00:17,  3.64it/s]
2009:  79%|███████▉  | 230/292 [01:03<00:15,  3.90it/s]
2009:  79%|███████▉  | 231/292 [01:03<00:15,  3.93it/s]
2009:  79%|███████▉  | 232/292 [01:03<00:15,  3.98it/s]
2009:  80%|███████▉  | 233/292 [01:03<00:15,  3.89it/s]
2009:  80%|████████  | 234/292 [01:04<00:14,  4.05it/s]
2009:  80%|████████  | 235/292 [01:04<00:13,  4.14it/s]
2009:  81%|████████  | 236/292 [01:04<00:13,  4.13it/s]
2009:  81%|████████  | 237/292 [01:04<00:13,  4.13it/s]
2009:  82%|████████▏ | 238/292 [01:04<00:12,  4.23it/s]
2009:  82%|████████▏ | 239/292 [01:05<00:12,  4.09it/s]
2009:  82%|████████▏ | 240/292 [01:05<00:12,  4.18it/s]
2009:  83%|████████▎ | 241/292 [01:05<00:12,  4.12it/s]
2009:  83%|████████▎ | 242/292 [01:05<00:12,  4.02it/s]
2009:  83%|████████▎ | 243/292 [01:06<00:12,  4.08it/s]
2009:  84%|████████▎ | 244/292 [01:06<00:11,  4.02it/s]
2009:  84%|████████▍ | 245/292 [01:06<00:11,  4.11it/s]
2009:  84%|████████▍ | 246/292 [01:07<00:12,  3.59it/s]
2009:  85%|████████▍ | 247/292 [01:07<00:12,  3.71it/s]
2009:  85%|████████▍ | 248/292 [01:07<00:11,  3.76it/s]
2009:  85%|████████▌ | 249/292 [01:07<00:11,  3.87it/s]
2009:  86%|████████▌ | 250/292 [01:08<00:10,  3.94it/s]
2009:  86%|████████▌ | 251/292 [01:08<00:09,  4.11it/s]
2009:  86%|████████▋ | 252/292 [01:08<00:09,  4.09it/s]
2009:  87%|████████▋ | 253/292 [01:08<00:09,  3.93it/s]
2009:  87%|████████▋ | 254/292 [01:09<00:09,  3.94it/s]
2009:  87%|████████▋ | 255/292 [01:09<00:09,  3.98it/s]
2009:  88%|████████▊ | 256/292 [01:09<00:09,  3.72it/s]
2009:  88%|████████▊ | 257/292 [01:09<00:09,  3.79it/s]
2009:  88%|████████▊ | 258/292 [01:10<00:08,  4.01it/s]
2009:  89%|████████▊ | 259/292 [01:10<00:08,  4.09it/s]
2009:  89%|████████▉ | 260/292 [01:10<00:07,  4.21it/s]
2009:  89%|████████▉ | 261/292 [01:10<00:07,  4.38it/s]
2009:  90%|████████▉ | 262/292 [01:10<00:07,  4.27it/s]
2009:  90%|█████████ | 263/292 [01:11<00:07,  3.97it/s]
2009:  90%|█████████ | 264/292 [01:11<00:07,  3.90it/s]
2009:  91%|█████████ | 265/292 [01:11<00:06,  4.00it/s]
2009:  91%|█████████ | 266/292 [01:12<00:06,  4.07it/s]
2009:  91%|█████████▏| 267/292 [01:12<00:06,  4.01it/s]
2009:  92%|█████████▏| 268/292 [01:12<00:06,  3.92it/s]
2009:  92%|█████████▏| 269/292 [01:12<00:05,  3.97it/s]
2009:  92%|█████████▏| 270/292 [01:13<00:05,  4.09it/s]
2009:  93%|█████████▎| 271/292 [01:13<00:04,  4.49it/s]
2009:  93%|█████████▎| 272/292 [01:13<00:04,  4.48it/s]
2009:  93%|█████████▎| 273/292 [01:13<00:04,  4.06it/s]
2009:  94%|█████████▍| 274/292 [01:13<00:04,  4.09it/s]
2009:  94%|█████████▍| 275/292 [01:14<00:04,  4.10it/s]
2009:  95%|█████████▍| 276/292 [01:14<00:03,  4.32it/s]
2009:  95%|█████████▍| 277/292 [01:14<00:03,  4.52it/s]
2009:  95%|█████████▌| 278/292 [01:14<00:03,  4.51it/s]
2009:  96%|█████████▌| 279/292 [01:15<00:02,  4.52it/s]
2009:  96%|█████████▌| 280/292 [01:15<00:02,  4.56it/s]
2009:  96%|█████████▌| 281/292 [01:15<00:02,  4.44it/s]
2009:  97%|█████████▋| 282/292 [01:15<00:02,  4.41it/s]
2009:  97%|█████████▋| 283/292 [01:15<00:02,  4.47it/s]
2009:  97%|█████████▋| 284/292 [01:16<00:01,  4.37it/s]
2009:  98%|█████████▊| 285/292 [01:16<00:01,  4.37it/s]
2009:  98%|█████████▊| 286/292 [01:16<00:01,  4.55it/s]
2009:  98%|█████████▊| 287/292 [01:16<00:01,  4.73it/s]
2009:  99%|█████████▊| 288/292 [01:17<00:00,  4.73it/s]
2009:  99%|█████████▉| 289/292 [01:17<00:00,  4.64it/s]
2009:  99%|█████████▉| 290/292 [01:17<00:00,  4.43it/s]
2009: 100%|█████████▉| 291/292 [01:17<00:00,  4.46it/s]
2009: 100%|██████████| 292/292 [01:17<00:00,  4.49it/s]
2009: 100%|██████████| 292/292 [01:17<00:00,  3.75it/s]

📉 Fertig: 0 Duelle gefunden
⏭️ 292 Wettbewerbe ohne Tableau übersprungen

✅ 0 Matches gespeichert nach: outputs/2009/match_data_2009_raw.csv
✅ Success

▶️ 03_parse_athletes.py
Traceback (most recent call last):
  File "/home/superuser/Dropbox/Webcrawler_TIM/scripts/03_parse_athletes.py", line 88, in <module>
    df = pd.read_csv(INPUT_FILE)
         ^^^^^^^^^^^^^^^^^^^^^^^
  File "/home/superuser/.pyenv/versions/3.11.0/envs/computerVision2/lib/python3.11/site-packages/pandas/io/parsers/readers.py", line 1026, in read_csv
    return _read(filepath_or_buffer, kwds)
           ^^^^^^^^^^^^^^^^^^^^^^^^^^^^^^^
  File "/home/superuser/.pyenv/versions/3.11.0/envs/computerVision2/lib/python3.11/site-packages/pandas/io/parsers/readers.py", line 620, in _read
    parser = TextFileReader(filepath_or_buffer, **kwds)
             ^^^^^^^^^^^^^^^^^^^^^^^^^^^^^^^^^^^^^^^^^^
  File "/home/superuser/.pyenv/versions/3.11.0/envs/computerVision2/lib/python3.11/site-packages/pandas/io/parsers/readers.py", line 1620, in __init__
    self._engine = self._make_engine(f, self.engine)
                   ^^^^^^^^^^^^^^^^^^^^^^^^^^^^^^^^^
  File "/home/superuser/.pyenv/versions/3.11.0/envs/computerVision2/lib/python3.11/site-packages/pandas/io/parsers/readers.py", line 1898, in _make_engine
    return mapping[engine](f, **self.options)
           ^^^^^^^^^^^^^^^^^^^^^^^^^^^^^^^^^^
  File "/home/superuser/.pyenv/versions/3.11.0/envs/computerVision2/lib/python3.11/site-packages/pandas/io/parsers/c_parser_wrapper.py", line 93, in __init__
    self._reader = parsers.TextReader(src, **kwds)
                   ^^^^^^^^^^^^^^^^^^^^^^^^^^^^^^^
  File "parsers.pyx", line 581, in pandas._libs.parsers.TextReader.__cinit__
pandas.errors.EmptyDataError: No columns to parse from file

--- Fehler ---

=== Pipeline fertig für 2009 @ 2025-04-12T13:31:33.732337 ===
