=== Pipeline Start für 2010 @ 2025-04-12T13:28:41.423901 ===

▶️ 01_fetch_competitions.py
✅ Saved 300 competitions to outputs/2010/competitions_2010.csv
✅ Success

▶️ 02_parse_matches.py

2010:   0%|          | 0/300 [00:00<?, ?it/s]
2010:   0%|          | 1/300 [00:00<01:09,  4.32it/s]
2010:   1%|          | 2/300 [00:00<01:15,  3.93it/s]
2010:   1%|          | 3/300 [00:00<01:12,  4.08it/s]
2010:   1%|▏         | 4/300 [00:01<01:15,  3.94it/s]
2010:   2%|▏         | 5/300 [00:01<01:13,  4.03it/s]
2010:   2%|▏         | 6/300 [00:01<01:12,  4.05it/s]
2010:   2%|▏         | 7/300 [00:01<01:08,  4.26it/s]
2010:   3%|▎         | 8/300 [00:01<01:05,  4.44it/s]
2010:   3%|▎         | 9/300 [00:02<01:05,  4.46it/s]
2010:   3%|▎         | 10/300 [00:02<01:04,  4.51it/s]
2010:   4%|▎         | 11/300 [00:02<01:01,  4.72it/s]
2010:   4%|▍         | 12/300 [00:02<01:00,  4.77it/s]
2010:   4%|▍         | 13/300 [00:07<08:14,  1.72s/it]
2010:   5%|▍         | 14/300 [00:08<06:16,  1.32s/it]
2010:   5%|▌         | 15/300 [00:08<04:39,  1.02it/s]
2010:   5%|▌         | 16/300 [00:08<03:34,  1.33it/s]
2010:   6%|▌         | 17/300 [00:08<02:48,  1.68it/s]
2010:   6%|▌         | 18/300 [00:09<02:16,  2.07it/s]
2010:   6%|▋         | 19/300 [00:09<01:51,  2.51it/s]
2010:   7%|▋         | 20/300 [00:09<01:40,  2.77it/s]
2010:   7%|▋         | 21/300 [00:09<01:26,  3.24it/s]
2010:   7%|▋         | 22/300 [00:10<01:16,  3.62it/s]
2010:   8%|▊         | 23/300 [00:10<01:11,  3.87it/s]
2010:   8%|▊         | 24/300 [00:10<01:08,  4.02it/s]
2010:   8%|▊         | 25/300 [00:10<01:02,  4.38it/s]
2010:   9%|▊         | 26/300 [00:10<01:00,  4.51it/s]
2010:   9%|▉         | 27/300 [00:11<00:59,  4.55it/s]
2010:   9%|▉         | 28/300 [00:11<00:58,  4.64it/s]
2010:  10%|▉         | 29/300 [00:11<00:57,  4.68it/s]
2010:  10%|█         | 30/300 [00:11<00:57,  4.71it/s]
2010:  10%|█         | 31/300 [00:11<00:57,  4.71it/s]
2010:  11%|█         | 32/300 [00:12<00:54,  4.92it/s]
2010:  11%|█         | 33/300 [00:12<00:56,  4.74it/s]
2010:  11%|█▏        | 34/300 [00:12<00:57,  4.66it/s]
2010:  12%|█▏        | 35/300 [00:12<00:55,  4.79it/s]
2010:  12%|█▏        | 36/300 [00:12<00:56,  4.65it/s]
2010:  12%|█▏        | 37/300 [00:13<00:58,  4.50it/s]
2010:  13%|█▎        | 38/300 [00:13<00:58,  4.44it/s]
2010:  13%|█▎        | 39/300 [00:13<00:59,  4.40it/s]
2010:  13%|█▎        | 40/300 [00:13<01:00,  4.29it/s]
2010:  14%|█▎        | 41/300 [00:14<00:57,  4.50it/s]
2010:  14%|█▍        | 42/300 [00:14<00:56,  4.55it/s]
2010:  14%|█▍        | 43/300 [00:14<00:56,  4.53it/s]
2010:  15%|█▍        | 44/300 [00:14<00:55,  4.62it/s]
2010:  15%|█▌        | 45/300 [00:15<00:55,  4.60it/s]
2010:  15%|█▌        | 46/300 [00:15<00:54,  4.64it/s]
2010:  16%|█▌        | 47/300 [00:15<00:54,  4.64it/s]
2010:  16%|█▌        | 48/300 [00:15<00:54,  4.64it/s]
2010:  16%|█▋        | 49/300 [00:15<00:55,  4.50it/s]
2010:  17%|█▋        | 50/300 [00:16<00:56,  4.46it/s]
2010:  17%|█▋        | 51/300 [00:16<00:54,  4.59it/s]
2010:  17%|█▋        | 52/300 [00:16<00:54,  4.54it/s]
2010:  18%|█▊        | 53/300 [00:16<00:55,  4.42it/s]
2010:  18%|█▊        | 54/300 [00:17<01:01,  4.02it/s]
2010:  18%|█▊        | 55/300 [00:17<01:01,  4.00it/s]
2010:  19%|█▊        | 56/300 [00:17<00:58,  4.14it/s]
2010:  19%|█▉        | 57/300 [00:17<00:57,  4.22it/s]
2010:  19%|█▉        | 58/300 [00:18<00:56,  4.26it/s]
2010:  20%|█▉        | 59/300 [00:18<00:55,  4.36it/s]
2010:  20%|██        | 60/300 [00:18<00:54,  4.37it/s]
2010:  20%|██        | 61/300 [00:18<00:57,  4.19it/s]
2010:  21%|██        | 62/300 [00:18<00:55,  4.29it/s]
2010:  21%|██        | 63/300 [00:19<00:53,  4.47it/s]
2010:  21%|██▏       | 64/300 [00:19<00:56,  4.18it/s]
2010:  22%|██▏       | 65/300 [00:19<00:55,  4.27it/s]
2010:  22%|██▏       | 66/300 [00:19<00:58,  3.98it/s]
2010:  22%|██▏       | 67/300 [00:20<00:57,  4.08it/s]
2010:  23%|██▎       | 68/300 [00:25<06:45,  1.75s/it]
2010:  23%|██▎       | 69/300 [00:25<04:57,  1.29s/it]
2010:  23%|██▎       | 70/300 [00:25<03:44,  1.03it/s]
2010:  24%|██▎       | 71/300 [00:26<02:51,  1.34it/s]
2010:  24%|██▍       | 72/300 [00:26<02:13,  1.71it/s]
2010:  24%|██▍       | 73/300 [00:26<01:47,  2.10it/s]
2010:  25%|██▍       | 74/300 [00:26<01:33,  2.43it/s]
2010:  25%|██▌       | 75/300 [00:27<01:22,  2.73it/s]
2010:  25%|██▌       | 76/300 [00:27<01:14,  3.03it/s]
2010:  26%|██▌       | 77/300 [00:27<01:07,  3.31it/s]
2010:  26%|██▌       | 78/300 [00:27<01:00,  3.65it/s]
2010:  26%|██▋       | 79/300 [00:27<00:58,  3.81it/s]
2010:  27%|██▋       | 80/300 [00:28<00:57,  3.85it/s]
2010:  27%|██▋       | 81/300 [00:33<06:22,  1.75s/it]
2010:  27%|██▋       | 82/300 [00:33<04:55,  1.36s/it]
2010:  28%|██▊       | 83/300 [00:34<03:44,  1.04s/it]
2010:  28%|██▊       | 84/300 [00:34<02:54,  1.24it/s]
2010:  28%|██▊       | 85/300 [00:34<02:16,  1.57it/s]
2010:  29%|██▊       | 86/300 [00:34<01:52,  1.91it/s]
2010:  29%|██▉       | 87/300 [00:35<01:33,  2.27it/s]
2010:  29%|██▉       | 88/300 [00:35<01:20,  2.65it/s]
2010:  30%|██▉       | 89/300 [00:35<01:10,  3.01it/s]
2010:  30%|███       | 90/300 [00:35<01:02,  3.35it/s]
2010:  30%|███       | 91/300 [00:36<00:59,  3.52it/s]
2010:  31%|███       | 92/300 [00:36<00:56,  3.70it/s]
2010:  31%|███       | 93/300 [00:36<00:54,  3.81it/s]
2010:  31%|███▏      | 94/300 [00:36<00:51,  3.99it/s]
2010:  32%|███▏      | 95/300 [00:37<00:50,  4.04it/s]
2010:  32%|███▏      | 96/300 [00:37<00:51,  3.95it/s]
2010:  32%|███▏      | 97/300 [00:37<00:49,  4.14it/s]
2010:  33%|███▎      | 98/300 [00:37<00:47,  4.21it/s]
2010:  33%|███▎      | 99/300 [00:38<00:49,  4.10it/s]
2010:  33%|███▎      | 100/300 [00:38<00:48,  4.11it/s]
2010:  34%|███▎      | 101/300 [00:38<00:49,  4.03it/s]
2010:  34%|███▍      | 102/300 [00:38<00:49,  3.98it/s]
2010:  34%|███▍      | 103/300 [00:39<00:53,  3.67it/s]
2010:  35%|███▍      | 104/300 [00:39<00:50,  3.91it/s]
2010:  35%|███▌      | 105/300 [00:39<00:48,  4.02it/s]
2010:  35%|███▌      | 106/300 [00:39<00:50,  3.83it/s]
2010:  36%|███▌      | 107/300 [00:40<00:48,  3.96it/s]
2010:  36%|███▌      | 108/300 [00:40<00:49,  3.90it/s]
2010:  36%|███▋      | 109/300 [00:40<00:47,  4.02it/s]
2010:  37%|███▋      | 110/300 [00:40<00:46,  4.10it/s]
2010:  37%|███▋      | 111/300 [00:41<00:44,  4.22it/s]
2010:  37%|███▋      | 112/300 [00:41<00:45,  4.16it/s]
2010:  38%|███▊      | 113/300 [00:41<00:46,  4.02it/s]
2010:  38%|███▊      | 114/300 [00:41<00:46,  4.03it/s]
2010:  38%|███▊      | 115/300 [00:42<00:49,  3.72it/s]
2010:  39%|███▊      | 116/300 [00:42<00:46,  3.96it/s]
2010:  39%|███▉      | 117/300 [00:42<00:44,  4.15it/s]
2010:  39%|███▉      | 118/300 [00:42<00:42,  4.28it/s]
2010:  40%|███▉      | 119/300 [00:43<00:44,  4.04it/s]
2010:  40%|████      | 120/300 [00:43<00:43,  4.14it/s]
2010:  40%|████      | 121/300 [00:43<00:41,  4.34it/s]
2010:  41%|████      | 122/300 [00:43<00:40,  4.37it/s]
2010:  41%|████      | 123/300 [00:43<00:44,  4.01it/s]
2010:  41%|████▏     | 124/300 [00:44<00:43,  4.07it/s]
2010:  42%|████▏     | 125/300 [00:44<00:43,  4.02it/s]
2010:  42%|████▏     | 126/300 [00:44<00:41,  4.15it/s]
2010:  42%|████▏     | 127/300 [00:44<00:41,  4.20it/s]
2010:  43%|████▎     | 128/300 [00:45<00:41,  4.17it/s]
2010:  43%|████▎     | 129/300 [00:45<00:39,  4.31it/s]
2010:  43%|████▎     | 130/300 [00:45<00:37,  4.50it/s]
2010:  44%|████▎     | 131/300 [00:45<00:40,  4.17it/s]
2010:  44%|████▍     | 132/300 [00:46<00:38,  4.33it/s]
2010:  44%|████▍     | 133/300 [00:46<00:38,  4.33it/s]
2010:  45%|████▍     | 134/300 [00:46<00:38,  4.27it/s]
2010:  45%|████▌     | 135/300 [00:46<00:37,  4.42it/s]
2010:  45%|████▌     | 136/300 [00:46<00:36,  4.49it/s]
2010:  46%|████▌     | 137/300 [00:47<00:36,  4.42it/s]
2010:  46%|████▌     | 138/300 [00:47<00:37,  4.30it/s]
2010:  46%|████▋     | 139/300 [00:47<00:37,  4.32it/s]
2010:  47%|████▋     | 140/300 [00:47<00:36,  4.40it/s]
2010:  47%|████▋     | 141/300 [00:48<00:34,  4.62it/s]
2010:  47%|████▋     | 142/300 [00:48<00:35,  4.51it/s]
2010:  48%|████▊     | 143/300 [00:48<00:35,  4.48it/s]
2010:  48%|████▊     | 144/300 [00:48<00:34,  4.59it/s]
2010:  48%|████▊     | 145/300 [00:49<00:34,  4.51it/s]
2010:  49%|████▊     | 146/300 [00:49<00:35,  4.31it/s]
2010:  49%|████▉     | 147/300 [00:49<00:35,  4.30it/s]
2010:  49%|████▉     | 148/300 [00:49<00:33,  4.49it/s]
2010:  50%|████▉     | 149/300 [00:49<00:33,  4.55it/s]
2010:  50%|█████     | 150/300 [00:50<00:32,  4.67it/s]
2010:  50%|█████     | 151/300 [00:50<00:33,  4.41it/s]
2010:  51%|█████     | 152/300 [00:50<00:36,  4.07it/s]
2010:  51%|█████     | 153/300 [00:50<00:35,  4.12it/s]
2010:  51%|█████▏    | 154/300 [00:51<00:36,  4.03it/s]
2010:  52%|█████▏    | 155/300 [00:51<00:35,  4.06it/s]
2010:  52%|█████▏    | 156/300 [00:51<00:35,  4.06it/s]
2010:  52%|█████▏    | 157/300 [00:51<00:33,  4.32it/s]
2010:  53%|█████▎    | 158/300 [00:52<00:32,  4.41it/s]
2010:  53%|█████▎    | 159/300 [00:52<00:31,  4.45it/s]
2010:  53%|█████▎    | 160/300 [00:52<00:30,  4.55it/s]
2010:  54%|█████▎    | 161/300 [00:52<00:30,  4.58it/s]
2010:  54%|█████▍    | 162/300 [00:52<00:28,  4.77it/s]
2010:  54%|█████▍    | 163/300 [00:53<00:29,  4.66it/s]
2010:  55%|█████▍    | 164/300 [00:53<00:29,  4.60it/s]
2010:  55%|█████▌    | 165/300 [00:53<00:29,  4.59it/s]
2010:  55%|█████▌    | 166/300 [00:53<00:29,  4.57it/s]
2010:  56%|█████▌    | 167/300 [00:53<00:27,  4.77it/s]
2010:  56%|█████▌    | 168/300 [00:54<00:28,  4.66it/s]
2010:  56%|█████▋    | 169/300 [00:54<00:28,  4.58it/s]
2010:  57%|█████▋    | 170/300 [00:54<00:29,  4.46it/s]
2010:  57%|█████▋    | 171/300 [00:54<00:29,  4.37it/s]
2010:  57%|█████▋    | 172/300 [00:55<00:29,  4.29it/s]
2010:  58%|█████▊    | 173/300 [00:55<00:29,  4.25it/s]
2010:  58%|█████▊    | 174/300 [00:55<00:29,  4.23it/s]
2010:  58%|█████▊    | 175/300 [00:55<00:27,  4.52it/s]
2010:  59%|█████▊    | 176/300 [00:55<00:26,  4.66it/s]
2010:  59%|█████▉    | 177/300 [00:56<00:26,  4.63it/s]
2010:  59%|█████▉    | 178/300 [00:56<00:25,  4.84it/s]
2010:  60%|█████▉    | 179/300 [00:56<00:25,  4.75it/s]
2010:  60%|██████    | 180/300 [00:56<00:24,  4.83it/s]
2010:  60%|██████    | 181/300 [00:57<00:24,  4.85it/s]
2010:  61%|██████    | 182/300 [00:57<00:24,  4.74it/s]
2010:  61%|██████    | 183/300 [00:57<00:24,  4.69it/s]
2010:  61%|██████▏   | 184/300 [00:57<00:25,  4.60it/s]
2010:  62%|██████▏   | 185/300 [00:57<00:24,  4.77it/s]
2010:  62%|██████▏   | 186/300 [00:58<00:24,  4.72it/s]
2010:  62%|██████▏   | 187/300 [00:58<00:24,  4.70it/s]
2010:  63%|██████▎   | 188/300 [00:58<00:25,  4.42it/s]
2010:  63%|██████▎   | 189/300 [00:58<00:25,  4.36it/s]
2010:  63%|██████▎   | 190/300 [00:59<00:26,  4.21it/s]
2010:  64%|██████▎   | 191/300 [00:59<00:24,  4.38it/s]
2010:  64%|██████▍   | 192/300 [00:59<00:23,  4.59it/s]
2010:  64%|██████▍   | 193/300 [00:59<00:23,  4.51it/s]
2010:  65%|██████▍   | 194/300 [00:59<00:22,  4.69it/s]
2010:  65%|██████▌   | 195/300 [01:00<00:23,  4.56it/s]
2010:  65%|██████▌   | 196/300 [01:00<00:22,  4.61it/s]
2010:  66%|██████▌   | 197/300 [01:00<00:22,  4.65it/s]
2010:  66%|██████▌   | 198/300 [01:00<00:22,  4.61it/s]
2010:  66%|██████▋   | 199/300 [01:01<00:22,  4.52it/s]
2010:  67%|██████▋   | 200/300 [01:01<00:22,  4.43it/s]
2010:  67%|██████▋   | 201/300 [01:01<00:21,  4.51it/s]
2010:  67%|██████▋   | 202/300 [01:01<00:21,  4.62it/s]
2010:  68%|██████▊   | 203/300 [01:01<00:21,  4.49it/s]
2010:  68%|██████▊   | 204/300 [01:02<00:22,  4.29it/s]
2010:  68%|██████▊   | 205/300 [01:02<00:22,  4.23it/s]
2010:  69%|██████▊   | 206/300 [01:02<00:23,  4.03it/s]
2010:  69%|██████▉   | 207/300 [01:02<00:22,  4.07it/s]
2010:  69%|██████▉   | 208/300 [01:03<00:21,  4.28it/s]
2010:  70%|██████▉   | 209/300 [01:03<00:22,  4.04it/s]
2010:  70%|███████   | 210/300 [01:03<00:21,  4.18it/s]
2010:  70%|███████   | 211/300 [01:03<00:21,  4.13it/s]
2010:  71%|███████   | 212/300 [01:04<00:20,  4.23it/s]
2010:  71%|███████   | 213/300 [01:04<00:20,  4.29it/s]
2010:  71%|███████▏  | 214/300 [01:04<00:20,  4.15it/s]
2010:  72%|███████▏  | 215/300 [01:04<00:20,  4.23it/s]
2010:  72%|███████▏  | 216/300 [01:05<00:19,  4.28it/s]
2010:  72%|███████▏  | 217/300 [01:05<00:18,  4.45it/s]
2010:  73%|███████▎  | 218/300 [01:05<00:18,  4.49it/s]
2010:  73%|███████▎  | 219/300 [01:05<00:19,  4.24it/s]
2010:  73%|███████▎  | 220/300 [01:05<00:19,  4.17it/s]
2010:  74%|███████▎  | 221/300 [01:06<00:18,  4.34it/s]
2010:  74%|███████▍  | 222/300 [01:06<00:16,  4.68it/s]
2010:  74%|███████▍  | 223/300 [01:06<00:16,  4.72it/s]
2010:  75%|███████▍  | 224/300 [01:06<00:17,  4.44it/s]
2010:  75%|███████▌  | 225/300 [01:07<00:17,  4.32it/s]
2010:  75%|███████▌  | 226/300 [01:07<00:17,  4.15it/s]
2010:  76%|███████▌  | 227/300 [01:07<00:17,  4.16it/s]
2010:  76%|███████▌  | 228/300 [01:07<00:16,  4.28it/s]
2010:  76%|███████▋  | 229/300 [01:08<00:16,  4.27it/s]
2010:  77%|███████▋  | 230/300 [01:08<00:17,  4.11it/s]
2010:  77%|███████▋  | 231/300 [01:08<00:15,  4.38it/s]
2010:  77%|███████▋  | 232/300 [01:08<00:15,  4.50it/s]
2010:  78%|███████▊  | 233/300 [01:08<00:14,  4.56it/s]
2010:  78%|███████▊  | 234/300 [01:09<00:15,  4.31it/s]
2010:  78%|███████▊  | 235/300 [01:09<00:15,  4.31it/s]
2010:  79%|███████▊  | 236/300 [01:09<00:15,  4.15it/s]
2010:  79%|███████▉  | 237/300 [01:09<00:15,  4.15it/s]
2010:  79%|███████▉  | 238/300 [01:10<00:14,  4.21it/s]
2010:  80%|███████▉  | 239/300 [01:10<00:14,  4.33it/s]
2010:  80%|████████  | 240/300 [01:10<00:13,  4.30it/s]
2010:  80%|████████  | 241/300 [01:10<00:13,  4.30it/s]
2010:  81%|████████  | 242/300 [01:11<00:13,  4.29it/s]
2010:  81%|████████  | 243/300 [01:11<00:13,  4.23it/s]
2010:  81%|████████▏ | 244/300 [01:11<00:13,  4.13it/s]
2010:  82%|████████▏ | 245/300 [01:11<00:13,  4.15it/s]
2010:  82%|████████▏ | 246/300 [01:12<00:16,  3.22it/s]
2010:  82%|████████▏ | 247/300 [01:12<00:14,  3.57it/s]
2010:  83%|████████▎ | 248/300 [01:12<00:14,  3.67it/s]
2010:  83%|████████▎ | 249/300 [01:13<00:14,  3.52it/s]
2010:  83%|████████▎ | 250/300 [01:13<00:14,  3.56it/s]
2010:  84%|████████▎ | 251/300 [01:13<00:13,  3.64it/s]
2010:  84%|████████▍ | 252/300 [01:13<00:13,  3.68it/s]
2010:  84%|████████▍ | 253/300 [01:14<00:12,  3.82it/s]
2010:  85%|████████▍ | 254/300 [01:14<00:11,  3.90it/s]
2010:  85%|████████▌ | 255/300 [01:14<00:11,  3.88it/s]
2010:  85%|████████▌ | 256/300 [01:14<00:11,  3.82it/s]
2010:  86%|████████▌ | 257/300 [01:15<00:11,  3.79it/s]
2010:  86%|████████▌ | 258/300 [01:15<00:11,  3.79it/s]
2010:  86%|████████▋ | 259/300 [01:15<00:10,  3.76it/s]
2010:  87%|████████▋ | 260/300 [01:15<00:10,  3.84it/s]
2010:  87%|████████▋ | 261/300 [01:16<00:09,  4.01it/s]
2010:  87%|████████▋ | 262/300 [01:16<00:09,  4.13it/s]
2010:  88%|████████▊ | 263/300 [01:16<00:09,  3.96it/s]
2010:  88%|████████▊ | 264/300 [01:16<00:08,  4.21it/s]
2010:  88%|████████▊ | 265/300 [01:17<00:08,  4.12it/s]
2010:  89%|████████▊ | 266/300 [01:17<00:08,  4.18it/s]
2010:  89%|████████▉ | 267/300 [01:17<00:07,  4.15it/s]
2010:  89%|████████▉ | 268/300 [01:17<00:07,  4.09it/s]
2010:  90%|████████▉ | 269/300 [01:18<00:07,  4.13it/s]
2010:  90%|█████████ | 270/300 [01:18<00:07,  4.25it/s]
2010:  90%|█████████ | 271/300 [01:18<00:06,  4.18it/s]
2010:  91%|█████████ | 272/300 [01:18<00:06,  4.07it/s]
2010:  91%|█████████ | 273/300 [01:19<00:07,  3.86it/s]
2010:  91%|█████████▏| 274/300 [01:19<00:06,  3.90it/s]
2010:  92%|█████████▏| 275/300 [01:19<00:06,  3.94it/s]
2010:  92%|█████████▏| 276/300 [01:19<00:06,  3.88it/s]
2010:  92%|█████████▏| 277/300 [01:20<00:05,  3.96it/s]
2010:  93%|█████████▎| 278/300 [01:20<00:05,  3.96it/s]
2010:  93%|█████████▎| 279/300 [01:20<00:05,  4.01it/s]
2010:  93%|█████████▎| 280/300 [01:20<00:04,  4.30it/s]
2010:  94%|█████████▎| 281/300 [01:20<00:04,  4.26it/s]
2010:  94%|█████████▍| 282/300 [01:21<00:04,  4.25it/s]
2010:  94%|█████████▍| 283/300 [01:21<00:03,  4.38it/s]
2010:  95%|█████████▍| 284/300 [01:21<00:03,  4.58it/s]
2010:  95%|█████████▌| 285/300 [01:21<00:03,  4.59it/s]
2010:  95%|█████████▌| 286/300 [01:27<00:24,  1.72s/it]
2010:  96%|█████████▌| 287/300 [01:27<00:16,  1.27s/it]
2010:  96%|█████████▌| 288/300 [01:27<00:11,  1.05it/s]
2010:  96%|█████████▋| 289/300 [01:27<00:08,  1.35it/s]
2010:  97%|█████████▋| 290/300 [01:27<00:05,  1.71it/s]
2010:  97%|█████████▋| 291/300 [01:28<00:04,  2.10it/s]
2010:  97%|█████████▋| 292/300 [01:28<00:03,  2.48it/s]
2010:  98%|█████████▊| 293/300 [01:28<00:02,  2.88it/s]
2010:  98%|█████████▊| 294/300 [01:28<00:01,  3.17it/s]
2010:  98%|█████████▊| 295/300 [01:29<00:01,  3.43it/s]
2010:  99%|█████████▊| 296/300 [01:29<00:01,  3.63it/s]
2010:  99%|█████████▉| 297/300 [01:29<00:00,  3.87it/s]
2010:  99%|█████████▉| 298/300 [01:29<00:00,  4.06it/s]
2010: 100%|█████████▉| 299/300 [01:29<00:00,  4.34it/s]
2010: 100%|██████████| 300/300 [01:30<00:00,  4.39it/s]
2010: 100%|██████████| 300/300 [01:30<00:00,  3.33it/s]

📉 Fertig: 0 Duelle gefunden
⏭️ 300 Wettbewerbe ohne Tableau übersprungen

✅ 0 Matches gespeichert nach: outputs/2010/match_data_2010_raw.csv
✅ Success

▶️ 03_parse_athletes.py
Traceback (most recent call last):
  File "/home/superuser/Dropbox/Webcrawler_TIM/scripts/03_parse_athletes.py", line 88, in <module>
    df = pd.read_csv(INPUT_FILE)
         ^^^^^^^^^^^^^^^^^^^^^^^
  File "/home/superuser/.pyenv/versions/3.11.0/envs/computerVision2/lib/python3.11/site-packages/pandas/io/parsers/readers.py", line 1026, in read_csv
    return _read(filepath_or_buffer, kwds)
           ^^^^^^^^^^^^^^^^^^^^^^^^^^^^^^^
  File "/home/superuser/.pyenv/versions/3.11.0/envs/computerVision2/lib/python3.11/site-packages/pandas/io/parsers/readers.py", line 620, in _read
    parser = TextFileReader(filepath_or_buffer, **kwds)
             ^^^^^^^^^^^^^^^^^^^^^^^^^^^^^^^^^^^^^^^^^^
  File "/home/superuser/.pyenv/versions/3.11.0/envs/computerVision2/lib/python3.11/site-packages/pandas/io/parsers/readers.py", line 1620, in __init__
    self._engine = self._make_engine(f, self.engine)
                   ^^^^^^^^^^^^^^^^^^^^^^^^^^^^^^^^^
  File "/home/superuser/.pyenv/versions/3.11.0/envs/computerVision2/lib/python3.11/site-packages/pandas/io/parsers/readers.py", line 1898, in _make_engine
    return mapping[engine](f, **self.options)
           ^^^^^^^^^^^^^^^^^^^^^^^^^^^^^^^^^^
  File "/home/superuser/.pyenv/versions/3.11.0/envs/computerVision2/lib/python3.11/site-packages/pandas/io/parsers/c_parser_wrapper.py", line 93, in __init__
    self._reader = parsers.TextReader(src, **kwds)
                   ^^^^^^^^^^^^^^^^^^^^^^^^^^^^^^^
  File "parsers.pyx", line 581, in pandas._libs.parsers.TextReader.__cinit__
pandas.errors.EmptyDataError: No columns to parse from file

--- Fehler ---

=== Pipeline fertig für 2010 @ 2025-04-12T13:30:13.716311 ===
