=== Pipeline Start für 2011 @ 2025-04-13T18:42:42.389646 ===

▶️ 01_fetch_competitions.py
✅ Saved 230 competitions to outputs/2011/competitions_2011.csv
✅ Success

▶️ 02_parse_matches.py

2011:   0%|          | 0/230 [00:00<?, ?it/s]
2011:   0%|          | 1/230 [00:00<01:02,  3.65it/s]
2011:   1%|          | 2/230 [00:00<00:58,  3.92it/s]
2011:   1%|▏         | 3/230 [00:00<00:58,  3.87it/s]
2011:   2%|▏         | 4/230 [00:01<01:00,  3.73it/s]
2011:   2%|▏         | 5/230 [00:01<00:59,  3.81it/s]
2011:   3%|▎         | 6/230 [00:01<00:58,  3.85it/s]
2011:   3%|▎         | 7/230 [00:01<00:54,  4.11it/s]
2011:   3%|▎         | 8/230 [00:01<00:51,  4.30it/s]
2011:   4%|▍         | 9/230 [00:02<00:51,  4.32it/s]
2011:   4%|▍         | 10/230 [00:02<00:49,  4.43it/s]
2011:   5%|▍         | 11/230 [00:02<00:49,  4.44it/s]
2011:   5%|▌         | 12/230 [00:02<00:48,  4.50it/s]
2011:   6%|▌         | 13/230 [00:03<00:48,  4.51it/s]
2011:   6%|▌         | 14/230 [00:03<00:45,  4.72it/s]
2011:   7%|▋         | 15/230 [00:03<00:43,  4.94it/s]
2011:   7%|▋         | 16/230 [00:03<00:42,  5.03it/s]
2011:   7%|▋         | 17/230 [00:03<00:42,  4.96it/s]
2011:   8%|▊         | 18/230 [00:04<00:41,  5.07it/s]
2011:   8%|▊         | 19/230 [00:04<00:42,  5.01it/s]
2011:   9%|▊         | 20/230 [00:04<00:42,  4.90it/s]
2011:   9%|▉         | 21/230 [00:04<00:42,  4.87it/s]
2011:  10%|▉         | 22/230 [00:04<00:44,  4.70it/s]
2011:  10%|█         | 23/230 [00:05<00:43,  4.76it/s]
2011:  10%|█         | 24/230 [00:05<00:47,  4.35it/s]
2011:  11%|█         | 25/230 [00:05<00:45,  4.47it/s]
2011:  11%|█▏        | 26/230 [00:05<00:45,  4.50it/s]
2011:  12%|█▏        | 27/230 [00:05<00:42,  4.73it/s]
2011:  12%|█▏        | 28/230 [00:06<00:41,  4.87it/s]
2011:  13%|█▎        | 29/230 [00:06<00:43,  4.67it/s]
2011:  13%|█▎        | 30/230 [00:06<00:43,  4.56it/s]
2011:  13%|█▎        | 31/230 [00:06<00:44,  4.49it/s]
2011:  14%|█▍        | 32/230 [00:07<00:44,  4.48it/s]
2011:  14%|█▍        | 33/230 [00:07<00:45,  4.29it/s]
2011:  15%|█▍        | 34/230 [00:07<00:44,  4.41it/s]
2011:  15%|█▌        | 35/230 [00:07<00:41,  4.64it/s]
2011:  16%|█▌        | 36/230 [00:07<00:42,  4.60it/s]
2011:  16%|█▌        | 37/230 [00:08<00:45,  4.23it/s]
2011:  17%|█▋        | 38/230 [00:08<00:48,  4.00it/s]
2011:  17%|█▋        | 39/230 [00:08<00:48,  3.96it/s]
2011:  17%|█▋        | 40/230 [00:09<00:49,  3.83it/s]
2011:  18%|█▊        | 41/230 [00:09<00:48,  3.92it/s]
2011:  18%|█▊        | 42/230 [00:09<00:46,  4.08it/s]
2011:  19%|█▊        | 43/230 [00:09<00:44,  4.17it/s]
2011:  19%|█▉        | 44/230 [00:09<00:43,  4.30it/s]
2011:  20%|█▉        | 45/230 [00:10<00:44,  4.18it/s]
2011:  20%|██        | 46/230 [00:10<00:45,  4.05it/s]
2011:  20%|██        | 47/230 [00:10<00:46,  3.95it/s]
2011:  21%|██        | 48/230 [00:10<00:43,  4.17it/s]
2011:  21%|██▏       | 49/230 [00:11<00:41,  4.39it/s]
2011:  22%|██▏       | 50/230 [00:11<00:42,  4.20it/s]
2011:  22%|██▏       | 51/230 [00:11<00:43,  4.10it/s]
2011:  23%|██▎       | 52/230 [00:11<00:44,  4.02it/s]
2011:  23%|██▎       | 53/230 [00:12<00:42,  4.21it/s]
2011:  23%|██▎       | 54/230 [00:12<00:43,  4.09it/s]
2011:  24%|██▍       | 55/230 [00:12<00:42,  4.11it/s]
2011:  24%|██▍       | 56/230 [00:12<00:42,  4.08it/s]
2011:  25%|██▍       | 57/230 [00:13<00:40,  4.27it/s]
2011:  25%|██▌       | 58/230 [00:13<00:39,  4.31it/s]
2011:  26%|██▌       | 59/230 [00:13<00:39,  4.28it/s]
2011:  26%|██▌       | 60/230 [00:13<00:42,  3.96it/s]
2011:  27%|██▋       | 61/230 [00:14<00:42,  3.97it/s]
2011:  27%|██▋       | 62/230 [00:14<00:44,  3.76it/s]
2011:  27%|██▋       | 63/230 [00:14<00:43,  3.81it/s]
2011:  28%|██▊       | 64/230 [00:14<00:41,  4.03it/s]
2011:  28%|██▊       | 65/230 [00:15<00:40,  4.08it/s]
2011:  29%|██▊       | 66/230 [00:15<00:39,  4.15it/s]
2011:  29%|██▉       | 67/230 [00:15<00:40,  4.01it/s]
2011:  30%|██▉       | 68/230 [00:15<00:41,  3.91it/s]
2011:  30%|███       | 69/230 [00:16<00:41,  3.85it/s]
2011:  30%|███       | 70/230 [00:16<00:42,  3.75it/s]
2011:  31%|███       | 71/230 [00:16<00:38,  4.16it/s]
2011:  31%|███▏      | 72/230 [00:16<00:35,  4.45it/s]
2011:  32%|███▏      | 73/230 [00:17<00:41,  3.76it/s]
2011:  32%|███▏      | 74/230 [00:17<00:40,  3.81it/s]
2011:  33%|███▎      | 75/230 [00:17<00:40,  3.80it/s]
2011:  33%|███▎      | 76/230 [00:17<00:37,  4.07it/s]
2011:  33%|███▎      | 77/230 [00:18<00:37,  4.10it/s]
2011:  34%|███▍      | 78/230 [00:18<00:39,  3.82it/s]
2011:  34%|███▍      | 79/230 [00:18<00:40,  3.76it/s]
2011:  35%|███▍      | 80/230 [00:18<00:38,  3.88it/s]
2011:  35%|███▌      | 81/230 [00:19<00:38,  3.87it/s]
2011:  36%|███▌      | 82/230 [00:19<00:38,  3.84it/s]
2011:  36%|███▌      | 83/230 [00:19<00:39,  3.75it/s]
2011:  37%|███▋      | 84/230 [00:20<00:37,  3.90it/s]
2011:  37%|███▋      | 85/230 [00:20<00:36,  3.93it/s]
2011:  37%|███▋      | 86/230 [00:20<00:35,  4.00it/s]
2011:  38%|███▊      | 87/230 [00:20<00:35,  4.04it/s]
2011:  38%|███▊      | 88/230 [00:20<00:33,  4.28it/s]
2011:  39%|███▊      | 89/230 [00:21<00:33,  4.20it/s]
2011:  39%|███▉      | 90/230 [00:21<00:34,  4.01it/s]
2011:  40%|███▉      | 91/230 [00:21<00:33,  4.09it/s]
2011:  40%|████      | 92/230 [00:21<00:34,  3.98it/s]
2011:  40%|████      | 93/230 [00:22<00:33,  4.13it/s]
2011:  41%|████      | 94/230 [00:22<00:32,  4.18it/s]
2011:  41%|████▏     | 95/230 [00:22<00:32,  4.20it/s]
2011:  42%|████▏     | 96/230 [00:22<00:32,  4.15it/s]
2011:  42%|████▏     | 97/230 [00:23<00:34,  3.91it/s]
2011:  43%|████▎     | 98/230 [00:23<00:32,  4.01it/s]
2011:  43%|████▎     | 99/230 [00:23<00:33,  3.94it/s]
2011:  43%|████▎     | 100/230 [00:24<00:34,  3.73it/s]
2011:  44%|████▍     | 101/230 [00:24<00:34,  3.79it/s]
2011:  44%|████▍     | 102/230 [00:24<00:32,  3.96it/s]
2011:  45%|████▍     | 103/230 [00:24<00:31,  4.09it/s]
2011:  45%|████▌     | 104/230 [00:24<00:31,  4.04it/s]
2011:  46%|████▌     | 105/230 [00:25<00:31,  4.03it/s]
2011:  46%|████▌     | 106/230 [00:25<00:30,  4.12it/s]
2011:  47%|████▋     | 107/230 [00:25<00:27,  4.48it/s]
2011:  47%|████▋     | 108/230 [00:25<00:28,  4.25it/s]
2011:  47%|████▋     | 109/230 [00:26<00:27,  4.36it/s]
2011:  48%|████▊     | 110/230 [00:26<00:26,  4.50it/s]
2011:  48%|████▊     | 111/230 [00:26<00:27,  4.34it/s]
2011:  49%|████▊     | 112/230 [00:26<00:31,  3.74it/s]
2011:  49%|████▉     | 113/230 [00:27<00:30,  3.83it/s]
2011:  50%|████▉     | 114/230 [00:27<00:28,  4.14it/s]
2011:  50%|█████     | 115/230 [00:27<00:28,  4.01it/s]
2011:  50%|█████     | 116/230 [00:27<00:28,  3.94it/s]
2011:  51%|█████     | 117/230 [00:28<00:28,  3.94it/s]
2011:  51%|█████▏    | 118/230 [00:28<00:29,  3.79it/s]
2011:  52%|█████▏    | 119/230 [00:28<00:29,  3.73it/s]
2011:  52%|█████▏    | 120/230 [00:28<00:28,  3.84it/s]
2011:  53%|█████▎    | 121/230 [00:29<00:28,  3.82it/s]
2011:  53%|█████▎    | 122/230 [00:29<00:26,  4.10it/s]
2011:  53%|█████▎    | 123/230 [00:29<00:25,  4.27it/s]
2011:  54%|█████▍    | 124/230 [00:29<00:24,  4.39it/s]
2011:  54%|█████▍    | 125/230 [00:30<00:22,  4.57it/s]
2011:  55%|█████▍    | 126/230 [00:30<00:23,  4.51it/s]
2011:  55%|█████▌    | 127/230 [00:30<00:22,  4.64it/s]
2011:  56%|█████▌    | 128/230 [00:30<00:22,  4.61it/s]
2011:  56%|█████▌    | 129/230 [00:30<00:21,  4.61it/s]
2011:  57%|█████▋    | 130/230 [00:31<00:22,  4.50it/s]
2011:  57%|█████▋    | 131/230 [00:31<00:22,  4.44it/s]
2011:  57%|█████▋    | 132/230 [00:31<00:21,  4.50it/s]
2011:  58%|█████▊    | 133/230 [00:31<00:21,  4.49it/s]
2011:  58%|█████▊    | 134/230 [00:32<00:22,  4.34it/s]
2011:  59%|█████▊    | 135/230 [00:32<00:22,  4.24it/s]
2011:  59%|█████▉    | 136/230 [00:32<00:21,  4.46it/s]
2011:  60%|█████▉    | 137/230 [00:32<00:21,  4.42it/s]
2011:  60%|██████    | 138/230 [00:32<00:21,  4.31it/s]
2011:  60%|██████    | 139/230 [00:33<00:21,  4.29it/s]
2011:  61%|██████    | 140/230 [00:33<00:20,  4.31it/s]
2011:  61%|██████▏   | 141/230 [00:33<00:20,  4.37it/s]
2011:  62%|██████▏   | 142/230 [00:33<00:20,  4.36it/s]
2011:  62%|██████▏   | 143/230 [00:34<00:18,  4.62it/s]
2011:  63%|██████▎   | 144/230 [00:39<02:27,  1.71s/it]
2011:  63%|██████▎   | 145/230 [00:39<01:53,  1.33s/it]
2011:  63%|██████▎   | 146/230 [00:39<01:24,  1.01s/it]
2011:  64%|██████▍   | 147/230 [00:40<01:04,  1.30it/s]
2011:  64%|██████▍   | 148/230 [00:40<00:50,  1.63it/s]
2011:  65%|██████▍   | 149/230 [00:40<00:40,  2.02it/s]
2011:  65%|██████▌   | 150/230 [00:40<00:32,  2.43it/s]
2011:  66%|██████▌   | 151/230 [00:41<00:28,  2.78it/s]
2011:  66%|██████▌   | 152/230 [00:41<00:26,  3.00it/s]
2011:  67%|██████▋   | 153/230 [00:41<00:24,  3.14it/s]
2011:  67%|██████▋   | 154/230 [00:41<00:22,  3.31it/s]
2011:  67%|██████▋   | 155/230 [00:42<00:20,  3.57it/s]
2011:  68%|██████▊   | 156/230 [00:42<00:20,  3.56it/s]
2011:  68%|██████▊   | 157/230 [00:42<00:19,  3.83it/s]
2011:  69%|██████▊   | 158/230 [00:42<00:18,  3.99it/s]
2011:  69%|██████▉   | 159/230 [00:43<00:16,  4.21it/s]
2011:  70%|██████▉   | 160/230 [00:43<00:16,  4.15it/s]
2011:  70%|███████   | 161/230 [00:43<00:16,  4.11it/s]
2011:  70%|███████   | 162/230 [00:43<00:17,  3.86it/s]
2011:  71%|███████   | 163/230 [00:44<00:16,  4.08it/s]
2011:  71%|███████▏  | 164/230 [00:44<00:15,  4.27it/s]
2011:  72%|███████▏  | 165/230 [00:44<00:17,  3.74it/s]
2011:  72%|███████▏  | 166/230 [00:44<00:17,  3.72it/s]
2011:  73%|███████▎  | 167/230 [00:45<00:17,  3.64it/s]
2011:  73%|███████▎  | 168/230 [00:45<00:15,  3.94it/s]
2011:  73%|███████▎  | 169/230 [00:45<00:15,  4.07it/s]
2011:  74%|███████▍  | 170/230 [00:45<00:14,  4.16it/s]
2011:  74%|███████▍  | 171/230 [00:46<00:14,  4.05it/s]
2011:  75%|███████▍  | 172/230 [00:46<00:13,  4.19it/s]
2011:  75%|███████▌  | 173/230 [00:46<00:13,  4.25it/s]
2011:  76%|███████▌  | 174/230 [00:46<00:13,  4.27it/s]
2011:  76%|███████▌  | 175/230 [00:47<00:13,  4.06it/s]
2011:  77%|███████▋  | 176/230 [00:47<00:13,  3.97it/s]
2011:  77%|███████▋  | 177/230 [00:47<00:13,  3.79it/s]
2011:  77%|███████▋  | 178/230 [00:47<00:13,  3.73it/s]
2011:  78%|███████▊  | 179/230 [00:48<00:13,  3.83it/s]
2011:  78%|███████▊  | 180/230 [00:48<00:12,  3.95it/s]
2011:  79%|███████▊  | 181/230 [00:48<00:12,  3.85it/s]
2011:  79%|███████▉  | 182/230 [00:48<00:12,  3.81it/s]
2011:  80%|███████▉  | 183/230 [00:49<00:12,  3.79it/s]
2011:  80%|████████  | 184/230 [00:49<00:12,  3.73it/s]
2011:  80%|████████  | 185/230 [00:49<00:11,  3.75it/s]
2011:  81%|████████  | 186/230 [00:49<00:11,  3.93it/s]
2011:  81%|████████▏ | 187/230 [00:50<00:10,  4.06it/s]
2011:  82%|████████▏ | 188/230 [00:50<00:11,  3.76it/s]
2011:  82%|████████▏ | 189/230 [00:50<00:10,  3.89it/s]
2011:  83%|████████▎ | 190/230 [00:51<00:10,  3.76it/s]
2011:  83%|████████▎ | 191/230 [00:51<00:09,  3.91it/s]
2011:  83%|████████▎ | 192/230 [00:51<00:09,  4.03it/s]
2011:  84%|████████▍ | 193/230 [00:51<00:09,  3.79it/s]
2011:  84%|████████▍ | 194/230 [00:52<00:09,  3.75it/s]
2011:  85%|████████▍ | 195/230 [00:52<00:09,  3.85it/s]
2011:  85%|████████▌ | 196/230 [00:52<00:08,  3.79it/s]
2011:  86%|████████▌ | 197/230 [00:52<00:08,  3.81it/s]
2011:  86%|████████▌ | 198/230 [00:53<00:08,  3.71it/s]
2011:  87%|████████▋ | 199/230 [00:53<00:08,  3.73it/s]
2011:  87%|████████▋ | 200/230 [00:53<00:08,  3.73it/s]
2011:  87%|████████▋ | 201/230 [00:53<00:07,  3.70it/s]
2011:  88%|████████▊ | 202/230 [00:54<00:07,  3.70it/s]
2011:  88%|████████▊ | 203/230 [00:54<00:07,  3.80it/s]
2011:  89%|████████▊ | 204/230 [00:54<00:06,  3.94it/s]
2011:  89%|████████▉ | 205/230 [00:54<00:06,  3.91it/s]
2011:  90%|████████▉ | 206/230 [00:55<00:06,  3.87it/s]
2011:  90%|█████████ | 207/230 [00:55<00:06,  3.81it/s]
2011:  90%|█████████ | 208/230 [00:55<00:05,  4.11it/s]
2011:  91%|█████████ | 209/230 [00:55<00:05,  3.93it/s]
2011:  91%|█████████▏| 210/230 [00:56<00:05,  3.85it/s]
2011:  92%|█████████▏| 211/230 [00:56<00:04,  4.02it/s]
2011:  92%|█████████▏| 212/230 [00:56<00:04,  3.87it/s]
2011:  93%|█████████▎| 213/230 [00:56<00:04,  4.16it/s]
2011:  93%|█████████▎| 214/230 [00:57<00:03,  4.10it/s]
2011:  93%|█████████▎| 215/230 [00:57<00:03,  3.91it/s]
2011:  94%|█████████▍| 216/230 [00:57<00:03,  4.06it/s]
2011:  94%|█████████▍| 217/230 [00:57<00:03,  4.03it/s]
2011:  95%|█████████▍| 218/230 [00:58<00:03,  3.87it/s]
2011:  95%|█████████▌| 219/230 [00:58<00:02,  4.07it/s]
2011:  96%|█████████▌| 220/230 [00:58<00:02,  4.29it/s]
2011:  96%|█████████▌| 221/230 [00:58<00:01,  4.51it/s]
2011:  97%|█████████▋| 222/230 [00:59<00:01,  4.68it/s]
2011:  97%|█████████▋| 223/230 [00:59<00:01,  4.60it/s]
2011:  97%|█████████▋| 224/230 [00:59<00:01,  4.54it/s]
2011:  98%|█████████▊| 225/230 [00:59<00:01,  4.59it/s]
2011:  98%|█████████▊| 226/230 [00:59<00:00,  4.55it/s]
2011:  99%|█████████▊| 227/230 [01:00<00:00,  4.18it/s]
2011:  99%|█████████▉| 228/230 [01:00<00:00,  4.23it/s]
2011: 100%|█████████▉| 229/230 [01:00<00:00,  4.37it/s]
2011: 100%|██████████| 230/230 [01:00<00:00,  4.37it/s]
2011: 100%|██████████| 230/230 [01:00<00:00,  3.78it/s]

📉 Fertig: 0 Duelle gefunden
⏭️ 230 Wettbewerbe ohne Tableau übersprungen

✅ 0 Matches gespeichert nach: outputs/2011/match_data_2011_raw.csv
✅ Success

▶️ 03_parse_athletes.py
Traceback (most recent call last):
  File "/home/superuser/Dropbox/Webcrawler_TIM/scripts/03_parse_athletes.py", line 92, in <module>
    df = pd.read_csv(INPUT_FILE)
         ^^^^^^^^^^^^^^^^^^^^^^^
  File "/home/superuser/.pyenv/versions/3.11.0/envs/computerVision2/lib/python3.11/site-packages/pandas/io/parsers/readers.py", line 1026, in read_csv
    return _read(filepath_or_buffer, kwds)
           ^^^^^^^^^^^^^^^^^^^^^^^^^^^^^^^
  File "/home/superuser/.pyenv/versions/3.11.0/envs/computerVision2/lib/python3.11/site-packages/pandas/io/parsers/readers.py", line 620, in _read
    parser = TextFileReader(filepath_or_buffer, **kwds)
             ^^^^^^^^^^^^^^^^^^^^^^^^^^^^^^^^^^^^^^^^^^
  File "/home/superuser/.pyenv/versions/3.11.0/envs/computerVision2/lib/python3.11/site-packages/pandas/io/parsers/readers.py", line 1620, in __init__
    self._engine = self._make_engine(f, self.engine)
                   ^^^^^^^^^^^^^^^^^^^^^^^^^^^^^^^^^
  File "/home/superuser/.pyenv/versions/3.11.0/envs/computerVision2/lib/python3.11/site-packages/pandas/io/parsers/readers.py", line 1898, in _make_engine
    return mapping[engine](f, **self.options)
           ^^^^^^^^^^^^^^^^^^^^^^^^^^^^^^^^^^
  File "/home/superuser/.pyenv/versions/3.11.0/envs/computerVision2/lib/python3.11/site-packages/pandas/io/parsers/c_parser_wrapper.py", line 93, in __init__
    self._reader = parsers.TextReader(src, **kwds)
                   ^^^^^^^^^^^^^^^^^^^^^^^^^^^^^^^
  File "parsers.pyx", line 581, in pandas._libs.parsers.TextReader.__cinit__
pandas.errors.EmptyDataError: No columns to parse from file

--- Fehler ---

=== Pipeline fertig für 2011 @ 2025-04-13T18:43:45.273015 ===
