=== Pipeline Start für 2012 @ 2025-04-13T18:41:25.592380 ===

▶️ 01_fetch_competitions.py
✅ Saved 296 competitions to outputs/2012/competitions_2012.csv
✅ Success

▶️ 02_parse_matches.py

2012:   0%|          | 0/296 [00:00<?, ?it/s]
2012:   0%|          | 1/296 [00:00<01:12,  4.10it/s]
2012:   1%|          | 2/296 [00:00<01:09,  4.21it/s]
2012:   1%|          | 3/296 [00:00<01:06,  4.38it/s]
2012:   1%|▏         | 4/296 [00:00<01:04,  4.52it/s]
2012:   2%|▏         | 5/296 [00:01<01:04,  4.53it/s]
2012:   2%|▏         | 6/296 [00:01<01:03,  4.55it/s]
2012:   2%|▏         | 7/296 [00:01<01:03,  4.55it/s]
2012:   3%|▎         | 8/296 [00:01<01:03,  4.52it/s]
2012:   3%|▎         | 9/296 [00:02<01:05,  4.37it/s]
2012:   3%|▎         | 10/296 [00:02<01:01,  4.65it/s]
2012:   4%|▎         | 11/296 [00:02<01:06,  4.26it/s]
2012:   4%|▍         | 12/296 [00:02<01:07,  4.23it/s]
2012:   4%|▍         | 13/296 [00:02<01:06,  4.23it/s]
2012:   5%|▍         | 14/296 [00:03<01:06,  4.22it/s]
2012:   5%|▌         | 15/296 [00:03<01:04,  4.36it/s]
2012:   5%|▌         | 16/296 [00:03<01:02,  4.46it/s]
2012:   6%|▌         | 17/296 [00:03<01:03,  4.40it/s]
2012:   6%|▌         | 18/296 [00:04<01:03,  4.40it/s]
2012:   6%|▋         | 19/296 [00:04<01:05,  4.23it/s]
2012:   7%|▋         | 20/296 [00:04<01:02,  4.40it/s]
2012:   7%|▋         | 21/296 [00:04<01:02,  4.41it/s]
2012:   7%|▋         | 22/296 [00:05<01:04,  4.24it/s]
2012:   8%|▊         | 23/296 [00:05<01:04,  4.26it/s]
2012:   8%|▊         | 24/296 [00:05<01:05,  4.16it/s]
2012:   8%|▊         | 25/296 [00:05<01:03,  4.30it/s]
2012:   9%|▉         | 26/296 [00:05<01:02,  4.33it/s]
2012:   9%|▉         | 27/296 [00:06<01:04,  4.19it/s]
2012:   9%|▉         | 28/296 [00:06<01:03,  4.22it/s]
2012:  10%|▉         | 29/296 [00:06<01:03,  4.18it/s]
2012:  10%|█         | 30/296 [00:06<01:04,  4.13it/s]
2012:  10%|█         | 31/296 [00:07<01:03,  4.20it/s]
2012:  11%|█         | 32/296 [00:07<01:04,  4.07it/s]
2012:  11%|█         | 33/296 [00:07<01:04,  4.05it/s]
2012:  11%|█▏        | 34/296 [00:07<01:05,  4.03it/s]
2012:  12%|█▏        | 35/296 [00:08<00:59,  4.37it/s]
2012:  12%|█▏        | 36/296 [00:08<01:00,  4.27it/s]
2012:  12%|█▎        | 37/296 [00:08<00:58,  4.42it/s]
2012:  13%|█▎        | 38/296 [00:08<01:10,  3.66it/s]
2012:  13%|█▎        | 39/296 [00:09<01:05,  3.94it/s]
2012:  14%|█▎        | 40/296 [00:09<01:02,  4.07it/s]
2012:  14%|█▍        | 41/296 [00:09<01:01,  4.15it/s]
2012:  14%|█▍        | 42/296 [00:09<01:02,  4.04it/s]
2012:  15%|█▍        | 43/296 [00:10<01:03,  3.95it/s]
2012:  15%|█▍        | 44/296 [00:10<01:01,  4.12it/s]
2012:  15%|█▌        | 45/296 [00:10<00:59,  4.22it/s]
2012:  16%|█▌        | 46/296 [00:10<00:58,  4.26it/s]
2012:  16%|█▌        | 47/296 [00:11<01:00,  4.13it/s]
2012:  16%|█▌        | 48/296 [00:11<01:12,  3.42it/s]
2012:  17%|█▋        | 49/296 [00:11<01:07,  3.66it/s]
2012:  17%|█▋        | 50/296 [00:11<01:06,  3.68it/s]
2012:  17%|█▋        | 51/296 [00:12<01:03,  3.86it/s]
2012:  18%|█▊        | 52/296 [00:12<00:59,  4.11it/s]
2012:  18%|█▊        | 53/296 [00:12<00:55,  4.36it/s]
2012:  18%|█▊        | 54/296 [00:12<00:55,  4.38it/s]
2012:  19%|█▊        | 55/296 [00:13<00:53,  4.52it/s]
2012:  19%|█▉        | 56/296 [00:13<00:54,  4.41it/s]
2012:  19%|█▉        | 57/296 [00:13<00:53,  4.47it/s]
2012:  20%|█▉        | 58/296 [00:13<00:53,  4.49it/s]
2012:  20%|█▉        | 59/296 [00:13<00:50,  4.65it/s]
2012:  20%|██        | 60/296 [00:14<00:50,  4.67it/s]
2012:  21%|██        | 61/296 [00:14<00:48,  4.83it/s]
2012:  21%|██        | 62/296 [00:14<00:47,  4.92it/s]
2012:  21%|██▏       | 63/296 [00:14<00:46,  5.06it/s]
2012:  22%|██▏       | 64/296 [00:14<00:45,  5.15it/s]
2012:  22%|██▏       | 65/296 [00:15<00:46,  4.96it/s]
2012:  22%|██▏       | 66/296 [00:15<00:48,  4.79it/s]
2012:  23%|██▎       | 67/296 [00:15<00:46,  4.91it/s]
2012:  23%|██▎       | 68/296 [00:15<00:45,  4.99it/s]
2012:  23%|██▎       | 69/296 [00:15<00:45,  4.94it/s]
2012:  24%|██▎       | 70/296 [00:16<00:45,  4.92it/s]
2012:  24%|██▍       | 71/296 [00:16<00:48,  4.59it/s]
2012:  24%|██▍       | 72/296 [00:16<00:48,  4.59it/s]
2012:  25%|██▍       | 73/296 [00:16<00:48,  4.61it/s]
2012:  25%|██▌       | 74/296 [00:17<00:46,  4.78it/s]
2012:  25%|██▌       | 75/296 [00:17<00:48,  4.55it/s]
2012:  26%|██▌       | 76/296 [00:17<00:44,  4.91it/s]
2012:  26%|██▌       | 77/296 [00:17<00:48,  4.50it/s]
2012:  26%|██▋       | 78/296 [00:17<00:49,  4.39it/s]
2012:  27%|██▋       | 79/296 [00:18<00:51,  4.25it/s]
2012:  27%|██▋       | 80/296 [00:18<00:51,  4.21it/s]
2012:  27%|██▋       | 81/296 [00:18<00:51,  4.19it/s]
2012:  28%|██▊       | 82/296 [00:18<00:48,  4.42it/s]
2012:  28%|██▊       | 83/296 [00:19<00:47,  4.53it/s]
2012:  28%|██▊       | 84/296 [00:19<00:47,  4.47it/s]
2012:  29%|██▊       | 85/296 [00:19<00:46,  4.53it/s]
2012:  29%|██▉       | 86/296 [00:19<00:46,  4.47it/s]
2012:  29%|██▉       | 87/296 [00:19<00:46,  4.47it/s]
2012:  30%|██▉       | 88/296 [00:20<00:44,  4.72it/s]
2012:  30%|███       | 89/296 [00:20<00:49,  4.18it/s]
2012:  30%|███       | 90/296 [00:20<00:48,  4.23it/s]
2012:  31%|███       | 91/296 [00:20<00:49,  4.15it/s]
2012:  31%|███       | 92/296 [00:21<00:52,  3.90it/s]
2012:  31%|███▏      | 93/296 [00:21<00:52,  3.84it/s]
2012:  32%|███▏      | 94/296 [00:21<00:49,  4.09it/s]
2012:  32%|███▏      | 95/296 [00:21<00:50,  3.98it/s]
2012:  32%|███▏      | 96/296 [00:22<00:49,  4.08it/s]
2012:  33%|███▎      | 97/296 [00:22<00:51,  3.84it/s]
2012:  33%|███▎      | 98/296 [00:22<00:49,  3.99it/s]
2012:  33%|███▎      | 99/296 [00:23<00:50,  3.93it/s]
2012:  34%|███▍      | 100/296 [00:23<00:51,  3.81it/s]
2012:  34%|███▍      | 101/296 [00:23<00:50,  3.86it/s]
2012:  34%|███▍      | 102/296 [00:23<00:51,  3.75it/s]
2012:  35%|███▍      | 103/296 [00:24<00:51,  3.72it/s]
2012:  35%|███▌      | 104/296 [00:24<00:49,  3.91it/s]
2012:  35%|███▌      | 105/296 [00:24<00:47,  3.98it/s]
2012:  36%|███▌      | 106/296 [00:24<00:49,  3.81it/s]
2012:  36%|███▌      | 107/296 [00:25<00:49,  3.79it/s]
2012:  36%|███▋      | 108/296 [00:25<00:51,  3.63it/s]
2012:  37%|███▋      | 109/296 [00:25<00:50,  3.70it/s]
2012:  37%|███▋      | 110/296 [00:25<00:50,  3.66it/s]
2012:  38%|███▊      | 111/296 [00:26<00:50,  3.69it/s]
2012:  38%|███▊      | 112/296 [00:26<00:47,  3.84it/s]
2012:  38%|███▊      | 113/296 [00:26<00:47,  3.83it/s]
2012:  39%|███▊      | 114/296 [00:27<00:48,  3.74it/s]
2012:  39%|███▉      | 115/296 [00:27<00:46,  3.85it/s]
2012:  39%|███▉      | 116/296 [00:27<00:49,  3.64it/s]
2012:  40%|███▉      | 117/296 [00:27<00:52,  3.38it/s]
2012:  40%|███▉      | 118/296 [00:28<00:49,  3.63it/s]
2012:  40%|████      | 119/296 [00:28<00:48,  3.66it/s]
2012:  41%|████      | 120/296 [00:28<00:45,  3.85it/s]
2012:  41%|████      | 121/296 [00:28<00:43,  4.00it/s]
2012:  41%|████      | 122/296 [00:29<00:39,  4.36it/s]
2012:  42%|████▏     | 123/296 [00:29<00:39,  4.41it/s]
2012:  42%|████▏     | 124/296 [00:29<00:36,  4.71it/s]
2012:  42%|████▏     | 125/296 [00:29<00:35,  4.85it/s]
2012:  43%|████▎     | 126/296 [00:29<00:34,  4.96it/s]
2012:  43%|████▎     | 127/296 [00:30<00:34,  4.89it/s]
2012:  43%|████▎     | 128/296 [00:30<00:35,  4.74it/s]
2012:  44%|████▎     | 129/296 [00:30<00:36,  4.52it/s]
2012:  44%|████▍     | 130/296 [00:30<00:38,  4.34it/s]
2012:  44%|████▍     | 131/296 [00:30<00:36,  4.47it/s]
2012:  45%|████▍     | 132/296 [00:31<00:36,  4.45it/s]
2012:  45%|████▍     | 133/296 [00:31<00:37,  4.37it/s]
2012:  45%|████▌     | 134/296 [00:31<00:37,  4.27it/s]
2012:  46%|████▌     | 135/296 [00:32<00:43,  3.68it/s]
2012:  46%|████▌     | 136/296 [00:32<00:40,  3.93it/s]
2012:  46%|████▋     | 137/296 [00:32<00:39,  3.99it/s]
2012:  47%|████▋     | 138/296 [00:32<00:37,  4.21it/s]
2012:  47%|████▋     | 139/296 [00:32<00:35,  4.38it/s]
2012:  47%|████▋     | 140/296 [00:33<00:34,  4.50it/s]
2012:  48%|████▊     | 141/296 [00:33<00:33,  4.69it/s]
2012:  48%|████▊     | 142/296 [00:33<00:32,  4.68it/s]
2012:  48%|████▊     | 143/296 [00:33<00:33,  4.61it/s]
2012:  49%|████▊     | 144/296 [00:33<00:34,  4.42it/s]
2012:  49%|████▉     | 145/296 [00:34<00:34,  4.39it/s]
2012:  49%|████▉     | 146/296 [00:34<00:34,  4.40it/s]
2012:  50%|████▉     | 147/296 [00:34<00:33,  4.40it/s]
2012:  50%|█████     | 148/296 [00:34<00:34,  4.26it/s]
2012:  50%|█████     | 149/296 [00:35<00:34,  4.25it/s]
2012:  51%|█████     | 150/296 [00:35<00:33,  4.31it/s]
2012:  51%|█████     | 151/296 [00:35<00:33,  4.28it/s]
2012:  51%|█████▏    | 152/296 [00:35<00:32,  4.37it/s]
2012:  52%|█████▏    | 153/296 [00:36<00:31,  4.56it/s]
2012:  52%|█████▏    | 154/296 [00:36<00:30,  4.65it/s]
2012:  52%|█████▏    | 155/296 [00:36<00:31,  4.53it/s]
2012:  53%|█████▎    | 156/296 [00:36<00:31,  4.40it/s]
2012:  53%|█████▎    | 157/296 [00:36<00:32,  4.31it/s]
2012:  53%|█████▎    | 158/296 [00:37<00:33,  4.09it/s]
2012:  54%|█████▎    | 159/296 [00:37<00:32,  4.16it/s]
2012:  54%|█████▍    | 160/296 [00:37<00:32,  4.17it/s]
2012:  54%|█████▍    | 161/296 [00:37<00:31,  4.34it/s]
2012:  55%|█████▍    | 162/296 [00:38<00:30,  4.46it/s]
2012:  55%|█████▌    | 163/296 [00:38<00:29,  4.58it/s]
2012:  55%|█████▌    | 164/296 [00:38<00:28,  4.61it/s]
2012:  56%|█████▌    | 165/296 [00:38<00:28,  4.62it/s]
2012:  56%|█████▌    | 166/296 [00:38<00:28,  4.55it/s]
2012:  56%|█████▋    | 167/296 [00:39<00:28,  4.46it/s]
2012:  57%|█████▋    | 168/296 [00:39<00:28,  4.46it/s]
2012:  57%|█████▋    | 169/296 [00:39<00:28,  4.43it/s]
2012:  57%|█████▋    | 170/296 [00:39<00:28,  4.41it/s]
2012:  58%|█████▊    | 171/296 [00:40<00:28,  4.42it/s]
2012:  58%|█████▊    | 172/296 [00:40<00:27,  4.53it/s]
2012:  58%|█████▊    | 173/296 [00:40<00:26,  4.59it/s]
2012:  59%|█████▉    | 174/296 [00:40<00:25,  4.73it/s]
2012:  59%|█████▉    | 175/296 [00:40<00:27,  4.45it/s]
2012:  59%|█████▉    | 176/296 [00:41<00:27,  4.32it/s]
2012:  60%|█████▉    | 177/296 [00:41<00:28,  4.20it/s]
2012:  60%|██████    | 178/296 [00:41<00:27,  4.25it/s]
2012:  60%|██████    | 179/296 [00:41<00:25,  4.58it/s]
2012:  61%|██████    | 180/296 [00:42<00:26,  4.41it/s]
2012:  61%|██████    | 181/296 [00:42<00:26,  4.26it/s]
2012:  61%|██████▏   | 182/296 [00:42<00:26,  4.25it/s]
2012:  62%|██████▏   | 183/296 [00:42<00:26,  4.27it/s]
2012:  62%|██████▏   | 184/296 [00:43<00:26,  4.24it/s]
2012:  62%|██████▎   | 185/296 [00:43<00:25,  4.32it/s]
2012:  63%|██████▎   | 186/296 [00:43<00:26,  4.16it/s]
2012:  63%|██████▎   | 187/296 [00:43<00:25,  4.29it/s]
2012:  64%|██████▎   | 188/296 [00:44<00:24,  4.41it/s]
2012:  64%|██████▍   | 189/296 [00:44<00:25,  4.23it/s]
2012:  64%|██████▍   | 190/296 [00:44<00:26,  4.01it/s]
2012:  65%|██████▍   | 191/296 [00:44<00:25,  4.07it/s]
2012:  65%|██████▍   | 192/296 [00:50<03:00,  1.74s/it]
2012:  65%|██████▌   | 193/296 [00:50<02:12,  1.29s/it]
2012:  66%|██████▌   | 194/296 [00:50<01:39,  1.03it/s]
2012:  66%|██████▌   | 195/296 [00:50<01:16,  1.32it/s]
2012:  66%|██████▌   | 196/296 [00:50<01:00,  1.66it/s]
2012:  67%|██████▋   | 197/296 [00:51<00:49,  2.01it/s]
2012:  67%|██████▋   | 198/296 [00:51<00:41,  2.35it/s]
2012:  67%|██████▋   | 199/296 [00:51<00:35,  2.72it/s]
2012:  68%|██████▊   | 200/296 [00:51<00:30,  3.10it/s]
2012:  68%|██████▊   | 201/296 [00:52<00:27,  3.49it/s]
2012:  68%|██████▊   | 202/296 [00:52<00:24,  3.78it/s]
2012:  69%|██████▊   | 203/296 [00:52<00:23,  4.04it/s]
2012:  69%|██████▉   | 204/296 [00:52<00:21,  4.21it/s]
2012:  69%|██████▉   | 205/296 [00:53<00:21,  4.28it/s]
2012:  70%|██████▉   | 206/296 [00:53<00:19,  4.60it/s]
2012:  70%|██████▉   | 207/296 [00:53<00:18,  4.77it/s]
2012:  70%|███████   | 208/296 [00:53<00:17,  4.91it/s]
2012:  71%|███████   | 209/296 [00:53<00:18,  4.80it/s]
2012:  71%|███████   | 210/296 [00:54<00:18,  4.69it/s]
2012:  71%|███████▏  | 211/296 [00:54<00:18,  4.56it/s]
2012:  72%|███████▏  | 212/296 [00:54<00:19,  4.38it/s]
2012:  72%|███████▏  | 213/296 [00:54<00:22,  3.69it/s]
2012:  72%|███████▏  | 214/296 [00:55<00:20,  3.98it/s]
2012:  73%|███████▎  | 215/296 [00:55<00:19,  4.17it/s]
2012:  73%|███████▎  | 216/296 [00:55<00:18,  4.34it/s]
2012:  73%|███████▎  | 217/296 [00:55<00:17,  4.52it/s]
2012:  74%|███████▎  | 218/296 [00:55<00:17,  4.55it/s]
2012:  74%|███████▍  | 219/296 [00:56<00:16,  4.61it/s]
2012:  74%|███████▍  | 220/296 [00:56<00:16,  4.60it/s]
2012:  75%|███████▍  | 221/296 [00:56<00:16,  4.50it/s]
2012:  75%|███████▌  | 222/296 [00:56<00:16,  4.56it/s]
2012:  75%|███████▌  | 223/296 [00:57<00:16,  4.51it/s]
2012:  76%|███████▌  | 224/296 [00:57<00:15,  4.58it/s]
2012:  76%|███████▌  | 225/296 [00:57<00:15,  4.49it/s]
2012:  76%|███████▋  | 226/296 [00:57<00:15,  4.41it/s]
2012:  77%|███████▋  | 227/296 [00:57<00:15,  4.43it/s]
2012:  77%|███████▋  | 228/296 [00:58<00:15,  4.41it/s]
2012:  77%|███████▋  | 229/296 [00:58<00:15,  4.43it/s]
2012:  78%|███████▊  | 230/296 [00:58<00:14,  4.45it/s]
2012:  78%|███████▊  | 231/296 [00:58<00:14,  4.50it/s]
2012:  78%|███████▊  | 232/296 [00:59<00:14,  4.52it/s]
2012:  79%|███████▊  | 233/296 [00:59<00:13,  4.59it/s]
2012:  79%|███████▉  | 234/296 [00:59<00:13,  4.63it/s]
2012:  79%|███████▉  | 235/296 [00:59<00:13,  4.63it/s]
2012:  80%|███████▉  | 236/296 [00:59<00:12,  4.62it/s]
2012:  80%|████████  | 237/296 [01:00<00:13,  4.25it/s]
2012:  80%|████████  | 238/296 [01:00<00:13,  4.32it/s]
2012:  81%|████████  | 239/296 [01:00<00:12,  4.43it/s]
2012:  81%|████████  | 240/296 [01:00<00:13,  4.24it/s]
2012:  81%|████████▏ | 241/296 [01:01<00:13,  4.05it/s]
2012:  82%|████████▏ | 242/296 [01:01<00:12,  4.18it/s]
2012:  82%|████████▏ | 243/296 [01:01<00:16,  3.21it/s]
2012:  82%|████████▏ | 244/296 [01:02<00:15,  3.36it/s]
2012:  83%|████████▎ | 245/296 [01:02<00:15,  3.29it/s]
2012:  83%|████████▎ | 246/296 [01:02<00:14,  3.39it/s]
2012:  83%|████████▎ | 247/296 [01:02<00:14,  3.37it/s]
2012:  84%|████████▍ | 248/296 [01:03<00:13,  3.44it/s]
2012:  84%|████████▍ | 249/296 [01:03<00:13,  3.53it/s]
2012:  84%|████████▍ | 250/296 [01:03<00:13,  3.41it/s]
2012:  85%|████████▍ | 251/296 [01:04<00:13,  3.29it/s]
2012:  85%|████████▌ | 252/296 [01:04<00:12,  3.58it/s]
2012:  85%|████████▌ | 253/296 [01:04<00:11,  3.71it/s]
2012:  86%|████████▌ | 254/296 [01:04<00:10,  3.93it/s]
2012:  86%|████████▌ | 255/296 [01:05<00:10,  3.92it/s]
2012:  86%|████████▋ | 256/296 [01:05<00:10,  3.77it/s]
2012:  87%|████████▋ | 257/296 [01:05<00:10,  3.75it/s]
2012:  87%|████████▋ | 258/296 [01:05<00:09,  3.81it/s]
2012:  88%|████████▊ | 259/296 [01:06<00:09,  3.81it/s]
2012:  88%|████████▊ | 260/296 [01:06<00:09,  3.99it/s]
2012:  88%|████████▊ | 261/296 [01:06<00:08,  4.02it/s]
2012:  89%|████████▊ | 262/296 [01:06<00:09,  3.70it/s]
2012:  89%|████████▉ | 263/296 [01:07<00:08,  3.86it/s]
2012:  89%|████████▉ | 264/296 [01:07<00:08,  3.66it/s]
2012:  90%|████████▉ | 265/296 [01:07<00:08,  3.56it/s]
2012:  90%|████████▉ | 266/296 [01:08<00:08,  3.71it/s]
2012:  90%|█████████ | 267/296 [01:08<00:07,  3.73it/s]
2012:  91%|█████████ | 268/296 [01:08<00:07,  3.97it/s]
2012:  91%|█████████ | 269/296 [01:08<00:06,  4.25it/s]
2012:  91%|█████████ | 270/296 [01:08<00:05,  4.43it/s]
2012:  92%|█████████▏| 271/296 [01:09<00:05,  4.57it/s]
2012:  92%|█████████▏| 272/296 [01:09<00:05,  4.64it/s]
2012:  92%|█████████▏| 273/296 [01:09<00:04,  4.69it/s]
2012:  93%|█████████▎| 274/296 [01:09<00:04,  4.63it/s]
2012:  93%|█████████▎| 275/296 [01:10<00:04,  4.56it/s]
2012:  93%|█████████▎| 276/296 [01:10<00:04,  4.50it/s]
2012:  94%|█████████▎| 277/296 [01:10<00:04,  4.27it/s]
2012:  94%|█████████▍| 278/296 [01:10<00:04,  4.14it/s]
2012:  94%|█████████▍| 279/296 [01:10<00:03,  4.27it/s]
2012:  95%|█████████▍| 280/296 [01:11<00:03,  4.40it/s]
2012:  95%|█████████▍| 281/296 [01:11<00:03,  4.45it/s]
2012:  95%|█████████▌| 282/296 [01:11<00:03,  4.27it/s]
2012:  96%|█████████▌| 283/296 [01:11<00:03,  4.12it/s]
2012:  96%|█████████▌| 284/296 [01:12<00:02,  4.31it/s]
2012:  96%|█████████▋| 285/296 [01:12<00:02,  4.40it/s]
2012:  97%|█████████▋| 286/296 [01:12<00:02,  4.60it/s]
2012:  97%|█████████▋| 287/296 [01:12<00:01,  4.71it/s]
2012:  97%|█████████▋| 288/296 [01:12<00:01,  4.83it/s]
2012:  98%|█████████▊| 289/296 [01:13<00:01,  4.93it/s]
2012:  98%|█████████▊| 290/296 [01:13<00:01,  4.84it/s]
2012:  98%|█████████▊| 291/296 [01:13<00:01,  4.97it/s]
2012:  99%|█████████▊| 292/296 [01:13<00:00,  4.82it/s]
2012:  99%|█████████▉| 293/296 [01:13<00:00,  4.69it/s]
2012:  99%|█████████▉| 294/296 [01:14<00:00,  4.54it/s]
2012: 100%|█████████▉| 295/296 [01:14<00:00,  4.62it/s]
2012: 100%|██████████| 296/296 [01:14<00:00,  4.56it/s]
2012: 100%|██████████| 296/296 [01:14<00:00,  3.96it/s]

📉 Fertig: 0 Duelle gefunden
⏭️ 296 Wettbewerbe ohne Tableau übersprungen

✅ 0 Matches gespeichert nach: outputs/2012/match_data_2012_raw.csv
✅ Success

▶️ 03_parse_athletes.py
Traceback (most recent call last):
  File "/home/superuser/Dropbox/Webcrawler_TIM/scripts/03_parse_athletes.py", line 92, in <module>
    df = pd.read_csv(INPUT_FILE)
         ^^^^^^^^^^^^^^^^^^^^^^^
  File "/home/superuser/.pyenv/versions/3.11.0/envs/computerVision2/lib/python3.11/site-packages/pandas/io/parsers/readers.py", line 1026, in read_csv
    return _read(filepath_or_buffer, kwds)
           ^^^^^^^^^^^^^^^^^^^^^^^^^^^^^^^
  File "/home/superuser/.pyenv/versions/3.11.0/envs/computerVision2/lib/python3.11/site-packages/pandas/io/parsers/readers.py", line 620, in _read
    parser = TextFileReader(filepath_or_buffer, **kwds)
             ^^^^^^^^^^^^^^^^^^^^^^^^^^^^^^^^^^^^^^^^^^
  File "/home/superuser/.pyenv/versions/3.11.0/envs/computerVision2/lib/python3.11/site-packages/pandas/io/parsers/readers.py", line 1620, in __init__
    self._engine = self._make_engine(f, self.engine)
                   ^^^^^^^^^^^^^^^^^^^^^^^^^^^^^^^^^
  File "/home/superuser/.pyenv/versions/3.11.0/envs/computerVision2/lib/python3.11/site-packages/pandas/io/parsers/readers.py", line 1898, in _make_engine
    return mapping[engine](f, **self.options)
           ^^^^^^^^^^^^^^^^^^^^^^^^^^^^^^^^^^
  File "/home/superuser/.pyenv/versions/3.11.0/envs/computerVision2/lib/python3.11/site-packages/pandas/io/parsers/c_parser_wrapper.py", line 93, in __init__
    self._reader = parsers.TextReader(src, **kwds)
                   ^^^^^^^^^^^^^^^^^^^^^^^^^^^^^^^
  File "parsers.pyx", line 581, in pandas._libs.parsers.TextReader.__cinit__
pandas.errors.EmptyDataError: No columns to parse from file

--- Fehler ---

=== Pipeline fertig für 2012 @ 2025-04-13T18:42:42.389320 ===
