=== Pipeline Start für 2013 @ 2025-04-12T13:24:54.122277 ===

▶️ 01_fetch_competitions.py
✅ Saved 252 competitions to outputs/2013/competitions_2013.csv
✅ Success

▶️ 02_parse_matches.py

2013:   0%|          | 0/252 [00:00<?, ?it/s]
2013:   0%|          | 1/252 [00:00<01:10,  3.56it/s]
2013:   1%|          | 2/252 [00:00<01:08,  3.63it/s]
2013:   1%|          | 3/252 [00:00<01:03,  3.90it/s]
2013:   2%|▏         | 4/252 [00:01<01:04,  3.87it/s]
2013:   2%|▏         | 5/252 [00:01<01:00,  4.06it/s]
2013:   2%|▏         | 6/252 [00:01<01:00,  4.05it/s]
2013:   3%|▎         | 7/252 [00:01<00:57,  4.26it/s]
2013:   3%|▎         | 8/252 [00:01<00:55,  4.36it/s]
2013:   4%|▎         | 9/252 [00:02<00:52,  4.64it/s]
2013:   4%|▍         | 10/252 [00:02<00:52,  4.59it/s]
2013:   4%|▍         | 11/252 [00:02<00:52,  4.62it/s]
2013:   5%|▍         | 12/252 [00:02<00:49,  4.84it/s]
2013:   5%|▌         | 13/252 [00:02<00:47,  5.00it/s]
2013:   6%|▌         | 14/252 [00:03<00:48,  4.86it/s]
2013:   6%|▌         | 15/252 [00:03<00:48,  4.88it/s]
2013:   6%|▋         | 16/252 [00:03<00:48,  4.87it/s]
2013:   7%|▋         | 17/252 [00:03<00:47,  4.99it/s]
2013:   7%|▋         | 18/252 [00:03<00:46,  5.07it/s]
2013:   8%|▊         | 19/252 [00:04<00:46,  5.02it/s]
2013:   8%|▊         | 20/252 [00:04<00:46,  4.95it/s]
2013:   8%|▊         | 21/252 [00:04<00:49,  4.64it/s]
2013:   9%|▊         | 22/252 [00:04<00:49,  4.67it/s]
2013:   9%|▉         | 23/252 [00:05<00:48,  4.76it/s]
2013:  10%|▉         | 24/252 [00:05<00:49,  4.58it/s]
2013:  10%|▉         | 25/252 [00:05<00:48,  4.67it/s]
2013:  10%|█         | 26/252 [00:05<00:46,  4.86it/s]
2013:  11%|█         | 27/252 [00:05<00:45,  4.98it/s]
2013:  11%|█         | 28/252 [00:06<00:44,  5.02it/s]
2013:  12%|█▏        | 29/252 [00:06<00:46,  4.84it/s]
2013:  12%|█▏        | 30/252 [00:06<00:47,  4.63it/s]
2013:  12%|█▏        | 31/252 [00:06<00:47,  4.67it/s]
2013:  13%|█▎        | 32/252 [00:12<06:24,  1.75s/it]
2013:  13%|█▎        | 33/252 [00:12<04:42,  1.29s/it]
2013:  13%|█▎        | 34/252 [00:12<03:32,  1.03it/s]
2013:  14%|█▍        | 35/252 [00:12<02:42,  1.33it/s]
2013:  14%|█▍        | 36/252 [00:12<02:07,  1.69it/s]
2013:  15%|█▍        | 37/252 [00:13<01:44,  2.07it/s]
2013:  15%|█▌        | 38/252 [00:13<01:28,  2.43it/s]
2013:  15%|█▌        | 39/252 [00:13<01:16,  2.80it/s]
2013:  16%|█▌        | 40/252 [00:13<01:06,  3.18it/s]
2013:  16%|█▋        | 41/252 [00:14<01:01,  3.42it/s]
2013:  17%|█▋        | 42/252 [00:14<00:57,  3.67it/s]
2013:  17%|█▋        | 43/252 [00:14<00:56,  3.71it/s]
2013:  17%|█▋        | 44/252 [00:14<00:54,  3.80it/s]
2013:  18%|█▊        | 45/252 [00:15<00:55,  3.73it/s]
2013:  18%|█▊        | 46/252 [00:15<00:53,  3.85it/s]
2013:  19%|█▊        | 47/252 [00:15<00:53,  3.86it/s]
2013:  19%|█▉        | 48/252 [00:15<00:50,  4.06it/s]
2013:  19%|█▉        | 49/252 [00:16<00:48,  4.15it/s]
2013:  20%|█▉        | 50/252 [00:16<00:45,  4.39it/s]
2013:  20%|██        | 51/252 [00:16<00:46,  4.32it/s]
2013:  21%|██        | 52/252 [00:16<00:47,  4.18it/s]
2013:  21%|██        | 53/252 [00:16<00:46,  4.30it/s]
2013:  21%|██▏       | 54/252 [00:17<00:45,  4.34it/s]
2013:  22%|██▏       | 55/252 [00:17<00:43,  4.53it/s]
2013:  22%|██▏       | 56/252 [00:17<00:45,  4.35it/s]
2013:  23%|██▎       | 57/252 [00:17<00:46,  4.20it/s]
2013:  23%|██▎       | 58/252 [00:18<00:50,  3.84it/s]
2013:  23%|██▎       | 59/252 [00:18<00:48,  3.98it/s]
2013:  24%|██▍       | 60/252 [00:18<00:45,  4.19it/s]
2013:  24%|██▍       | 61/252 [00:18<00:48,  3.96it/s]
2013:  25%|██▍       | 62/252 [00:19<00:45,  4.14it/s]
2013:  25%|██▌       | 63/252 [00:19<00:43,  4.36it/s]
2013:  25%|██▌       | 64/252 [00:19<00:42,  4.45it/s]
2013:  26%|██▌       | 65/252 [00:19<00:42,  4.39it/s]
2013:  26%|██▌       | 66/252 [00:20<00:43,  4.24it/s]
2013:  27%|██▋       | 67/252 [00:20<00:43,  4.28it/s]
2013:  27%|██▋       | 68/252 [00:20<00:44,  4.14it/s]
2013:  27%|██▋       | 69/252 [00:20<00:42,  4.27it/s]
2013:  28%|██▊       | 70/252 [00:21<00:43,  4.15it/s]
2013:  28%|██▊       | 71/252 [00:21<00:42,  4.21it/s]
2013:  29%|██▊       | 72/252 [00:21<00:44,  4.01it/s]
2013:  29%|██▉       | 73/252 [00:21<00:44,  3.98it/s]
2013:  29%|██▉       | 74/252 [00:22<00:44,  4.03it/s]
2013:  30%|██▉       | 75/252 [00:22<00:42,  4.18it/s]
2013:  30%|███       | 76/252 [00:22<00:45,  3.89it/s]
2013:  31%|███       | 77/252 [00:22<00:46,  3.77it/s]
2013:  31%|███       | 78/252 [00:23<00:47,  3.70it/s]
2013:  31%|███▏      | 79/252 [00:23<00:44,  3.86it/s]
2013:  32%|███▏      | 80/252 [00:23<00:42,  4.06it/s]
2013:  32%|███▏      | 81/252 [00:23<00:40,  4.22it/s]
2013:  33%|███▎      | 82/252 [00:23<00:39,  4.29it/s]
2013:  33%|███▎      | 83/252 [00:24<00:36,  4.60it/s]
2013:  33%|███▎      | 84/252 [00:24<00:37,  4.51it/s]
2013:  34%|███▎      | 85/252 [00:24<00:35,  4.67it/s]
2013:  34%|███▍      | 86/252 [00:24<00:37,  4.40it/s]
2013:  35%|███▍      | 87/252 [00:25<00:38,  4.27it/s]
2013:  35%|███▍      | 88/252 [00:25<00:39,  4.17it/s]
2013:  35%|███▌      | 89/252 [00:25<00:40,  4.00it/s]
2013:  36%|███▌      | 90/252 [00:25<00:39,  4.06it/s]
2013:  36%|███▌      | 91/252 [00:26<00:39,  4.09it/s]
2013:  37%|███▋      | 92/252 [00:26<00:39,  4.04it/s]
2013:  37%|███▋      | 93/252 [00:26<00:39,  4.05it/s]
2013:  37%|███▋      | 94/252 [00:26<00:41,  3.79it/s]
2013:  38%|███▊      | 95/252 [00:27<00:41,  3.82it/s]
2013:  38%|███▊      | 96/252 [00:27<00:39,  3.97it/s]
2013:  38%|███▊      | 97/252 [00:27<00:38,  4.02it/s]
2013:  39%|███▉      | 98/252 [00:27<00:39,  3.88it/s]
2013:  39%|███▉      | 99/252 [00:28<00:38,  3.93it/s]
2013:  40%|███▉      | 100/252 [00:28<00:38,  3.95it/s]
2013:  40%|████      | 101/252 [00:28<00:37,  4.02it/s]
2013:  40%|████      | 102/252 [00:28<00:39,  3.78it/s]
2013:  41%|████      | 103/252 [00:29<00:38,  3.84it/s]
2013:  41%|████▏     | 104/252 [00:29<00:39,  3.78it/s]
2013:  42%|████▏     | 105/252 [00:29<00:38,  3.77it/s]
2013:  42%|████▏     | 106/252 [00:30<00:38,  3.75it/s]
2013:  42%|████▏     | 107/252 [00:30<00:37,  3.92it/s]
2013:  43%|████▎     | 108/252 [00:30<00:36,  3.99it/s]
2013:  43%|████▎     | 109/252 [00:30<00:35,  4.03it/s]
2013:  44%|████▎     | 110/252 [00:30<00:34,  4.18it/s]
2013:  44%|████▍     | 111/252 [00:31<00:33,  4.16it/s]
2013:  44%|████▍     | 112/252 [00:31<00:33,  4.23it/s]
2013:  45%|████▍     | 113/252 [00:31<00:34,  4.02it/s]
2013:  45%|████▌     | 114/252 [00:31<00:33,  4.11it/s]
2013:  46%|████▌     | 115/252 [00:32<00:33,  4.07it/s]
2013:  46%|████▌     | 116/252 [00:32<00:32,  4.22it/s]
2013:  46%|████▋     | 117/252 [00:32<00:32,  4.18it/s]
2013:  47%|████▋     | 118/252 [00:32<00:31,  4.26it/s]
2013:  47%|████▋     | 119/252 [00:33<00:30,  4.37it/s]
2013:  48%|████▊     | 120/252 [00:33<00:30,  4.32it/s]
2013:  48%|████▊     | 121/252 [00:33<00:30,  4.36it/s]
2013:  48%|████▊     | 122/252 [00:33<00:30,  4.23it/s]
2013:  49%|████▉     | 123/252 [00:34<00:30,  4.23it/s]
2013:  49%|████▉     | 124/252 [00:34<00:29,  4.36it/s]
2013:  50%|████▉     | 125/252 [00:34<00:29,  4.28it/s]
2013:  50%|█████     | 126/252 [00:34<00:29,  4.33it/s]
2013:  50%|█████     | 127/252 [00:34<00:29,  4.17it/s]
2013:  51%|█████     | 128/252 [00:35<00:29,  4.17it/s]
2013:  51%|█████     | 129/252 [00:35<00:29,  4.22it/s]
2013:  52%|█████▏    | 130/252 [00:35<00:29,  4.11it/s]
2013:  52%|█████▏    | 131/252 [00:35<00:29,  4.12it/s]
2013:  52%|█████▏    | 132/252 [00:36<00:28,  4.16it/s]
2013:  53%|█████▎    | 133/252 [00:36<00:26,  4.42it/s]
2013:  53%|█████▎    | 134/252 [00:36<00:25,  4.55it/s]
2013:  54%|█████▎    | 135/252 [00:36<00:24,  4.73it/s]
2013:  54%|█████▍    | 136/252 [00:37<00:25,  4.56it/s]
2013:  54%|█████▍    | 137/252 [00:37<00:23,  4.81it/s]
2013:  55%|█████▍    | 138/252 [00:37<00:23,  4.90it/s]
2013:  55%|█████▌    | 139/252 [00:37<00:22,  5.10it/s]
2013:  56%|█████▌    | 140/252 [00:37<00:21,  5.12it/s]
2013:  56%|█████▌    | 141/252 [00:37<00:22,  5.02it/s]
2013:  56%|█████▋    | 142/252 [00:38<00:21,  5.02it/s]
2013:  57%|█████▋    | 143/252 [00:38<00:21,  4.99it/s]
2013:  57%|█████▋    | 144/252 [00:38<00:22,  4.85it/s]
2013:  58%|█████▊    | 145/252 [00:38<00:23,  4.64it/s]
2013:  58%|█████▊    | 146/252 [00:39<00:23,  4.56it/s]
2013:  58%|█████▊    | 147/252 [00:39<00:23,  4.52it/s]
2013:  59%|█████▊    | 148/252 [00:39<00:22,  4.59it/s]
2013:  59%|█████▉    | 149/252 [00:39<00:22,  4.59it/s]
2013:  60%|█████▉    | 150/252 [00:39<00:22,  4.57it/s]
2013:  60%|█████▉    | 151/252 [00:40<00:22,  4.59it/s]
2013:  60%|██████    | 152/252 [00:40<00:21,  4.62it/s]
2013:  61%|██████    | 153/252 [00:40<00:21,  4.66it/s]
2013:  61%|██████    | 154/252 [00:40<00:20,  4.73it/s]
2013:  62%|██████▏   | 155/252 [00:40<00:21,  4.61it/s]
2013:  62%|██████▏   | 156/252 [00:41<00:22,  4.34it/s]
2013:  62%|██████▏   | 157/252 [00:41<00:21,  4.42it/s]
2013:  63%|██████▎   | 158/252 [00:41<00:22,  4.22it/s]
2013:  63%|██████▎   | 159/252 [00:41<00:21,  4.30it/s]
2013:  63%|██████▎   | 160/252 [00:42<00:21,  4.28it/s]
2013:  64%|██████▍   | 161/252 [00:42<00:21,  4.25it/s]
2013:  64%|██████▍   | 162/252 [00:42<00:20,  4.33it/s]
2013:  65%|██████▍   | 163/252 [00:42<00:20,  4.34it/s]
2013:  65%|██████▌   | 164/252 [00:43<00:19,  4.44it/s]
2013:  65%|██████▌   | 165/252 [00:43<00:19,  4.35it/s]
2013:  66%|██████▌   | 166/252 [00:43<00:20,  4.21it/s]
2013:  66%|██████▋   | 167/252 [00:43<00:19,  4.27it/s]
2013:  67%|██████▋   | 168/252 [00:44<00:19,  4.37it/s]
2013:  67%|██████▋   | 169/252 [00:44<00:19,  4.27it/s]
2013:  67%|██████▋   | 170/252 [00:44<00:19,  4.29it/s]
2013:  68%|██████▊   | 171/252 [00:44<00:19,  4.22it/s]
2013:  68%|██████▊   | 172/252 [00:45<00:19,  4.12it/s]
2013:  69%|██████▊   | 173/252 [00:45<00:18,  4.25it/s]
2013:  69%|██████▉   | 174/252 [00:45<00:18,  4.21it/s]
2013:  69%|██████▉   | 175/252 [00:45<00:17,  4.36it/s]
2013:  70%|██████▉   | 176/252 [00:45<00:16,  4.54it/s]
2013:  70%|███████   | 177/252 [00:46<00:16,  4.44it/s]
2013:  71%|███████   | 178/252 [00:46<00:17,  4.25it/s]
2013:  71%|███████   | 179/252 [00:46<00:16,  4.33it/s]
2013:  71%|███████▏  | 180/252 [00:46<00:16,  4.27it/s]
2013:  72%|███████▏  | 181/252 [00:47<00:15,  4.53it/s]
2013:  72%|███████▏  | 182/252 [00:47<00:16,  4.28it/s]
2013:  73%|███████▎  | 183/252 [00:47<00:16,  4.08it/s]
2013:  73%|███████▎  | 184/252 [00:47<00:17,  3.87it/s]
2013:  73%|███████▎  | 185/252 [00:48<00:16,  3.98it/s]
2013:  74%|███████▍  | 186/252 [00:48<00:15,  4.13it/s]
2013:  74%|███████▍  | 187/252 [00:48<00:16,  3.93it/s]
2013:  75%|███████▍  | 188/252 [00:48<00:15,  4.17it/s]
2013:  75%|███████▌  | 189/252 [00:49<00:14,  4.28it/s]
2013:  75%|███████▌  | 190/252 [00:49<00:14,  4.41it/s]
2013:  76%|███████▌  | 191/252 [00:49<00:13,  4.47it/s]
2013:  76%|███████▌  | 192/252 [00:49<00:13,  4.31it/s]
2013:  77%|███████▋  | 193/252 [00:49<00:13,  4.34it/s]
2013:  77%|███████▋  | 194/252 [00:50<00:14,  4.01it/s]
2013:  77%|███████▋  | 195/252 [00:50<00:13,  4.24it/s]
2013:  78%|███████▊  | 196/252 [00:50<00:13,  4.09it/s]
2013:  78%|███████▊  | 197/252 [00:50<00:13,  4.09it/s]
2013:  79%|███████▊  | 198/252 [00:51<00:13,  4.03it/s]
2013:  79%|███████▉  | 199/252 [00:51<00:13,  4.07it/s]
2013:  79%|███████▉  | 200/252 [00:51<00:12,  4.11it/s]
2013:  80%|███████▉  | 201/252 [00:51<00:11,  4.29it/s]
2013:  80%|████████  | 202/252 [00:52<00:12,  4.10it/s]
2013:  81%|████████  | 203/252 [00:52<00:12,  3.93it/s]
2013:  81%|████████  | 204/252 [00:52<00:12,  3.82it/s]
2013:  81%|████████▏ | 205/252 [00:52<00:11,  3.98it/s]
2013:  82%|████████▏ | 206/252 [00:53<00:10,  4.29it/s]
2013:  82%|████████▏ | 207/252 [00:53<00:10,  4.34it/s]
2013:  83%|████████▎ | 208/252 [00:53<00:10,  4.38it/s]
2013:  83%|████████▎ | 209/252 [00:53<00:09,  4.62it/s]
2013:  83%|████████▎ | 210/252 [00:53<00:08,  4.75it/s]
2013:  84%|████████▎ | 211/252 [00:54<00:08,  4.66it/s]
2013:  84%|████████▍ | 212/252 [00:54<00:09,  4.39it/s]
2013:  85%|████████▍ | 213/252 [00:54<00:09,  4.28it/s]
2013:  85%|████████▍ | 214/252 [00:54<00:09,  4.00it/s]
2013:  85%|████████▌ | 215/252 [00:55<00:09,  4.08it/s]
2013:  86%|████████▌ | 216/252 [00:55<00:08,  4.08it/s]
2013:  86%|████████▌ | 217/252 [00:55<00:08,  4.19it/s]
2013:  87%|████████▋ | 218/252 [00:55<00:08,  4.08it/s]
2013:  87%|████████▋ | 219/252 [00:56<00:07,  4.14it/s]
2013:  87%|████████▋ | 220/252 [00:56<00:08,  3.88it/s]
2013:  88%|████████▊ | 221/252 [00:56<00:07,  3.90it/s]
2013:  88%|████████▊ | 222/252 [00:56<00:07,  3.89it/s]
2013:  88%|████████▊ | 223/252 [00:57<00:08,  3.60it/s]
2013:  89%|████████▉ | 224/252 [00:57<00:07,  3.62it/s]
2013:  89%|████████▉ | 225/252 [00:57<00:07,  3.81it/s]
2013:  90%|████████▉ | 226/252 [00:58<00:06,  3.82it/s]
2013:  90%|█████████ | 227/252 [00:58<00:06,  3.98it/s]
2013:  90%|█████████ | 228/252 [00:58<00:06,  3.81it/s]
2013:  91%|█████████ | 229/252 [00:58<00:06,  3.80it/s]
2013:  91%|█████████▏| 230/252 [00:59<00:05,  3.71it/s]
2013:  92%|█████████▏| 231/252 [00:59<00:05,  3.80it/s]
2013:  92%|█████████▏| 232/252 [00:59<00:05,  3.85it/s]
2013:  92%|█████████▏| 233/252 [00:59<00:04,  3.96it/s]
2013:  93%|█████████▎| 234/252 [01:00<00:04,  4.16it/s]
2013:  93%|█████████▎| 235/252 [01:00<00:04,  4.16it/s]
2013:  94%|█████████▎| 236/252 [01:00<00:03,  4.15it/s]
2013:  94%|█████████▍| 237/252 [01:00<00:03,  4.28it/s]
2013:  94%|█████████▍| 238/252 [01:01<00:03,  4.30it/s]
2013:  95%|█████████▍| 239/252 [01:01<00:03,  4.28it/s]
2013:  95%|█████████▌| 240/252 [01:01<00:02,  4.56it/s]
2013:  96%|█████████▌| 241/252 [01:01<00:02,  4.33it/s]
2013:  96%|█████████▌| 242/252 [01:01<00:02,  4.50it/s]
2013:  96%|█████████▋| 243/252 [01:02<00:02,  4.50it/s]
2013:  97%|█████████▋| 244/252 [01:02<00:01,  4.47it/s]
2013:  97%|█████████▋| 245/252 [01:02<00:01,  4.25it/s]
2013:  98%|█████████▊| 246/252 [01:02<00:01,  4.46it/s]
2013:  98%|█████████▊| 247/252 [01:02<00:01,  4.65it/s]
2013:  98%|█████████▊| 248/252 [01:03<00:00,  4.46it/s]
2013:  99%|█████████▉| 249/252 [01:03<00:00,  4.41it/s]
2013:  99%|█████████▉| 250/252 [01:03<00:00,  4.41it/s]
2013: 100%|█████████▉| 251/252 [01:03<00:00,  4.46it/s]
2013: 100%|██████████| 252/252 [01:04<00:00,  4.33it/s]
2013: 100%|██████████| 252/252 [01:04<00:00,  3.93it/s]

📉 Fertig: 0 Duelle gefunden
⏭️ 252 Wettbewerbe ohne Tableau übersprungen

✅ 0 Matches gespeichert nach: outputs/2013/match_data_2013_raw.csv
✅ Success

▶️ 03_parse_athletes.py
Traceback (most recent call last):
  File "/home/superuser/Dropbox/Webcrawler_TIM/scripts/03_parse_athletes.py", line 88, in <module>
    df = pd.read_csv(INPUT_FILE)
         ^^^^^^^^^^^^^^^^^^^^^^^
  File "/home/superuser/.pyenv/versions/3.11.0/envs/computerVision2/lib/python3.11/site-packages/pandas/io/parsers/readers.py", line 1026, in read_csv
    return _read(filepath_or_buffer, kwds)
           ^^^^^^^^^^^^^^^^^^^^^^^^^^^^^^^
  File "/home/superuser/.pyenv/versions/3.11.0/envs/computerVision2/lib/python3.11/site-packages/pandas/io/parsers/readers.py", line 620, in _read
    parser = TextFileReader(filepath_or_buffer, **kwds)
             ^^^^^^^^^^^^^^^^^^^^^^^^^^^^^^^^^^^^^^^^^^
  File "/home/superuser/.pyenv/versions/3.11.0/envs/computerVision2/lib/python3.11/site-packages/pandas/io/parsers/readers.py", line 1620, in __init__
    self._engine = self._make_engine(f, self.engine)
                   ^^^^^^^^^^^^^^^^^^^^^^^^^^^^^^^^^
  File "/home/superuser/.pyenv/versions/3.11.0/envs/computerVision2/lib/python3.11/site-packages/pandas/io/parsers/readers.py", line 1898, in _make_engine
    return mapping[engine](f, **self.options)
           ^^^^^^^^^^^^^^^^^^^^^^^^^^^^^^^^^^
  File "/home/superuser/.pyenv/versions/3.11.0/envs/computerVision2/lib/python3.11/site-packages/pandas/io/parsers/c_parser_wrapper.py", line 93, in __init__
    self._reader = parsers.TextReader(src, **kwds)
                   ^^^^^^^^^^^^^^^^^^^^^^^^^^^^^^^
  File "parsers.pyx", line 581, in pandas._libs.parsers.TextReader.__cinit__
pandas.errors.EmptyDataError: No columns to parse from file

--- Fehler ---

=== Pipeline fertig für 2013 @ 2025-04-12T13:26:00.419573 ===
