=== Pipeline Start für 2014 @ 2025-04-13T18:37:33.772810 ===

▶️ 01_fetch_competitions.py
✅ Saved 234 competitions to outputs/2014/competitions_2014.csv
✅ Success

▶️ 02_parse_matches.py

2014:   0%|          | 0/234 [00:00<?, ?it/s]
2014:   0%|          | 1/234 [00:00<00:45,  5.13it/s]
2014:   1%|          | 2/234 [00:00<00:44,  5.25it/s]
2014:   1%|▏         | 3/234 [00:00<00:43,  5.30it/s]
2014:   2%|▏         | 4/234 [00:00<00:45,  5.04it/s]
2014:   2%|▏         | 5/234 [00:00<00:44,  5.10it/s]
2014:   3%|▎         | 6/234 [00:01<00:45,  4.98it/s]
2014:   3%|▎         | 7/234 [00:01<00:48,  4.73it/s]
2014:   3%|▎         | 8/234 [00:01<00:54,  4.16it/s]
2014:   4%|▍         | 9/234 [00:01<00:54,  4.16it/s]
2014:   4%|▍         | 10/234 [00:02<00:55,  4.00it/s]
2014:   5%|▍         | 11/234 [00:07<06:52,  1.85s/it]
2014:   5%|▌         | 12/234 [00:08<05:06,  1.38s/it]
2014:   6%|▌         | 13/234 [00:08<03:48,  1.03s/it]
2014:   6%|▌         | 14/234 [00:08<02:53,  1.27it/s]
2014:   6%|▋         | 15/234 [00:08<02:15,  1.62it/s]
2014:   7%|▋         | 16/234 [00:08<01:47,  2.03it/s]
2014:   7%|▋         | 17/234 [00:09<01:29,  2.42it/s]
2014:   8%|▊         | 18/234 [00:09<01:16,  2.82it/s]
2014:   8%|▊         | 19/234 [00:09<01:07,  3.20it/s]
2014:   9%|▊         | 20/234 [00:09<01:01,  3.51it/s]
2014:   9%|▉         | 21/234 [00:09<00:56,  3.78it/s]
2014:   9%|▉         | 22/234 [00:10<00:54,  3.92it/s]
2014:  10%|▉         | 23/234 [00:10<00:51,  4.10it/s]
2014:  10%|█         | 24/234 [00:10<00:49,  4.26it/s]
2014:  11%|█         | 25/234 [00:10<00:48,  4.32it/s]
2014:  11%|█         | 26/234 [00:11<00:47,  4.35it/s]
2014:  12%|█▏        | 27/234 [00:11<00:48,  4.30it/s]
2014:  12%|█▏        | 28/234 [00:11<00:46,  4.42it/s]
2014:  12%|█▏        | 29/234 [00:11<00:47,  4.33it/s]
2014:  13%|█▎        | 30/234 [00:12<00:47,  4.31it/s]
2014:  13%|█▎        | 31/234 [00:12<00:46,  4.41it/s]
2014:  14%|█▎        | 32/234 [00:12<00:46,  4.34it/s]
2014:  14%|█▍        | 33/234 [00:12<00:45,  4.43it/s]
2014:  15%|█▍        | 34/234 [00:12<00:47,  4.23it/s]
2014:  15%|█▍        | 35/234 [00:13<00:46,  4.29it/s]
2014:  15%|█▌        | 36/234 [00:13<00:45,  4.34it/s]
2014:  16%|█▌        | 37/234 [00:13<00:45,  4.33it/s]
2014:  16%|█▌        | 38/234 [00:13<00:47,  4.09it/s]
2014:  17%|█▋        | 39/234 [00:14<00:49,  3.96it/s]
2014:  17%|█▋        | 40/234 [00:14<00:48,  3.97it/s]
2014:  18%|█▊        | 41/234 [00:14<00:47,  4.09it/s]
2014:  18%|█▊        | 42/234 [00:14<00:46,  4.11it/s]
2014:  18%|█▊        | 43/234 [00:15<00:47,  4.06it/s]
2014:  19%|█▉        | 44/234 [00:15<00:45,  4.17it/s]
2014:  19%|█▉        | 45/234 [00:15<00:46,  4.07it/s]
2014:  20%|█▉        | 46/234 [00:15<00:46,  4.02it/s]
2014:  20%|██        | 47/234 [00:16<00:47,  3.93it/s]
2014:  21%|██        | 48/234 [00:16<00:45,  4.08it/s]
2014:  21%|██        | 49/234 [00:16<00:43,  4.28it/s]
2014:  21%|██▏       | 50/234 [00:16<00:41,  4.47it/s]
2014:  22%|██▏       | 51/234 [00:16<00:39,  4.68it/s]
2014:  22%|██▏       | 52/234 [00:17<00:39,  4.56it/s]
2014:  23%|██▎       | 53/234 [00:17<00:42,  4.27it/s]
2014:  23%|██▎       | 54/234 [00:17<00:44,  4.03it/s]
2014:  24%|██▎       | 55/234 [00:18<00:43,  4.16it/s]
2014:  24%|██▍       | 56/234 [00:18<00:43,  4.13it/s]
2014:  24%|██▍       | 57/234 [00:18<00:43,  4.09it/s]
2014:  25%|██▍       | 58/234 [00:18<00:42,  4.18it/s]
2014:  25%|██▌       | 59/234 [00:18<00:41,  4.18it/s]
2014:  26%|██▌       | 60/234 [00:19<00:39,  4.38it/s]
2014:  26%|██▌       | 61/234 [00:19<00:42,  4.09it/s]
2014:  26%|██▋       | 62/234 [00:19<00:42,  4.02it/s]
2014:  27%|██▋       | 63/234 [00:19<00:42,  4.07it/s]
2014:  27%|██▋       | 64/234 [00:20<00:42,  3.99it/s]
2014:  28%|██▊       | 65/234 [00:20<00:41,  4.04it/s]
2014:  28%|██▊       | 66/234 [00:20<00:42,  3.93it/s]
2014:  29%|██▊       | 67/234 [00:20<00:40,  4.08it/s]
2014:  29%|██▉       | 68/234 [00:21<00:41,  3.96it/s]
2014:  29%|██▉       | 69/234 [00:21<00:40,  4.06it/s]
2014:  30%|██▉       | 70/234 [00:21<00:42,  3.89it/s]
2014:  30%|███       | 71/234 [00:21<00:40,  4.06it/s]
2014:  31%|███       | 72/234 [00:22<00:41,  3.92it/s]
2014:  31%|███       | 73/234 [00:22<00:42,  3.77it/s]
2014:  32%|███▏      | 74/234 [00:22<00:41,  3.86it/s]
2014:  32%|███▏      | 75/234 [00:23<00:40,  3.91it/s]
2014:  32%|███▏      | 76/234 [00:23<00:39,  4.01it/s]
2014:  33%|███▎      | 77/234 [00:23<00:42,  3.65it/s]
2014:  33%|███▎      | 78/234 [00:23<00:43,  3.61it/s]
2014:  34%|███▍      | 79/234 [00:24<00:59,  2.59it/s]
2014:  34%|███▍      | 80/234 [00:24<00:53,  2.87it/s]
2014:  35%|███▍      | 81/234 [00:25<00:49,  3.11it/s]
2014:  35%|███▌      | 82/234 [00:25<00:44,  3.40it/s]
2014:  35%|███▌      | 83/234 [00:25<00:44,  3.38it/s]
2014:  36%|███▌      | 84/234 [00:25<00:43,  3.44it/s]
2014:  36%|███▋      | 85/234 [00:26<00:42,  3.49it/s]
2014:  37%|███▋      | 86/234 [00:26<00:40,  3.69it/s]
2014:  37%|███▋      | 87/234 [00:26<00:39,  3.70it/s]
2014:  38%|███▊      | 88/234 [00:26<00:40,  3.57it/s]
2014:  38%|███▊      | 89/234 [00:27<00:39,  3.63it/s]
2014:  38%|███▊      | 90/234 [00:27<00:38,  3.75it/s]
2014:  39%|███▉      | 91/234 [00:27<00:37,  3.82it/s]
2014:  39%|███▉      | 92/234 [00:27<00:35,  3.97it/s]
2014:  40%|███▉      | 93/234 [00:28<00:35,  3.99it/s]
2014:  40%|████      | 94/234 [00:28<00:33,  4.18it/s]
2014:  41%|████      | 95/234 [00:28<00:32,  4.22it/s]
2014:  41%|████      | 96/234 [00:28<00:32,  4.31it/s]
2014:  41%|████▏     | 97/234 [00:33<03:55,  1.72s/it]
2014:  42%|████▏     | 98/234 [00:34<03:14,  1.43s/it]
2014:  42%|████▏     | 99/234 [00:34<02:23,  1.06s/it]
2014:  43%|████▎     | 100/234 [00:35<01:48,  1.23it/s]
2014:  43%|████▎     | 101/234 [00:35<01:26,  1.54it/s]
2014:  44%|████▎     | 102/234 [00:35<01:07,  1.96it/s]
2014:  44%|████▍     | 103/234 [00:35<00:55,  2.34it/s]
2014:  44%|████▍     | 104/234 [00:36<00:48,  2.67it/s]
2014:  45%|████▍     | 105/234 [00:36<00:42,  3.03it/s]
2014:  45%|████▌     | 106/234 [00:36<00:38,  3.36it/s]
2014:  46%|████▌     | 107/234 [00:36<00:34,  3.72it/s]
2014:  46%|████▌     | 108/234 [00:37<00:32,  3.85it/s]
2014:  47%|████▋     | 109/234 [00:37<00:30,  4.05it/s]
2014:  47%|████▋     | 110/234 [00:37<00:29,  4.23it/s]
2014:  47%|████▋     | 111/234 [00:37<00:27,  4.52it/s]
2014:  48%|████▊     | 112/234 [00:37<00:26,  4.64it/s]
2014:  48%|████▊     | 113/234 [00:38<00:25,  4.67it/s]
2014:  49%|████▊     | 114/234 [00:38<00:25,  4.78it/s]
2014:  49%|████▉     | 115/234 [00:38<00:25,  4.65it/s]
2014:  50%|████▉     | 116/234 [00:38<00:25,  4.56it/s]
2014:  50%|█████     | 117/234 [00:38<00:26,  4.46it/s]
2014:  50%|█████     | 118/234 [00:39<00:25,  4.53it/s]
2014:  51%|█████     | 119/234 [00:39<00:25,  4.52it/s]
2014:  51%|█████▏    | 120/234 [00:39<00:26,  4.34it/s]
2014:  52%|█████▏    | 121/234 [00:39<00:25,  4.42it/s]
2014:  52%|█████▏    | 122/234 [00:40<00:24,  4.59it/s]
2014:  53%|█████▎    | 123/234 [00:40<00:23,  4.80it/s]
2014:  53%|█████▎    | 124/234 [00:40<00:24,  4.48it/s]
2014:  53%|█████▎    | 125/234 [00:40<00:25,  4.23it/s]
2014:  54%|█████▍    | 126/234 [00:40<00:25,  4.21it/s]
2014:  54%|█████▍    | 127/234 [00:41<00:26,  4.01it/s]
2014:  55%|█████▍    | 128/234 [00:41<00:26,  3.96it/s]
2014:  55%|█████▌    | 129/234 [00:41<00:26,  3.95it/s]
2014:  56%|█████▌    | 130/234 [00:41<00:25,  4.15it/s]
2014:  56%|█████▌    | 131/234 [00:42<00:23,  4.37it/s]
2014:  56%|█████▋    | 132/234 [00:42<00:23,  4.35it/s]
2014:  57%|█████▋    | 133/234 [00:42<00:23,  4.34it/s]
2014:  57%|█████▋    | 134/234 [00:42<00:22,  4.38it/s]
2014:  58%|█████▊    | 135/234 [00:43<00:22,  4.41it/s]
2014:  58%|█████▊    | 136/234 [00:43<00:22,  4.43it/s]
2014:  59%|█████▊    | 137/234 [00:43<00:21,  4.46it/s]
2014:  59%|█████▉    | 138/234 [00:43<00:21,  4.39it/s]
2014:  59%|█████▉    | 139/234 [00:43<00:21,  4.43it/s]
2014:  60%|█████▉    | 140/234 [00:44<00:21,  4.46it/s]
2014:  60%|██████    | 141/234 [00:44<00:20,  4.57it/s]
2014:  61%|██████    | 142/234 [00:44<00:21,  4.35it/s]
2014:  61%|██████    | 143/234 [00:44<00:20,  4.40it/s]
2014:  62%|██████▏   | 144/234 [00:45<00:20,  4.46it/s]
2014:  62%|██████▏   | 145/234 [00:45<00:20,  4.45it/s]
2014:  62%|██████▏   | 146/234 [00:45<00:20,  4.40it/s]
2014:  63%|██████▎   | 147/234 [00:45<00:19,  4.49it/s]
2014:  63%|██████▎   | 148/234 [00:45<00:18,  4.60it/s]
2014:  64%|██████▎   | 149/234 [00:46<00:17,  4.73it/s]
2014:  64%|██████▍   | 150/234 [00:46<00:18,  4.63it/s]
2014:  65%|██████▍   | 151/234 [00:46<00:17,  4.63it/s]
2014:  65%|██████▍   | 152/234 [00:46<00:17,  4.60it/s]
2014:  65%|██████▌   | 153/234 [00:47<00:17,  4.52it/s]
2014:  66%|██████▌   | 154/234 [00:47<00:17,  4.51it/s]
2014:  66%|██████▌   | 155/234 [00:47<00:18,  4.22it/s]
2014:  67%|██████▋   | 156/234 [00:47<00:18,  4.13it/s]
2014:  67%|██████▋   | 157/234 [00:48<00:18,  4.14it/s]
2014:  68%|██████▊   | 158/234 [00:48<00:18,  4.16it/s]
2014:  68%|██████▊   | 159/234 [00:48<00:19,  3.78it/s]
2014:  68%|██████▊   | 160/234 [00:48<00:19,  3.86it/s]
2014:  69%|██████▉   | 161/234 [00:49<00:17,  4.07it/s]
2014:  69%|██████▉   | 162/234 [00:49<00:16,  4.34it/s]
2014:  70%|██████▉   | 163/234 [00:49<00:16,  4.25it/s]
2014:  70%|███████   | 164/234 [00:49<00:16,  4.18it/s]
2014:  71%|███████   | 165/234 [00:49<00:15,  4.38it/s]
2014:  71%|███████   | 166/234 [00:50<00:15,  4.52it/s]
2014:  71%|███████▏  | 167/234 [00:50<00:14,  4.56it/s]
2014:  72%|███████▏  | 168/234 [00:50<00:14,  4.48it/s]
2014:  72%|███████▏  | 169/234 [00:50<00:15,  4.18it/s]
2014:  73%|███████▎  | 170/234 [00:51<00:15,  4.12it/s]
2014:  73%|███████▎  | 171/234 [00:51<00:16,  3.87it/s]
2014:  74%|███████▎  | 172/234 [00:51<00:15,  3.92it/s]
2014:  74%|███████▍  | 173/234 [00:51<00:15,  3.94it/s]
2014:  74%|███████▍  | 174/234 [00:52<00:15,  3.90it/s]
2014:  75%|███████▍  | 175/234 [00:52<00:14,  4.09it/s]
2014:  75%|███████▌  | 176/234 [00:52<00:15,  3.84it/s]
2014:  76%|███████▌  | 177/234 [00:52<00:14,  3.92it/s]
2014:  76%|███████▌  | 178/234 [00:53<00:15,  3.71it/s]
2014:  76%|███████▋  | 179/234 [00:53<00:14,  3.71it/s]
2014:  77%|███████▋  | 180/234 [00:53<00:15,  3.58it/s]
2014:  77%|███████▋  | 181/234 [00:54<00:14,  3.59it/s]
2014:  78%|███████▊  | 182/234 [00:54<00:13,  3.80it/s]
2014:  78%|███████▊  | 183/234 [00:54<00:13,  3.70it/s]
2014:  79%|███████▊  | 184/234 [00:54<00:12,  3.90it/s]
2014:  79%|███████▉  | 185/234 [00:55<00:12,  3.90it/s]
2014:  79%|███████▉  | 186/234 [00:55<00:11,  4.09it/s]
2014:  80%|███████▉  | 187/234 [00:55<00:12,  3.82it/s]
2014:  80%|████████  | 188/234 [00:55<00:11,  3.85it/s]
2014:  81%|████████  | 189/234 [00:56<00:11,  3.76it/s]
2014:  81%|████████  | 190/234 [00:56<00:12,  3.59it/s]
2014:  82%|████████▏ | 191/234 [00:56<00:11,  3.76it/s]
2014:  82%|████████▏ | 192/234 [00:56<00:11,  3.75it/s]
2014:  82%|████████▏ | 193/234 [00:57<00:11,  3.68it/s]
2014:  83%|████████▎ | 194/234 [00:57<00:10,  3.69it/s]
2014:  83%|████████▎ | 195/234 [00:57<00:11,  3.52it/s]
2014:  84%|████████▍ | 196/234 [00:58<00:14,  2.60it/s]
2014:  84%|████████▍ | 197/234 [00:58<00:12,  2.91it/s]
2014:  85%|████████▍ | 198/234 [00:58<00:11,  3.12it/s]
2014:  85%|████████▌ | 199/234 [00:59<00:10,  3.38it/s]
2014:  85%|████████▌ | 200/234 [00:59<00:09,  3.46it/s]
2014:  86%|████████▌ | 201/234 [00:59<00:09,  3.48it/s]
2014:  86%|████████▋ | 202/234 [01:00<00:08,  3.60it/s]
2014:  87%|████████▋ | 203/234 [01:00<00:08,  3.76it/s]
2014:  87%|████████▋ | 204/234 [01:00<00:07,  3.83it/s]
2014:  88%|████████▊ | 205/234 [01:00<00:07,  3.65it/s]
2014:  88%|████████▊ | 206/234 [01:01<00:08,  3.25it/s]
2014:  88%|████████▊ | 207/234 [01:01<00:07,  3.38it/s]
2014:  89%|████████▉ | 208/234 [01:01<00:07,  3.43it/s]
2014:  89%|████████▉ | 209/234 [01:01<00:06,  3.70it/s]
2014:  90%|████████▉ | 210/234 [01:02<00:06,  3.69it/s]
2014:  90%|█████████ | 211/234 [01:02<00:05,  3.97it/s]
2014:  91%|█████████ | 212/234 [01:02<00:05,  3.99it/s]
2014:  91%|█████████ | 213/234 [01:02<00:05,  4.14it/s]
2014:  91%|█████████▏| 214/234 [01:03<00:04,  4.08it/s]
2014:  92%|█████████▏| 215/234 [01:03<00:04,  4.00it/s]
2014:  92%|█████████▏| 216/234 [01:03<00:04,  4.20it/s]
2014:  93%|█████████▎| 217/234 [01:03<00:03,  4.27it/s]
2014:  93%|█████████▎| 218/234 [01:04<00:03,  4.25it/s]
2014:  94%|█████████▎| 219/234 [01:04<00:03,  4.25it/s]
2014:  94%|█████████▍| 220/234 [01:04<00:03,  4.26it/s]
2014:  94%|█████████▍| 221/234 [01:04<00:03,  4.18it/s]
2014:  95%|█████████▍| 222/234 [01:05<00:02,  4.29it/s]
2014:  95%|█████████▌| 223/234 [01:05<00:02,  4.46it/s]
2014:  96%|█████████▌| 224/234 [01:05<00:02,  4.52it/s]
2014:  96%|█████████▌| 225/234 [01:05<00:01,  4.59it/s]
2014:  97%|█████████▋| 226/234 [01:05<00:01,  4.60it/s]
2014:  97%|█████████▋| 227/234 [01:06<00:01,  4.69it/s]
2014:  97%|█████████▋| 228/234 [01:06<00:01,  4.71it/s]
2014:  98%|█████████▊| 229/234 [01:06<00:01,  4.76it/s]
2014:  98%|█████████▊| 230/234 [01:06<00:00,  4.74it/s]
2014:  99%|█████████▊| 231/234 [01:06<00:00,  4.59it/s]
2014:  99%|█████████▉| 232/234 [01:07<00:00,  4.61it/s]
2014: 100%|█████████▉| 233/234 [01:07<00:00,  4.59it/s]
2014: 100%|██████████| 234/234 [01:07<00:00,  4.39it/s]
2014: 100%|██████████| 234/234 [01:07<00:00,  3.46it/s]

📉 Fertig: 438 Duelle gefunden
⏭️ 232 Wettbewerbe ohne Tableau übersprungen

✅ 438 Matches gespeichert nach: outputs/2014/match_data_2014_raw.csv
✅ Success

▶️ 03_parse_athletes.py

Worker outputs/2014/athlete_info_worker_1.csv:   0%|          | 0/55 [00:00<?, ?it/s]
Worker outputs/2014/athlete_info_worker_0.csv:   0%|          | 0/55 [00:00<?, ?it/s]
Worker outputs/2014/athlete_info_worker_3.csv:   0%|          | 0/55 [00:00<?, ?it/s]
Worker outputs/2014/athlete_info_worker_2.csv:   0%|          | 0/55 [00:00<?, ?it/s]
Worker outputs/2014/athlete_info_worker_1.csv:   2%|▏         | 1/55 [00:01<01:15,  1.40s/it]
Worker outputs/2014/athlete_info_worker_0.csv:   2%|▏         | 1/55 [00:02<02:36,  2.89s/it]
Worker outputs/2014/athlete_info_worker_1.csv:   4%|▎         | 2/55 [00:03<01:31,  1.72s/it]
Worker outputs/2014/athlete_info_worker_2.csv:   2%|▏         | 1/55 [00:03<03:06,  3.45s/it]
Worker outputs/2014/athlete_info_worker_3.csv:   2%|▏         | 1/55 [00:03<03:06,  3.46s/it]
Worker outputs/2014/athlete_info_worker_0.csv:   4%|▎         | 2/55 [00:03<01:35,  1.80s/it]
Worker outputs/2014/athlete_info_worker_3.csv:   4%|▎         | 2/55 [00:04<01:41,  1.91s/it]
Worker outputs/2014/athlete_info_worker_1.csv:   5%|▌         | 3/55 [00:04<01:12,  1.39s/it]
Worker outputs/2014/athlete_info_worker_2.csv:   4%|▎         | 2/55 [00:04<01:43,  1.95s/it]
Worker outputs/2014/athlete_info_worker_0.csv:   5%|▌         | 3/55 [00:04<01:11,  1.38s/it]
Worker outputs/2014/athlete_info_worker_1.csv:   7%|▋         | 4/55 [00:05<00:59,  1.18s/it]
Worker outputs/2014/athlete_info_worker_3.csv:   5%|▌         | 3/55 [00:05<01:15,  1.45s/it]
Worker outputs/2014/athlete_info_worker_2.csv:   5%|▌         | 3/55 [00:05<01:15,  1.45s/it]
Worker outputs/2014/athlete_info_worker_0.csv:   7%|▋         | 4/55 [00:05<00:59,  1.16s/it]
Worker outputs/2014/athlete_info_worker_1.csv:   9%|▉         | 5/55 [00:06<00:52,  1.06s/it]
Worker outputs/2014/athlete_info_worker_3.csv:   7%|▋         | 4/55 [00:06<01:02,  1.22s/it]
Worker outputs/2014/athlete_info_worker_2.csv:   7%|▋         | 4/55 [00:06<01:02,  1.22s/it]
Worker outputs/2014/athlete_info_worker_0.csv:   9%|▉         | 5/55 [00:06<00:52,  1.06s/it]
Worker outputs/2014/athlete_info_worker_1.csv:  11%|█         | 6/55 [00:06<00:48,  1.02it/s]
Worker outputs/2014/athlete_info_worker_2.csv:   9%|▉         | 5/55 [00:06<00:54,  1.08s/it]
Worker outputs/2014/athlete_info_worker_3.csv:   9%|▉         | 5/55 [00:06<00:54,  1.09s/it]
Worker outputs/2014/athlete_info_worker_0.csv:  11%|█         | 6/55 [00:07<00:49,  1.00s/it]
Worker outputs/2014/athlete_info_worker_3.csv:  11%|█         | 6/55 [00:07<00:49,  1.00s/it]
Worker outputs/2014/athlete_info_worker_2.csv:  11%|█         | 6/55 [00:07<00:49,  1.02s/it]
Worker outputs/2014/athlete_info_worker_1.csv:  13%|█▎        | 7/55 [00:07<00:46,  1.03it/s]
Worker outputs/2014/athlete_info_worker_0.csv:  13%|█▎        | 7/55 [00:08<00:45,  1.05it/s]
Worker outputs/2014/athlete_info_worker_3.csv:  13%|█▎        | 7/55 [00:08<00:45,  1.06it/s]
Worker outputs/2014/athlete_info_worker_2.csv:  13%|█▎        | 7/55 [00:08<00:46,  1.04it/s]
Worker outputs/2014/athlete_info_worker_1.csv:  15%|█▍        | 8/55 [00:08<00:44,  1.06it/s]
Worker outputs/2014/athlete_info_worker_0.csv:  15%|█▍        | 8/55 [00:09<00:44,  1.04it/s]
Worker outputs/2014/athlete_info_worker_3.csv:  15%|█▍        | 8/55 [00:09<00:42,  1.10it/s]
Worker outputs/2014/athlete_info_worker_2.csv:  15%|█▍        | 8/55 [00:09<00:42,  1.11it/s]
Worker outputs/2014/athlete_info_worker_1.csv:  16%|█▋        | 9/55 [00:09<00:41,  1.10it/s]
Worker outputs/2014/athlete_info_worker_0.csv:  16%|█▋        | 9/55 [00:10<00:43,  1.06it/s]
Worker outputs/2014/athlete_info_worker_3.csv:  16%|█▋        | 9/55 [00:10<00:41,  1.10it/s]
Worker outputs/2014/athlete_info_worker_2.csv:  16%|█▋        | 9/55 [00:10<00:42,  1.09it/s]
Worker outputs/2014/athlete_info_worker_1.csv:  18%|█▊        | 10/55 [00:10<00:42,  1.07it/s]
Worker outputs/2014/athlete_info_worker_0.csv:  18%|█▊        | 10/55 [00:11<00:42,  1.07it/s]
Worker outputs/2014/athlete_info_worker_3.csv:  18%|█▊        | 10/55 [00:11<00:40,  1.12it/s]
Worker outputs/2014/athlete_info_worker_2.csv:  18%|█▊        | 10/55 [00:11<00:40,  1.12it/s]
Worker outputs/2014/athlete_info_worker_1.csv:  20%|██        | 11/55 [00:11<00:39,  1.11it/s]
Worker outputs/2014/athlete_info_worker_0.csv:  20%|██        | 11/55 [00:11<00:39,  1.11it/s]
Worker outputs/2014/athlete_info_worker_1.csv:  22%|██▏       | 12/55 [00:12<00:41,  1.04it/s]
Worker outputs/2014/athlete_info_worker_2.csv:  20%|██        | 11/55 [00:12<00:45,  1.04s/it]
Worker outputs/2014/athlete_info_worker_3.csv:  20%|██        | 11/55 [00:12<00:46,  1.06s/it]
Worker outputs/2014/athlete_info_worker_0.csv:  22%|██▏       | 12/55 [00:12<00:38,  1.12it/s]
Worker outputs/2014/athlete_info_worker_1.csv:  24%|██▎       | 13/55 [00:13<00:40,  1.05it/s]
Worker outputs/2014/athlete_info_worker_2.csv:  22%|██▏       | 12/55 [00:13<00:41,  1.03it/s]
Worker outputs/2014/athlete_info_worker_3.csv:  22%|██▏       | 12/55 [00:13<00:43,  1.01s/it]
Worker outputs/2014/athlete_info_worker_0.csv:  24%|██▎       | 13/55 [00:13<00:37,  1.12it/s]
Worker outputs/2014/athlete_info_worker_1.csv:  25%|██▌       | 14/55 [00:14<00:38,  1.07it/s]
Worker outputs/2014/athlete_info_worker_2.csv:  24%|██▎       | 13/55 [00:14<00:39,  1.06it/s]
Worker outputs/2014/athlete_info_worker_3.csv:  24%|██▎       | 13/55 [00:14<00:41,  1.02it/s]
Worker outputs/2014/athlete_info_worker_0.csv:  25%|██▌       | 14/55 [00:14<00:36,  1.12it/s]
Worker outputs/2014/athlete_info_worker_3.csv:  25%|██▌       | 14/55 [00:15<00:38,  1.08it/s]
Worker outputs/2014/athlete_info_worker_2.csv:  25%|██▌       | 14/55 [00:15<00:39,  1.03it/s]
Worker outputs/2014/athlete_info_worker_1.csv:  27%|██▋       | 15/55 [00:15<00:38,  1.03it/s]
Worker outputs/2014/athlete_info_worker_0.csv:  27%|██▋       | 15/55 [00:15<00:37,  1.08it/s]
Worker outputs/2014/athlete_info_worker_3.csv:  27%|██▋       | 15/55 [00:16<00:36,  1.09it/s]
Worker outputs/2014/athlete_info_worker_2.csv:  27%|██▋       | 15/55 [00:16<00:36,  1.09it/s]
Worker outputs/2014/athlete_info_worker_1.csv:  29%|██▉       | 16/55 [00:16<00:36,  1.07it/s]
Worker outputs/2014/athlete_info_worker_0.csv:  29%|██▉       | 16/55 [00:16<00:37,  1.05it/s]
Worker outputs/2014/athlete_info_worker_3.csv:  29%|██▉       | 16/55 [00:16<00:35,  1.11it/s]
Worker outputs/2014/athlete_info_worker_1.csv:  31%|███       | 17/55 [00:17<00:34,  1.10it/s]
Worker outputs/2014/athlete_info_worker_0.csv:  31%|███       | 17/55 [00:17<00:35,  1.08it/s]
Worker outputs/2014/athlete_info_worker_2.csv:  29%|██▉       | 16/55 [00:17<00:45,  1.18s/it]
Worker outputs/2014/athlete_info_worker_3.csv:  31%|███       | 17/55 [00:22<01:26,  2.27s/it]
Worker outputs/2014/athlete_info_worker_1.csv:  33%|███▎      | 18/55 [00:22<01:28,  2.40s/it]
Worker outputs/2014/athlete_info_worker_0.csv:  33%|███▎      | 18/55 [00:23<01:28,  2.39s/it]
Worker outputs/2014/athlete_info_worker_2.csv:  31%|███       | 17/55 [00:23<01:32,  2.43s/it]
Worker outputs/2014/athlete_info_worker_1.csv:  35%|███▍      | 19/55 [00:23<01:09,  1.92s/it]
Worker outputs/2014/athlete_info_worker_3.csv:  33%|███▎      | 18/55 [00:23<01:13,  1.98s/it]
Worker outputs/2014/athlete_info_worker_0.csv:  35%|███▍      | 19/55 [00:24<01:09,  1.92s/it]
Worker outputs/2014/athlete_info_worker_2.csv:  33%|███▎      | 18/55 [00:24<01:12,  1.96s/it]
Worker outputs/2014/athlete_info_worker_1.csv:  36%|███▋      | 20/55 [00:24<00:57,  1.65s/it]
Worker outputs/2014/athlete_info_worker_3.csv:  35%|███▍      | 19/55 [00:24<01:01,  1.70s/it]
Worker outputs/2014/athlete_info_worker_0.csv:  36%|███▋      | 20/55 [00:25<00:57,  1.63s/it]
Worker outputs/2014/athlete_info_worker_2.csv:  35%|███▍      | 19/55 [00:25<00:59,  1.66s/it]
Worker outputs/2014/athlete_info_worker_1.csv:  38%|███▊      | 21/55 [00:25<00:47,  1.40s/it]
Worker outputs/2014/athlete_info_worker_3.csv:  36%|███▋      | 20/55 [00:25<00:50,  1.43s/it]
Worker outputs/2014/athlete_info_worker_0.csv:  38%|███▊      | 21/55 [00:25<00:47,  1.40s/it]
Worker outputs/2014/athlete_info_worker_2.csv:  36%|███▋      | 20/55 [00:25<00:49,  1.41s/it]
Worker outputs/2014/athlete_info_worker_1.csv:  40%|████      | 22/55 [00:26<00:41,  1.24s/it]
Worker outputs/2014/athlete_info_worker_3.csv:  38%|███▊      | 21/55 [00:26<00:43,  1.27s/it]
Worker outputs/2014/athlete_info_worker_0.csv:  40%|████      | 22/55 [00:26<00:41,  1.24s/it]
Worker outputs/2014/athlete_info_worker_2.csv:  38%|███▊      | 21/55 [00:26<00:42,  1.26s/it]
Worker outputs/2014/athlete_info_worker_1.csv:  42%|████▏     | 23/55 [00:27<00:35,  1.12s/it]
Worker outputs/2014/athlete_info_worker_3.csv:  40%|████      | 22/55 [00:27<00:38,  1.16s/it]
Worker outputs/2014/athlete_info_worker_0.csv:  42%|████▏     | 23/55 [00:27<00:35,  1.12s/it]
Worker outputs/2014/athlete_info_worker_2.csv:  40%|████      | 22/55 [00:27<00:37,  1.13s/it]
Worker outputs/2014/athlete_info_worker_1.csv:  44%|████▎     | 24/55 [00:28<00:32,  1.06s/it]
Worker outputs/2014/athlete_info_worker_3.csv:  42%|████▏     | 23/55 [00:28<00:33,  1.06s/it]
Worker outputs/2014/athlete_info_worker_0.csv:  44%|████▎     | 24/55 [00:28<00:32,  1.04s/it]
Worker outputs/2014/athlete_info_worker_2.csv:  42%|████▏     | 23/55 [00:28<00:34,  1.09s/it]
Worker outputs/2014/athlete_info_worker_1.csv:  45%|████▌     | 25/55 [00:29<00:29,  1.01it/s]
Worker outputs/2014/athlete_info_worker_3.csv:  44%|████▎     | 24/55 [00:29<00:30,  1.01it/s]
Worker outputs/2014/athlete_info_worker_0.csv:  45%|████▌     | 25/55 [00:29<00:29,  1.03it/s]
Worker outputs/2014/athlete_info_worker_2.csv:  44%|████▎     | 24/55 [00:29<00:31,  1.01s/it]
Worker outputs/2014/athlete_info_worker_1.csv:  47%|████▋     | 26/55 [00:29<00:27,  1.06it/s]
Worker outputs/2014/athlete_info_worker_3.csv:  45%|████▌     | 25/55 [00:29<00:28,  1.04it/s]
Worker outputs/2014/athlete_info_worker_0.csv:  47%|████▋     | 26/55 [00:30<00:26,  1.09it/s]
Worker outputs/2014/athlete_info_worker_2.csv:  45%|████▌     | 25/55 [00:30<00:28,  1.05it/s]
Worker outputs/2014/athlete_info_worker_1.csv:  49%|████▉     | 27/55 [00:30<00:25,  1.09it/s]
Worker outputs/2014/athlete_info_worker_3.csv:  47%|████▋     | 26/55 [00:30<00:26,  1.09it/s]
Worker outputs/2014/athlete_info_worker_0.csv:  49%|████▉     | 27/55 [00:30<00:25,  1.11it/s]
Worker outputs/2014/athlete_info_worker_2.csv:  47%|████▋     | 26/55 [00:31<00:26,  1.09it/s]
Worker outputs/2014/athlete_info_worker_3.csv:  49%|████▉     | 27/55 [00:31<00:25,  1.12it/s]
Worker outputs/2014/athlete_info_worker_1.csv:  51%|█████     | 28/55 [00:31<00:24,  1.09it/s]
Worker outputs/2014/athlete_info_worker_0.csv:  51%|█████     | 28/55 [00:31<00:23,  1.15it/s]
Worker outputs/2014/athlete_info_worker_2.csv:  49%|████▉     | 27/55 [00:31<00:24,  1.13it/s]
Worker outputs/2014/athlete_info_worker_3.csv:  51%|█████     | 28/55 [00:32<00:23,  1.16it/s]
Worker outputs/2014/athlete_info_worker_1.csv:  53%|█████▎    | 29/55 [00:32<00:23,  1.13it/s]
Worker outputs/2014/athlete_info_worker_0.csv:  53%|█████▎    | 29/55 [00:32<00:23,  1.11it/s]
Worker outputs/2014/athlete_info_worker_2.csv:  51%|█████     | 28/55 [00:32<00:23,  1.17it/s]
Worker outputs/2014/athlete_info_worker_1.csv:  55%|█████▍    | 30/55 [00:33<00:21,  1.17it/s]
Worker outputs/2014/athlete_info_worker_3.csv:  53%|█████▎    | 29/55 [00:33<00:22,  1.16it/s]
Worker outputs/2014/athlete_info_worker_0.csv:  55%|█████▍    | 30/55 [00:33<00:21,  1.14it/s]
Worker outputs/2014/athlete_info_worker_2.csv:  53%|█████▎    | 29/55 [00:33<00:21,  1.19it/s]
Worker outputs/2014/athlete_info_worker_3.csv:  55%|█████▍    | 30/55 [00:34<00:21,  1.18it/s]
Worker outputs/2014/athlete_info_worker_1.csv:  56%|█████▋    | 31/55 [00:34<00:20,  1.15it/s]
Worker outputs/2014/athlete_info_worker_0.csv:  56%|█████▋    | 31/55 [00:34<00:20,  1.15it/s]
Worker outputs/2014/athlete_info_worker_2.csv:  55%|█████▍    | 30/55 [00:34<00:21,  1.17it/s]
Worker outputs/2014/athlete_info_worker_3.csv:  56%|█████▋    | 31/55 [00:34<00:20,  1.17it/s]
Worker outputs/2014/athlete_info_worker_1.csv:  58%|█████▊    | 32/55 [00:35<00:20,  1.14it/s]
Worker outputs/2014/athlete_info_worker_0.csv:  58%|█████▊    | 32/55 [00:35<00:19,  1.17it/s]
Worker outputs/2014/athlete_info_worker_2.csv:  56%|█████▋    | 31/55 [00:35<00:21,  1.12it/s]
Worker outputs/2014/athlete_info_worker_3.csv:  58%|█████▊    | 32/55 [00:35<00:19,  1.18it/s]
Worker outputs/2014/athlete_info_worker_1.csv:  60%|██████    | 33/55 [00:36<00:20,  1.08it/s]
Worker outputs/2014/athlete_info_worker_2.csv:  58%|█████▊    | 32/55 [00:36<00:19,  1.17it/s]
Worker outputs/2014/athlete_info_worker_0.csv:  60%|██████    | 33/55 [00:36<00:20,  1.07it/s]
Worker outputs/2014/athlete_info_worker_1.csv:  62%|██████▏   | 34/55 [00:37<00:21,  1.02s/it]
Worker outputs/2014/athlete_info_worker_2.csv:  60%|██████    | 33/55 [00:37<00:20,  1.06it/s]
Worker outputs/2014/athlete_info_worker_0.csv:  62%|██████▏   | 34/55 [00:37<00:21,  1.01s/it]
Worker outputs/2014/athlete_info_worker_3.csv:  60%|██████    | 33/55 [00:37<00:26,  1.23s/it]
Worker outputs/2014/athlete_info_worker_2.csv:  62%|██████▏   | 34/55 [00:38<00:19,  1.10it/s]
Worker outputs/2014/athlete_info_worker_1.csv:  64%|██████▎   | 35/55 [00:38<00:19,  1.02it/s]
Worker outputs/2014/athlete_info_worker_0.csv:  64%|██████▎   | 35/55 [00:38<00:18,  1.06it/s]
Worker outputs/2014/athlete_info_worker_3.csv:  62%|██████▏   | 34/55 [00:38<00:23,  1.14s/it]
Worker outputs/2014/athlete_info_worker_2.csv:  64%|██████▎   | 35/55 [00:39<00:17,  1.11it/s]
Worker outputs/2014/athlete_info_worker_1.csv:  65%|██████▌   | 36/55 [00:39<00:18,  1.04it/s]
Worker outputs/2014/athlete_info_worker_0.csv:  65%|██████▌   | 36/55 [00:39<00:18,  1.02it/s]
Worker outputs/2014/athlete_info_worker_3.csv:  64%|██████▎   | 35/55 [00:39<00:20,  1.04s/it]
Worker outputs/2014/athlete_info_worker_2.csv:  65%|██████▌   | 36/55 [00:39<00:16,  1.14it/s]
Worker outputs/2014/athlete_info_worker_1.csv:  67%|██████▋   | 37/55 [00:39<00:16,  1.10it/s]
Worker outputs/2014/athlete_info_worker_0.csv:  67%|██████▋   | 37/55 [00:40<00:16,  1.08it/s]
Worker outputs/2014/athlete_info_worker_3.csv:  65%|██████▌   | 36/55 [00:40<00:18,  1.01it/s]
Worker outputs/2014/athlete_info_worker_2.csv:  67%|██████▋   | 37/55 [00:40<00:15,  1.17it/s]
Worker outputs/2014/athlete_info_worker_1.csv:  69%|██████▉   | 38/55 [00:40<00:15,  1.12it/s]
Worker outputs/2014/athlete_info_worker_0.csv:  69%|██████▉   | 38/55 [00:40<00:15,  1.11it/s]
Worker outputs/2014/athlete_info_worker_3.csv:  67%|██████▋   | 37/55 [00:41<00:17,  1.04it/s]
Worker outputs/2014/athlete_info_worker_2.csv:  69%|██████▉   | 38/55 [00:41<00:14,  1.18it/s]
Worker outputs/2014/athlete_info_worker_1.csv:  71%|███████   | 39/55 [00:41<00:13,  1.15it/s]
Worker outputs/2014/athlete_info_worker_0.csv:  71%|███████   | 39/55 [00:41<00:13,  1.15it/s]
Worker outputs/2014/athlete_info_worker_3.csv:  69%|██████▉   | 38/55 [00:42<00:15,  1.07it/s]
Worker outputs/2014/athlete_info_worker_2.csv:  71%|███████   | 39/55 [00:42<00:13,  1.18it/s]
Worker outputs/2014/athlete_info_worker_1.csv:  73%|███████▎  | 40/55 [00:42<00:13,  1.12it/s]
Worker outputs/2014/athlete_info_worker_0.csv:  73%|███████▎  | 40/55 [00:42<00:14,  1.06it/s]
Worker outputs/2014/athlete_info_worker_3.csv:  71%|███████   | 39/55 [00:43<00:14,  1.09it/s]
Worker outputs/2014/athlete_info_worker_2.csv:  73%|███████▎  | 40/55 [00:43<00:12,  1.19it/s]
Worker outputs/2014/athlete_info_worker_1.csv:  75%|███████▍  | 41/55 [00:43<00:12,  1.15it/s]
Worker outputs/2014/athlete_info_worker_0.csv:  75%|███████▍  | 41/55 [00:43<00:12,  1.10it/s]
Worker outputs/2014/athlete_info_worker_1.csv:  76%|███████▋  | 42/55 [00:43<00:09,  1.32it/s]
Worker outputs/2014/athlete_info_worker_3.csv:  73%|███████▎  | 40/55 [00:43<00:13,  1.12it/s]
Worker outputs/2014/athlete_info_worker_2.csv:  75%|███████▍  | 41/55 [00:43<00:11,  1.19it/s]
Worker outputs/2014/athlete_info_worker_0.csv:  76%|███████▋  | 42/55 [00:44<00:11,  1.09it/s]
Worker outputs/2014/athlete_info_worker_1.csv:  78%|███████▊  | 43/55 [00:44<00:09,  1.24it/s]
Worker outputs/2014/athlete_info_worker_3.csv:  75%|███████▍  | 41/55 [00:44<00:12,  1.15it/s]
Worker outputs/2014/athlete_info_worker_2.csv:  76%|███████▋  | 42/55 [00:44<00:10,  1.19it/s]
Worker outputs/2014/athlete_info_worker_0.csv:  78%|███████▊  | 43/55 [00:45<00:10,  1.10it/s]
Worker outputs/2014/athlete_info_worker_3.csv:  76%|███████▋  | 42/55 [00:45<00:11,  1.18it/s]
Worker outputs/2014/athlete_info_worker_1.csv:  80%|████████  | 44/55 [00:45<00:09,  1.21it/s]
Worker outputs/2014/athlete_info_worker_2.csv:  78%|███████▊  | 43/55 [00:45<00:10,  1.18it/s]
Worker outputs/2014/athlete_info_worker_0.csv:  80%|████████  | 44/55 [00:46<00:09,  1.11it/s]
Worker outputs/2014/athlete_info_worker_3.csv:  78%|███████▊  | 43/55 [00:46<00:10,  1.19it/s]
Worker outputs/2014/athlete_info_worker_1.csv:  82%|████████▏ | 45/55 [00:46<00:08,  1.19it/s]
Worker outputs/2014/athlete_info_worker_2.csv:  80%|████████  | 44/55 [00:46<00:09,  1.12it/s]
Worker outputs/2014/athlete_info_worker_0.csv:  82%|████████▏ | 45/55 [00:47<00:08,  1.14it/s]
Worker outputs/2014/athlete_info_worker_1.csv:  84%|████████▎ | 46/55 [00:47<00:07,  1.17it/s]
Worker outputs/2014/athlete_info_worker_3.csv:  80%|████████  | 44/55 [00:47<00:09,  1.13it/s]
Worker outputs/2014/athlete_info_worker_2.csv:  82%|████████▏ | 45/55 [00:47<00:08,  1.14it/s]
Worker outputs/2014/athlete_info_worker_0.csv:  84%|████████▎ | 46/55 [00:48<00:08,  1.12it/s]
Worker outputs/2014/athlete_info_worker_1.csv:  85%|████████▌ | 47/55 [00:48<00:06,  1.20it/s]
Worker outputs/2014/athlete_info_worker_3.csv:  82%|████████▏ | 45/55 [00:48<00:08,  1.14it/s]
Worker outputs/2014/athlete_info_worker_2.csv:  84%|████████▎ | 46/55 [00:48<00:07,  1.16it/s]
Worker outputs/2014/athlete_info_worker_1.csv:  87%|████████▋ | 48/55 [00:48<00:05,  1.21it/s]
Worker outputs/2014/athlete_info_worker_0.csv:  85%|████████▌ | 47/55 [00:48<00:07,  1.14it/s]
Worker outputs/2014/athlete_info_worker_3.csv:  84%|████████▎ | 46/55 [00:49<00:08,  1.10it/s]
Worker outputs/2014/athlete_info_worker_2.csv:  85%|████████▌ | 47/55 [00:49<00:06,  1.15it/s]
Worker outputs/2014/athlete_info_worker_0.csv:  87%|████████▋ | 48/55 [00:49<00:05,  1.32it/s]
Worker outputs/2014/athlete_info_worker_1.csv:  89%|████████▉ | 49/55 [00:49<00:04,  1.22it/s]
Worker outputs/2014/athlete_info_worker_3.csv:  85%|████████▌ | 47/55 [00:50<00:07,  1.13it/s]
Worker outputs/2014/athlete_info_worker_2.csv:  87%|████████▋ | 48/55 [00:50<00:05,  1.17it/s]
Worker outputs/2014/athlete_info_worker_0.csv:  89%|████████▉ | 49/55 [00:50<00:04,  1.29it/s]
Worker outputs/2014/athlete_info_worker_1.csv:  91%|█████████ | 50/55 [00:50<00:04,  1.20it/s]
Worker outputs/2014/athlete_info_worker_3.csv:  87%|████████▋ | 48/55 [00:50<00:06,  1.12it/s]
Worker outputs/2014/athlete_info_worker_0.csv:  91%|█████████ | 50/55 [00:51<00:03,  1.26it/s]
Worker outputs/2014/athlete_info_worker_1.csv:  93%|█████████▎| 51/55 [00:51<00:03,  1.22it/s]
Worker outputs/2014/athlete_info_worker_2.csv:  89%|████████▉ | 49/55 [00:51<00:06,  1.11s/it]
Worker outputs/2014/athlete_info_worker_0.csv:  93%|█████████▎| 51/55 [00:51<00:03,  1.26it/s]
Worker outputs/2014/athlete_info_worker_1.csv:  95%|█████████▍| 52/55 [00:52<00:02,  1.20it/s]
Worker outputs/2014/athlete_info_worker_3.csv:  89%|████████▉ | 49/55 [00:52<00:06,  1.02s/it]
Worker outputs/2014/athlete_info_worker_2.csv:  91%|█████████ | 50/55 [00:52<00:05,  1.04s/it]
Worker outputs/2014/athlete_info_worker_0.csv:  95%|█████████▍| 52/55 [00:52<00:02,  1.19it/s]
Worker outputs/2014/athlete_info_worker_1.csv:  96%|█████████▋| 53/55 [00:53<00:01,  1.21it/s]
Worker outputs/2014/athlete_info_worker_3.csv:  91%|█████████ | 50/55 [00:53<00:05,  1.00s/it]
Worker outputs/2014/athlete_info_worker_2.csv:  93%|█████████▎| 51/55 [00:53<00:04,  1.01s/it]
Worker outputs/2014/athlete_info_worker_0.csv:  96%|█████████▋| 53/55 [00:53<00:01,  1.13it/s]
Worker outputs/2014/athlete_info_worker_1.csv:  98%|█████████▊| 54/55 [00:53<00:00,  1.18it/s]
Worker outputs/2014/athlete_info_worker_3.csv:  93%|█████████▎| 51/55 [00:54<00:03,  1.00it/s]
Worker outputs/2014/athlete_info_worker_2.csv:  95%|█████████▍| 52/55 [00:54<00:02,  1.04it/s]
Worker outputs/2014/athlete_info_worker_0.csv:  98%|█████████▊| 54/55 [00:54<00:00,  1.16it/s]
Worker outputs/2014/athlete_info_worker_1.csv: 100%|██████████| 55/55 [00:54<00:00,  1.20it/s]
Worker outputs/2014/athlete_info_worker_1.csv: 100%|██████████| 55/55 [00:54<00:00,  1.00it/s]

Worker outputs/2014/athlete_info_worker_3.csv:  95%|█████████▍| 52/55 [00:55<00:02,  1.05it/s]
Worker outputs/2014/athlete_info_worker_2.csv:  96%|█████████▋| 53/55 [00:55<00:01,  1.10it/s]
Worker outputs/2014/athlete_info_worker_0.csv: 100%|██████████| 55/55 [00:55<00:00,  1.18it/s]
Worker outputs/2014/athlete_info_worker_0.csv: 100%|██████████| 55/55 [00:55<00:00,  1.01s/it]

Worker outputs/2014/athlete_info_worker_3.csv:  96%|█████████▋| 53/55 [00:55<00:01,  1.09it/s]
Worker outputs/2014/athlete_info_worker_2.csv:  98%|█████████▊| 54/55 [00:56<00:00,  1.13it/s]
Worker outputs/2014/athlete_info_worker_3.csv:  98%|█████████▊| 54/55 [00:56<00:00,  1.11it/s]
Worker outputs/2014/athlete_info_worker_2.csv: 100%|██████████| 55/55 [00:56<00:00,  1.16it/s]
Worker outputs/2014/athlete_info_worker_2.csv: 100%|██████████| 55/55 [00:56<00:00,  1.03s/it]

Worker outputs/2014/athlete_info_worker_3.csv: 100%|██████████| 55/55 [00:57<00:00,  1.11it/s]
Worker outputs/2014/athlete_info_worker_3.csv: 100%|██████████| 55/55 [00:57<00:00,  1.05s/it]

✅ Alle Ergebnisse gespeichert in: outputs/2014/athlete_info_2014_scraped.csv
✅ Success

▶️ 04_enrich_matches.py

🔁 Nachscrape fehlender Daten:   0%|          | 0/33 [00:00<?, ?it/s]
🔁 Nachscrape fehlender Daten:   3%|▎         | 1/33 [00:01<00:43,  1.37s/it]
🔁 Nachscrape fehlender Daten:   6%|▌         | 2/33 [00:02<00:35,  1.15s/it]
🔁 Nachscrape fehlender Daten:   9%|▉         | 3/33 [00:02<00:26,  1.11it/s]
🔁 Nachscrape fehlender Daten:  12%|█▏        | 4/33 [00:03<00:26,  1.10it/s]
🔁 Nachscrape fehlender Daten:  15%|█▌        | 5/33 [00:04<00:22,  1.27it/s]
🔁 Nachscrape fehlender Daten:  18%|█▊        | 6/33 [00:05<00:22,  1.17it/s]
🔁 Nachscrape fehlender Daten:  21%|██        | 7/33 [00:06<00:23,  1.12it/s]
🔁 Nachscrape fehlender Daten:  24%|██▍       | 8/33 [00:07<00:22,  1.10it/s]
🔁 Nachscrape fehlender Daten:  27%|██▋       | 9/33 [00:08<00:22,  1.08it/s]
🔁 Nachscrape fehlender Daten:  30%|███       | 10/33 [00:09<00:21,  1.07it/s]
🔁 Nachscrape fehlender Daten:  33%|███▎      | 11/33 [00:10<00:20,  1.06it/s]
🔁 Nachscrape fehlender Daten:  36%|███▋      | 12/33 [00:11<00:19,  1.06it/s]
🔁 Nachscrape fehlender Daten:  39%|███▉      | 13/33 [00:12<00:19,  1.04it/s]
🔁 Nachscrape fehlender Daten:  42%|████▏     | 14/33 [00:13<00:18,  1.03it/s]
🔁 Nachscrape fehlender Daten:  45%|████▌     | 15/33 [00:14<00:17,  1.03it/s]
🔁 Nachscrape fehlender Daten:  48%|████▊     | 16/33 [00:15<00:16,  1.03it/s]
🔁 Nachscrape fehlender Daten:  52%|█████▏    | 17/33 [00:16<00:15,  1.03it/s]
🔁 Nachscrape fehlender Daten:  55%|█████▍    | 18/33 [00:17<00:14,  1.05it/s]
🔁 Nachscrape fehlender Daten:  58%|█████▊    | 19/33 [00:17<00:13,  1.03it/s]
🔁 Nachscrape fehlender Daten:  61%|██████    | 20/33 [00:18<00:12,  1.04it/s]
🔁 Nachscrape fehlender Daten:  64%|██████▎   | 21/33 [00:19<00:11,  1.04it/s]
🔁 Nachscrape fehlender Daten:  67%|██████▋   | 22/33 [00:20<00:10,  1.01it/s]
🔁 Nachscrape fehlender Daten:  70%|██████▉   | 23/33 [00:21<00:09,  1.01it/s]
🔁 Nachscrape fehlender Daten:  73%|███████▎  | 24/33 [00:22<00:08,  1.02it/s]
🔁 Nachscrape fehlender Daten:  76%|███████▌  | 25/33 [00:23<00:07,  1.03it/s]
🔁 Nachscrape fehlender Daten:  79%|███████▉  | 26/33 [00:30<00:18,  2.63s/it]
🔁 Nachscrape fehlender Daten:  82%|████████▏ | 27/33 [00:31<00:12,  2.15s/it]
🔁 Nachscrape fehlender Daten:  85%|████████▍ | 28/33 [00:32<00:09,  1.81s/it]
🔁 Nachscrape fehlender Daten:  88%|████████▊ | 29/33 [00:33<00:06,  1.53s/it]
🔁 Nachscrape fehlender Daten:  91%|█████████ | 30/33 [00:34<00:04,  1.37s/it]
🔁 Nachscrape fehlender Daten:  94%|█████████▍| 31/33 [00:35<00:02,  1.28s/it]
🔁 Nachscrape fehlender Daten:  97%|█████████▋| 32/33 [00:36<00:01,  1.16s/it]
🔁 Nachscrape fehlender Daten: 100%|██████████| 33/33 [00:37<00:00,  1.10s/it]
🔁 Nachscrape fehlender Daten: 100%|██████████| 33/33 [00:37<00:00,  1.13s/it]
✅ Matchdaten (inkl. Live-Reparatur) gespeichert für 2014: outputs/2014/fencing_match_analysis_2014_master.csv
✅ Success

▶️ 05_enrich_and_format.py
✅ Fertige Datei gespeichert unter: outputs/2014/fencing_enriched_2014.csv
✅ Success


=== Pipeline fertig für 2014 @ 2025-04-13T18:40:20.545778 ===
